<?xml version="1.0" encoding="UTF-8"?>
<testsuite xmlns:xsi="http://www.w3.org/2001/XMLSchema-instance" xsi:noNamespaceSchemaLocation="https://maven.apache.org/surefire/maven-surefire-plugin/xsd/surefire-test-report-3.0.xsd" version="3.0" name="Tools Tab" time="880.339" tests="19" errors="1" skipped="0" failures="0">
  <properties>
[...]
</properties>
  <testcase name="TC14 Trendyol Kar Hesaplama" classname="Tools Tab" time="86.327">
    <system-out><![CDATA[330 ₺
165 ₺
74.15 ₺
90.85 ₺
27.53 %
KESİNTİ
Komisyon Ücreti
69.3 ₺
Hizmet Bedeli Ücreti
3.59 ₺
Ödenecek KDV
1.26 ₺
Satış Fiyatı KDV
30 ₺
Ürün Maliyeti KDV
9.09 ₺
Paketleme KDV
1.67 ₺
Kargo KDV
3.33 ₺
Reklam KDV
2.5 ₺
Komisyon KDV
11.55 ₺
Hizmet Bedeli KDV
0.6 ₺
]]></system-out>
    <system-err><![CDATA[Ağu 29, 2023 10:39:23 ÖÖ org.openqa.selenium.devtools.CdpVersionFinder findNearestMatch
WARNING: Unable to find an exact match for CDP version 116, so returning the closest version found: 115
]]></system-err>
  </testcase>
  <testcase name="TC15" classname="Tools Tab" time="43.046">
    <system-out><![CDATA[500 ₺
KESİNTİ
Komisyon Ücreti
105 ₺
Hizmet Bedeli Ücreti
3.59 ₺
Ödenecek KDV
58.17 ₺
Satış Fiyatı KDV
76.27 ₺
Ürün Maliyeti KDV
0 ₺
Paketleme KDV
0 ₺
Kargo KDV
0 ₺
Reklam KDV
0 ₺
Komisyon KDV
17.5 ₺
Hizmet Bedeli KDV
0.6 ₺
]]></system-out>
    <system-err><![CDATA[Ağu 29, 2023 10:40:50 ÖÖ org.openqa.selenium.devtools.CdpVersionFinder findNearestMatch
WARNING: Unable to find an exact match for CDP version 116, so returning the closest version found: 115
]]></system-err>
  </testcase>
  <testcase name="TC16" classname="Tools Tab" time="40.982">
    <system-out><![CDATA[500.00
0.00
78.75
421.25
84.25
ETSY KESİNTİSİ
₺ 5.25
₺ 32.5
₺ 0
₺ 0
₺ 35.5
₺ 5.5
₺ 0
₺ 0
₺ 0
₺ 0
]]></system-out>
    <system-err><![CDATA[Ağu 29, 2023 10:41:33 ÖÖ org.openqa.selenium.devtools.CdpVersionFinder findNearestMatch
WARNING: Unable to find an exact match for CDP version 116, so returning the closest version found: 115
]]></system-err>
  </testcase>
  <testcase name="TC17" classname="Tools Tab" time="81.007">
    <system-out><![CDATA[Gelir (₺)
700.00
Maliyet (₺)
250.00
Etsy Kesinti (₺)
255.43
Kar (₺)
194.57
Kar Marjı (%)
27.80
]]></system-out>
    <system-err><![CDATA[Ağu 29, 2023 10:42:14 ÖÖ org.openqa.selenium.devtools.CdpVersionFinder findNearestMatch
WARNING: Unable to find an exact match for CDP version 116, so returning the closest version found: 115
]]></system-err>
  </testcase>
  <testcase name="TC18" classname="Tools Tab" time="9.644">
    <error message="no such element: Unable to locate element: {&quot;method&quot;:&quot;xpath&quot;,&quot;selector&quot;:&quot;//nav[@class=&apos;flex-1 space-y-1 px-2 py-4&apos;]//p[contains(.,&apos;Etsy&apos;)]&quot;}&#10;  (Session info: chrome=116.0.5845.111)&#10;For documentation on this error, please visit: https://www.selenium.dev/documentation/webdriver/troubleshooting/errors#no-such-element-exception&#10;Build info: version: &apos;4.11.0&apos;, revision: &apos;040bc5406b&apos;&#10;System info: os.name: &apos;Windows 11&apos;, os.arch: &apos;amd64&apos;, os.version: &apos;10.0&apos;, java.version: &apos;11.0.15&apos;&#10;Driver info: org.openqa.selenium.chrome.ChromeDriver&#10;Command: [1b5c34d67fafe368d716ba5885938b94, findElement {using=xpath, value=//nav[@class=&apos;flex-1 space-y-1 px-2 py-4&apos;]//p[contains(.,&apos;Etsy&apos;)]}]&#10;Capabilities {acceptInsecureCerts: false, browserName: chrome, browserVersion: 116.0.5845.111, chrome: {chromedriverVersion: 116.0.5845.96 (1a3918166880..., userDataDir: C:\Users\ERTURU~1\AppData\L...}, fedcm:accounts: true, goog:chromeOptions: {debuggerAddress: localhost:60639}, networkConnectionEnabled: false, pageLoadStrategy: normal, platformName: windows, proxy: Proxy(), se:cdp: ws://localhost:60639/devtoo..., se:cdpVersion: 116.0.5845.111, setWindowRect: true, strictFileInteractability: false, timeouts: {implicit: 0, pageLoad: 300000, script: 30000}, unhandledPromptBehavior: dismiss and notify, webauthn:extension:credBlob: true, webauthn:extension:largeBlob: true, webauthn:extension:minPinLength: true, webauthn:extension:prf: true, webauthn:virtualAuthenticators: true}&#10;Session ID: 1b5c34d67fafe368d716ba5885938b94" type="org.openqa.selenium.NoSuchElementException"><![CDATA[org.openqa.selenium.NoSuchElementException: 
no such element: Unable to locate element: {"method":"xpath","selector":"//nav[@class='flex-1 space-y-1 px-2 py-4']//p[contains(.,'Etsy')]"}
  (Session info: chrome=116.0.5845.111)
For documentation on this error, please visit: https://www.selenium.dev/documentation/webdriver/troubleshooting/errors#no-such-element-exception
Build info: version: '4.11.0', revision: '040bc5406b'
System info: os.name: 'Windows 11', os.arch: 'amd64', os.version: '10.0', java.version: '11.0.15'
Driver info: org.openqa.selenium.chrome.ChromeDriver
Command: [1b5c34d67fafe368d716ba5885938b94, findElement {using=xpath, value=//nav[@class='flex-1 space-y-1 px-2 py-4']//p[contains(.,'Etsy')]}]
Capabilities {acceptInsecureCerts: false, browserName: chrome, browserVersion: 116.0.5845.111, chrome: {chromedriverVersion: 116.0.5845.96 (1a3918166880..., userDataDir: C:\Users\ERTURU~1\AppData\L...}, fedcm:accounts: true, goog:chromeOptions: {debuggerAddress: localhost:60639}, networkConnectionEnabled: false, pageLoadStrategy: normal, platformName: windows, proxy: Proxy(), se:cdp: ws://localhost:60639/devtoo..., se:cdpVersion: 116.0.5845.111, setWindowRect: true, strictFileInteractability: false, timeouts: {implicit: 0, pageLoad: 300000, script: 30000}, unhandledPromptBehavior: dismiss and notify, webauthn:extension:credBlob: true, webauthn:extension:largeBlob: true, webauthn:extension:minPinLength: true, webauthn:extension:prf: true, webauthn:virtualAuthenticators: true}
Session ID: 1b5c34d67fafe368d716ba5885938b94
]]></error>
    <system-err><![CDATA[Ağu 29, 2023 10:43:35 ÖÖ org.openqa.selenium.devtools.CdpVersionFinder findNearestMatch
WARNING: Unable to find an exact match for CDP version 116, so returning the closest version found: 115
]]></system-err>
  </testcase>
  <testcase name="TC19" classname="Tools Tab" time="40.495">
    <system-out><![CDATA[COOKİES =Satın Al
]]></system-out>
    <system-err><![CDATA[Ağu 29, 2023 10:43:44 ÖÖ org.openqa.selenium.devtools.CdpVersionFinder findNearestMatch
WARNING: Unable to find an exact match for CDP version 116, so returning the closest version found: 115
]]></system-err>
  </testcase>
  <testcase name="TC20" classname="Tools Tab" time="66.18">
    <system-err><![CDATA[Ağu 29, 2023 10:44:25 ÖÖ org.openqa.selenium.devtools.CdpVersionFinder findNearestMatch
WARNING: Unable to find an exact match for CDP version 116, so returning the closest version found: 115
]]></system-err>
  </testcase>
  <testcase name="TC21" classname="Tools Tab" time="66.096">
    <system-err><![CDATA[Ağu 29, 2023 10:45:31 ÖÖ org.openqa.selenium.devtools.CdpVersionFinder findNearestMatch
WARNING: Unable to find an exact match for CDP version 116, so returning the closest version found: 115
]]></system-err>
  </testcase>
  <testcase name="TC22" classname="Tools Tab" time="54.811">
    <system-err><![CDATA[Ağu 29, 2023 10:46:37 ÖÖ org.openqa.selenium.devtools.CdpVersionFinder findNearestMatch
WARNING: Unable to find an exact match for CDP version 116, so returning the closest version found: 115
]]></system-err>
  </testcase>
  <testcase name="TC23" classname="Tools Tab" time="40.764">
    <system-err><![CDATA[Ağu 29, 2023 10:47:32 ÖÖ org.openqa.selenium.devtools.CdpVersionFinder findNearestMatch
WARNING: Unable to find an exact match for CDP version 116, so returning the closest version found: 115
]]></system-err>
  </testcase>
  <testcase name="TC24" classname="Tools Tab" time="52.81">
    <system-out><![CDATA[1
CaitlynMinimalist
US 8 yıl 8 ay 27 gün Jewelry Fiziksel 2,372,466 736 487,297 4.90 1,216 369,925
2
PlannerKate1
US 9 yıl 1 ay Paper & Party Supplies Fiziksel 1,956,451 590 256,650 5.00 2,752 66,427
3
Beadboat1
US 9 yıl 11 ay 8 gün Craft Supplies & Tools Fiziksel 1,836,172 557 222,121 4.90 8,119 78,997
4
Heollaaae Tıasdoanskdo 1 Ay 4 Gün Jewelry Fiziksel 167253178 12313 4434343 333444 756 1899
5
Heollaaae Tıasdoanskdo 1 Ay 4 Gün Jewelry Fiziksel 167253178 12313 4434343 333444 756 1899
6
Heollaaae Tıasdoanskdo 1 Ay 4 Gün Jewelry Fiziksel 167253178 12313 4434343 333444 756 1899
12
Heollaaae Tıasdoanskdo 1 Ay 4 Gün Jewelry Fiziksel 167253178 12313 4434343 333444 756 1899
]]></system-out>
    <system-err><![CDATA[Ağu 29, 2023 10:48:13 ÖÖ org.openqa.selenium.devtools.CdpVersionFinder findNearestMatch
WARNING: Unable to find an exact match for CDP version 116, so returning the closest version found: 115
]]></system-err>
  </testcase>
  <testcase name="TC25" classname="Tools Tab" time="37.73">
    <system-err><![CDATA[Ağu 29, 2023 10:49:06 ÖÖ org.openqa.selenium.devtools.CdpVersionFinder findNearestMatch
WARNING: Unable to find an exact match for CDP version 116, so returning the closest version found: 115
]]></system-err>
  </testcase>
  <testcase name="TC26" classname="Tools Tab" time="30.391">
    <system-out><![CDATA[ETSY POPÜLER SATICILAR
1
TaraSparkes
AU 10 ay 22 gün Paper & Party Supplies Dijital 95,661 269 9,321 4.90 3,227 5,590
2
ToyStoryPatternsAU
AU 7 ay 15 gün Craft Supplies & Tools Dijital 76,673 298 9,432 4.90 85 7,076
3
LemonTeesUS
US 10 ay 11 gün Clothing Fiziksel 68,227 198 15,190 4.90 1,208 2,809
4
Heollaaae Tıasdoanskdo 1 Ay 4 Gün Jewelry Fiziksel 167253178 12313 2323 4434343 333444 756
5
Heollaaae Tıasdoanskdo 1 Ay 4 Gün Jewelry Fiziksel 167253178 12313 2323 4434343 333444 756
]]></system-out>
    <system-err><![CDATA[Ağu 29, 2023 10:49:43 ÖÖ org.openqa.selenium.devtools.CdpVersionFinder findNearestMatch
WARNING: Unable to find an exact match for CDP version 116, so returning the closest version found: 115
]]></system-err>
  </testcase>
  <testcase name="TC27" classname="Tools Tab" time="47.581">
    <system-err><![CDATA[Ağu 29, 2023 10:50:14 ÖÖ org.openqa.selenium.devtools.CdpVersionFinder findNearestMatch
WARNING: Unable to find an exact match for CDP version 116, so returning the closest version found: 115
]]></system-err>
  </testcase>
  <testcase name="TC28" classname="Tools Tab" time="46.436">
    <system-err><![CDATA[Ağu 29, 2023 10:51:01 ÖÖ org.openqa.selenium.devtools.CdpVersionFinder findNearestMatch
WARNING: Unable to find an exact match for CDP version 116, so returning the closest version found: 115
]]></system-err>
  </testcase>
  <testcase name="TC29" classname="Tools Tab" time="30.195">
    <system-out><![CDATA[ETSY ÇOK SATAN ÜRÜNLER
1
Personalized 6oz Bridesmaid Champagne Flute Tumbler, Custom
BeWellGroup
US 3 yıl 4 ay 25 gün 1 yıl 6 ay 5 gün Weddings Fiziksel $6.66 66,443 $ 442,510 99,665 99 66 17,676 550 bachelorette party,bridesmaid proposal,bridesmaid tumbler,champagne tumbler,insulated tumbler,
bridesmaid gifts, bridesmaid flask,champagne flutes,engraved tumbler,custom tumbler,
gifts for her, couple gifts,
2
Healing Crystal Pendant. Silver Crystal Pendant. Gemstone Pe
Sunvsmoon
AU 8 yıl 7 ay 28 gün 6 yıl 4 ay 3 gün Jewelry Fiziksel $2.56 23,741 $ 94,964 25,324 16 15 584,025 23,335 Healing Crystal,Crystal pendant,Stone pendant,Gemstone pendant,Amethyst pendant,
Opalite pendant, Gemstone jewellery,Healing stones,Healing jewelry,Rose Quartz pendant,
Black Onyx pendant, Crystal point,Silver pendant,
3
Personalized Fathers Day Gift From Daughter Custom Dad Mug F
YouNiqueDesignsStore
US 7 yıl 2 ay 7 gün 3 yıl 2 ay 30 gün Home & Living Fiziksel $19.99 18,974 $ 379,290 61,320 1,018 315 93,694 7,748 Fathers Day Gift,Gift From Daughter,Gift From Son,Gift From Kids,Gift From Baby,
Gift from Baby Girl, First Father's Day,Dad Mug,Fathers Day Gag Gift,Gift from Wife,
Funny Dad Coffee Cup, Christmas Gift,
4
Heollaaae Tıasdoanskdo Jewelry Fiziksel 167253178 12313 2323 4434343 333444 333444 333444 333444 333444 333444 756 Bridesmaid,Hangers,Personalized,Hanger,Wedding,
Bridesmaid, Hangers,Personalized,Hanger,Wedding,
Bridesmaid, Hangers,Personalized,Hanger,Wedding,
5
Heollaaae Tıasdoanskdo Jewelry Fiziksel 167253178 12313 2323 4434343 333444 333444 333444 333444 333444 333444 756 Bridesmaid,Hangers,Personalized,Hanger,Wedding,
Bridesmaid, Hangers,Personalized,Hanger,Wedding,
Bridesmaid, Hangers,Personalized,Hanger,Wedding,
]]></system-out>
    <system-err><![CDATA[Ağu 29, 2023 10:51:48 ÖÖ org.openqa.selenium.devtools.CdpVersionFinder findNearestMatch
WARNING: Unable to find an exact match for CDP version 116, so returning the closest version found: 115
]]></system-err>
  </testcase>
  <testcase name="TC30" classname="Tools Tab" time="36.042">
    <system-err><![CDATA[Ağu 29, 2023 10:52:18 ÖÖ org.openqa.selenium.devtools.CdpVersionFinder findNearestMatch
WARNING: Unable to find an exact match for CDP version 116, so returning the closest version found: 115
]]></system-err>
  </testcase>
  <testcase name="TC31" classname="Tools Tab" time="30.202">
    <system-out><![CDATA[ETSY POPÜLER ÜRÜNLER
1
Valet Tray for Dad, Father&#39;s Day Gift, Catch All Tray, C
PersonalizedCottage
US 11 yıl 7 ay 13 gün 6 ay 13 gün 272 Home & Living Fiziksel $17.99 18,747 $ 337,259 42,119 683 304 63,662 1,945 Valet tray,Fathers day gift,Gift for dad,Dad gift from son,gift from daughter,
catch all tray, leather tray,home decor,EDC Tray,Personalized gifts,
office tray, gifts for him,husband gift,
2
Personalized Bridesmaid Slippers | Bride Slippers | Spa Slip
BeWellGroup
US 3 yıl 4 ay 25 gün 7 ay 24 gün 403 Weddings Fiziksel $2.78 14,095 $ 39,184 92,624 92 14 20,833 545 bridal slippers,party favors,bride slippers,slippers women,bridal party gifts,
spa slippers, party slippers,bridesmaid slippers,
3
Dog Tag Dog Collar Tag Personalized Cat Tag Custom Cat Colla
Colorwin
US 8 yıl 1 ay 22 gün 8 ay 19 gün 264 Pet Supplies Fiziksel $4.99 10,510 $ 52,445 67,946 5114 791 585,354 18,063 pet tag,dog tag,cat tag,pet id tag,Personalized Pet Tag,
Cat Collar Tag, Cat ID Tag,Dog Name Tag,dog collar,engraved tag,
dog id tag, Personalized Dog Tag,cat name tag,
4
Heollaaae Tıasdoanskdo 1 Ay 4 Gün Jewelry Fiziksel 167253178 12313 2323 4434343 4434343 4434343 4434343 4434343 4434343 333444 756 Bridesmaid,Hangers,Personalized,Hanger,Wedding,
Bridesmaid, Hangers,Personalized,Hanger,Wedding,
Bridesmaid, Hangers,Personalized,Hanger,Wedding,
5
Heollaaae Tıasdoanskdo 1 Ay 4 Gün Jewelry Fiziksel 167253178 12313 2323 4434343 4434343 4434343 4434343 4434343 4434343 333444 756 Bridesmaid,Hangers,Personalized,Hanger,Wedding,
Bridesmaid, Hangers,Personalized,Hanger,Wedding,
Bridesmaid, Hangers,Personalized,Hanger,Wedding,
]]></system-out>
    <system-err><![CDATA[Ağu 29, 2023 10:52:54 ÖÖ org.openqa.selenium.devtools.CdpVersionFinder findNearestMatch
WARNING: Unable to find an exact match for CDP version 116, so returning the closest version found: 115
]]></system-err>
  </testcase>
  <testcase name="TC32" classname="Tools Tab" time="39.6">
    <system-err><![CDATA[Ağu 29, 2023 10:53:24 ÖÖ org.openqa.selenium.devtools.CdpVersionFinder findNearestMatch
WARNING: Unable to find an exact match for CDP version 116, so returning the closest version found: 115
]]></system-err>
  </testcase>
</testsuite>