<?xml version="1.0" encoding="UTF-8"?>
<testsuite xmlns:xsi="http://www.w3.org/2001/XMLSchema-instance" xsi:noNamespaceSchemaLocation="https://maven.apache.org/surefire/maven-surefire-plugin/xsd/surefire-test-report-3.0.xsd" version="3.0" name="Ekitaplar Page" time="69.518" tests="5" errors="3" skipped="0" failures="0">
  <properties>
[...]
</properties>
  <testcase name="TC48" classname="Ekitaplar Page" time="10.612">
    <error message="no such element: Unable to locate element: {&quot;method&quot;:&quot;xpath&quot;,&quot;selector&quot;:&quot;//a[.=&apos;E-Kitaplar&apos;]&quot;}&#10;  (Session info: chrome=113.0.5672.93)&#10;For documentation on this error, please visit: https://selenium.dev/exceptions/#no_such_element&#10;Build info: version: &apos;4.8.3&apos;, revision: &apos;e5e76298c3&apos;&#10;System info: os.name: &apos;Windows 11&apos;, os.arch: &apos;amd64&apos;, os.version: &apos;10.0&apos;, java.version: &apos;11.0.15&apos;&#10;Driver info: org.openqa.selenium.chrome.ChromeDriver&#10;Command: [8cdd3f0d1cd8fa3a3e889e6ea09558b0, findElement {using=xpath, value=//a[.=&apos;E-Kitaplar&apos;]}]&#10;Capabilities {acceptInsecureCerts: false, browserName: chrome, browserVersion: 113.0.5672.93, chrome: {chromedriverVersion: 113.0.5672.63 (0e1a4471d5ae..., userDataDir: C:\Users\ERTURU~1\AppData\L...}, goog:chromeOptions: {debuggerAddress: localhost:51807}, networkConnectionEnabled: false, pageLoadStrategy: normal, platformName: WINDOWS, proxy: Proxy(), se:cdp: ws://localhost:51807/devtoo..., se:cdpVersion: 113.0.5672.93, setWindowRect: true, strictFileInteractability: false, timeouts: {implicit: 0, pageLoad: 300000, script: 30000}, unhandledPromptBehavior: dismiss and notify, webauthn:extension:credBlob: true, webauthn:extension:largeBlob: true, webauthn:extension:minPinLength: true, webauthn:extension:prf: true, webauthn:virtualAuthenticators: true}&#10;Session ID: 8cdd3f0d1cd8fa3a3e889e6ea09558b0" type="org.openqa.selenium.NoSuchElementException"><![CDATA[org.openqa.selenium.NoSuchElementException: 
no such element: Unable to locate element: {"method":"xpath","selector":"//a[.='E-Kitaplar']"}
  (Session info: chrome=113.0.5672.93)
For documentation on this error, please visit: https://selenium.dev/exceptions/#no_such_element
Build info: version: '4.8.3', revision: 'e5e76298c3'
System info: os.name: 'Windows 11', os.arch: 'amd64', os.version: '10.0', java.version: '11.0.15'
Driver info: org.openqa.selenium.chrome.ChromeDriver
Command: [8cdd3f0d1cd8fa3a3e889e6ea09558b0, findElement {using=xpath, value=//a[.='E-Kitaplar']}]
Capabilities {acceptInsecureCerts: false, browserName: chrome, browserVersion: 113.0.5672.93, chrome: {chromedriverVersion: 113.0.5672.63 (0e1a4471d5ae..., userDataDir: C:\Users\ERTURU~1\AppData\L...}, goog:chromeOptions: {debuggerAddress: localhost:51807}, networkConnectionEnabled: false, pageLoadStrategy: normal, platformName: WINDOWS, proxy: Proxy(), se:cdp: ws://localhost:51807/devtoo..., se:cdpVersion: 113.0.5672.93, setWindowRect: true, strictFileInteractability: false, timeouts: {implicit: 0, pageLoad: 300000, script: 30000}, unhandledPromptBehavior: dismiss and notify, webauthn:extension:credBlob: true, webauthn:extension:largeBlob: true, webauthn:extension:minPinLength: true, webauthn:extension:prf: true, webauthn:virtualAuthenticators: true}
Session ID: 8cdd3f0d1cd8fa3a3e889e6ea09558b0
]]></error>
    <system-err><![CDATA[Starting ChromeDriver 113.0.5672.63 (0e1a4471d5ae5bf128b1bd8f4d627c8cbd55f70c-refs/branch-heads/5672@{#912}) on port 19222
Only local connections are allowed.
Please see https://chromedriver.chromium.org/security-considerations for suggestions on keeping ChromeDriver safe.
ChromeDriver was started successfully.
Tem 12, 2023 3:13:22 ÖS org.openqa.selenium.devtools.CdpVersionFinder findNearestMatch
WARNING: Unable to find an exact match for CDP version 113, so returning the closest version found: 111
]]></system-err>
  </testcase>
  <testcase name="TC49" classname="Ekitaplar Page" time="9.667">
    <error message="no such element: Unable to locate element: {&quot;method&quot;:&quot;xpath&quot;,&quot;selector&quot;:&quot;//a[.=&apos;E-Kitaplar&apos;]&quot;}&#10;  (Session info: chrome=113.0.5672.93)&#10;For documentation on this error, please visit: https://selenium.dev/exceptions/#no_such_element&#10;Build info: version: &apos;4.8.3&apos;, revision: &apos;e5e76298c3&apos;&#10;System info: os.name: &apos;Windows 11&apos;, os.arch: &apos;amd64&apos;, os.version: &apos;10.0&apos;, java.version: &apos;11.0.15&apos;&#10;Driver info: org.openqa.selenium.chrome.ChromeDriver&#10;Command: [6487734c25d0619b1be653e814cd81b1, findElement {using=xpath, value=//a[.=&apos;E-Kitaplar&apos;]}]&#10;Capabilities {acceptInsecureCerts: false, browserName: chrome, browserVersion: 113.0.5672.93, chrome: {chromedriverVersion: 113.0.5672.63 (0e1a4471d5ae..., userDataDir: C:\Users\ERTURU~1\AppData\L...}, goog:chromeOptions: {debuggerAddress: localhost:51854}, networkConnectionEnabled: false, pageLoadStrategy: normal, platformName: WINDOWS, proxy: Proxy(), se:cdp: ws://localhost:51854/devtoo..., se:cdpVersion: 113.0.5672.93, setWindowRect: true, strictFileInteractability: false, timeouts: {implicit: 0, pageLoad: 300000, script: 30000}, unhandledPromptBehavior: dismiss and notify, webauthn:extension:credBlob: true, webauthn:extension:largeBlob: true, webauthn:extension:minPinLength: true, webauthn:extension:prf: true, webauthn:virtualAuthenticators: true}&#10;Session ID: 6487734c25d0619b1be653e814cd81b1" type="org.openqa.selenium.NoSuchElementException"><![CDATA[org.openqa.selenium.NoSuchElementException: 
no such element: Unable to locate element: {"method":"xpath","selector":"//a[.='E-Kitaplar']"}
  (Session info: chrome=113.0.5672.93)
For documentation on this error, please visit: https://selenium.dev/exceptions/#no_such_element
Build info: version: '4.8.3', revision: 'e5e76298c3'
System info: os.name: 'Windows 11', os.arch: 'amd64', os.version: '10.0', java.version: '11.0.15'
Driver info: org.openqa.selenium.chrome.ChromeDriver
Command: [6487734c25d0619b1be653e814cd81b1, findElement {using=xpath, value=//a[.='E-Kitaplar']}]
Capabilities {acceptInsecureCerts: false, browserName: chrome, browserVersion: 113.0.5672.93, chrome: {chromedriverVersion: 113.0.5672.63 (0e1a4471d5ae..., userDataDir: C:\Users\ERTURU~1\AppData\L...}, goog:chromeOptions: {debuggerAddress: localhost:51854}, networkConnectionEnabled: false, pageLoadStrategy: normal, platformName: WINDOWS, proxy: Proxy(), se:cdp: ws://localhost:51854/devtoo..., se:cdpVersion: 113.0.5672.93, setWindowRect: true, strictFileInteractability: false, timeouts: {implicit: 0, pageLoad: 300000, script: 30000}, unhandledPromptBehavior: dismiss and notify, webauthn:extension:credBlob: true, webauthn:extension:largeBlob: true, webauthn:extension:minPinLength: true, webauthn:extension:prf: true, webauthn:virtualAuthenticators: true}
Session ID: 6487734c25d0619b1be653e814cd81b1
]]></error>
    <system-err><![CDATA[Starting ChromeDriver 113.0.5672.63 (0e1a4471d5ae5bf128b1bd8f4d627c8cbd55f70c-refs/branch-heads/5672@{#912}) on port 3348
Only local connections are allowed.
Please see https://chromedriver.chromium.org/security-considerations for suggestions on keeping ChromeDriver safe.
ChromeDriver was started successfully.
Tem 12, 2023 3:13:33 ÖS org.openqa.selenium.devtools.CdpVersionFinder findNearestMatch
WARNING: Unable to find an exact match for CDP version 113, so returning the closest version found: 111
]]></system-err>
  </testcase>
  <testcase name="TC50" classname="Ekitaplar Page" time="10.89">
    <error message="no such element: Unable to locate element: {&quot;method&quot;:&quot;xpath&quot;,&quot;selector&quot;:&quot;//a[.=&apos;E-Kitaplar&apos;]&quot;}&#10;  (Session info: chrome=113.0.5672.93)&#10;For documentation on this error, please visit: https://selenium.dev/exceptions/#no_such_element&#10;Build info: version: &apos;4.8.3&apos;, revision: &apos;e5e76298c3&apos;&#10;System info: os.name: &apos;Windows 11&apos;, os.arch: &apos;amd64&apos;, os.version: &apos;10.0&apos;, java.version: &apos;11.0.15&apos;&#10;Driver info: org.openqa.selenium.chrome.ChromeDriver&#10;Command: [6006614a56935a0abfd5749787b124a5, findElement {using=xpath, value=//a[.=&apos;E-Kitaplar&apos;]}]&#10;Capabilities {acceptInsecureCerts: false, browserName: chrome, browserVersion: 113.0.5672.93, chrome: {chromedriverVersion: 113.0.5672.63 (0e1a4471d5ae..., userDataDir: C:\Users\ERTURU~1\AppData\L...}, goog:chromeOptions: {debuggerAddress: localhost:51901}, networkConnectionEnabled: false, pageLoadStrategy: normal, platformName: WINDOWS, proxy: Proxy(), se:cdp: ws://localhost:51901/devtoo..., se:cdpVersion: 113.0.5672.93, setWindowRect: true, strictFileInteractability: false, timeouts: {implicit: 0, pageLoad: 300000, script: 30000}, unhandledPromptBehavior: dismiss and notify, webauthn:extension:credBlob: true, webauthn:extension:largeBlob: true, webauthn:extension:minPinLength: true, webauthn:extension:prf: true, webauthn:virtualAuthenticators: true}&#10;Session ID: 6006614a56935a0abfd5749787b124a5" type="org.openqa.selenium.NoSuchElementException"><![CDATA[org.openqa.selenium.NoSuchElementException: 
no such element: Unable to locate element: {"method":"xpath","selector":"//a[.='E-Kitaplar']"}
  (Session info: chrome=113.0.5672.93)
For documentation on this error, please visit: https://selenium.dev/exceptions/#no_such_element
Build info: version: '4.8.3', revision: 'e5e76298c3'
System info: os.name: 'Windows 11', os.arch: 'amd64', os.version: '10.0', java.version: '11.0.15'
Driver info: org.openqa.selenium.chrome.ChromeDriver
Command: [6006614a56935a0abfd5749787b124a5, findElement {using=xpath, value=//a[.='E-Kitaplar']}]
Capabilities {acceptInsecureCerts: false, browserName: chrome, browserVersion: 113.0.5672.93, chrome: {chromedriverVersion: 113.0.5672.63 (0e1a4471d5ae..., userDataDir: C:\Users\ERTURU~1\AppData\L...}, goog:chromeOptions: {debuggerAddress: localhost:51901}, networkConnectionEnabled: false, pageLoadStrategy: normal, platformName: WINDOWS, proxy: Proxy(), se:cdp: ws://localhost:51901/devtoo..., se:cdpVersion: 113.0.5672.93, setWindowRect: true, strictFileInteractability: false, timeouts: {implicit: 0, pageLoad: 300000, script: 30000}, unhandledPromptBehavior: dismiss and notify, webauthn:extension:credBlob: true, webauthn:extension:largeBlob: true, webauthn:extension:minPinLength: true, webauthn:extension:prf: true, webauthn:virtualAuthenticators: true}
Session ID: 6006614a56935a0abfd5749787b124a5
]]></error>
    <system-err><![CDATA[Starting ChromeDriver 113.0.5672.63 (0e1a4471d5ae5bf128b1bd8f4d627c8cbd55f70c-refs/branch-heads/5672@{#912}) on port 17807
Only local connections are allowed.
Please see https://chromedriver.chromium.org/security-considerations for suggestions on keeping ChromeDriver safe.
ChromeDriver was started successfully.
Tem 12, 2023 3:13:43 ÖS org.openqa.selenium.devtools.CdpVersionFinder findNearestMatch
WARNING: Unable to find an exact match for CDP version 113, so returning the closest version found: 111
]]></system-err>
  </testcase>
  <testcase name="TC51" classname="Ekitaplar Page" time="15.025">
    <system-out><![CDATA[Dosya indirilmedi.
]]></system-out>
    <system-err><![CDATA[Starting ChromeDriver 113.0.5672.63 (0e1a4471d5ae5bf128b1bd8f4d627c8cbd55f70c-refs/branch-heads/5672@{#912}) on port 1439
Only local connections are allowed.
Please see https://chromedriver.chromium.org/security-considerations for suggestions on keeping ChromeDriver safe.
ChromeDriver was started successfully.
Tem 12, 2023 3:13:53 ÖS org.openqa.selenium.devtools.CdpVersionFinder findNearestMatch
WARNING: Unable to find an exact match for CDP version 113, so returning the closest version found: 111
]]></system-err>
  </testcase>
  <testcase name="TC52" classname="Ekitaplar Page" time="23.324">
    <system-out><![CDATA[Dosya içeriği: ETSY
KURALLARI
M E H M E T  T E K
E-TİCARET - START UP - GİRİŞİMCİLİK
Etsy Kuralları - Mehmet Tek2
Herhangi bir e-ticaret platformunda satışa başla-
madan önce o platformun kurallarını öğrenmeniz gerekir. 
Eğer bu kuralları okumadan, öğrenmeden satışa başlarsa-
nız birçok sıkıntı yaşayabilirsiniz. ETSY’de bu platformlardan 
bir tanesidir ve benzersiz bir pazar yeridir (Alıcılar, başka 
hiçbir yerde bulamayacakları ürünleri satın almak için bu-
raya gelirler). Bu kapsamda ETSY kuralları oldukça önem-
lidir. Bu kurallara dikkat edilmez ise hesap açılımında bile 
sorun yaşanabilir ve daha satışa başlamadan mağazanız 
kapanabilir.  Satışa başladınız ve her şey yolunda gidiyor 
bile olsa yine de kurallara uymadığınız bir durum olur ise 
mağazanız kapanabilir ya da ceza alabilirsiniz. 
Mehmet Tek - Etsy Kuralları 3
Etsy
Kuralları
Etsy’de ne satılır? Handmade, digital, vintage and craft 
supplies. 
Vintage ürünler en az 20 yaşında olmalıdır.
Craft Supplies (El Sanatları Malzemeleri), birincil amacı 
bir eşyanın veya ürünün üretilmesinde kullanılan araçlar 
ve malzemelerdir.
Bir üretim ortağıyla çalışıyorsanız, o üretim ortağını il-
gili listelerinizde açıklamanız gerekir. Mağazanızda-
ki bir ürünün yapımında yer alan her kişiyi hakkında 
bölümünde doğru bir şekilde tanımlamalısınız. 
Handmade (El yapımı), satıcı olarak sizin tarafınızdan 
yapılan ve/veya tasarlanan ürünlerdir. 
Kendi fotoğraflarınızı veya video içeriğinizi kullanma-
lısınız.
Stok fotoğrafları veya diğer satıcılar, siteler tarafından 
kullanılan fotoğrafları kullanmamalısınız.
Anlaşmazlıkları doğrudan alıcıyla çözün. Bir çözüme ul-
aşamamanız gibi pek olası olmayan bir durumda Etsy 
yardımcı olabilir.
Bir siparişi tamamlayamıyorsanız, alıcıyı bilgilendirmeli 
ve siparişi iptal etmelisiniz.
Satıcı olarak sizin yapmadığınız veya tasarlamadığınız 
bir ürünü alıp satmaya “reselling” denir ve vintage ile 
craft supplies (El sanatları salzemeleri) dışında kalan 
diğer kategorilerde bunu yapmak yasaktır.
Etsy Kuralları - Mehmet Tek4
Mesajlar, Aşağıdaki Faaliyetler 
İçin Kullanılamaz
İstenmeyen reklam veya promosyonlar, bağış talepleri 
veya spam göndermek.
Sizden açıkça yapmamanızı istedikten sonra biriyle ile-
tişime geçmek. 
Bir işleme veya başka bir üyenin işine müdahale etmek. 
Telefon numarası, adres, e-posta, sosyal medya adres-
leri, harici URL’ler, para transferi talimatları vb. dahil ol-
mak üzere Etsy’deki ödeme sürecinden kaçınmak ama-
cıyla kişisel iletişim, finansal veya diğer bilgileri vermek. 
Başka bir üyeyi taciz etmek veya Ayrımcılıkla Mücadele 
Politikasını ihlal etmek.
https://www.etsy.com/legal/policy/anti-discrimina-
tion-and-hate-speech/123551108902#:~:text=Whet-
her%20you’re%20engaging%20with,hate%20speech%20
are%20not%20allowed
Mehmet Tek - Etsy Kuralları 5
Yasak Olan 
Bazı Hareketler
Başka bir üyeyi belirli bir mağazadan uzaklaştırmak için 
Etsy Mesajları aracılığıyla iletişime geçmek.
Tıklama sahtekarlığı” olarak da bilinen, üyenin reklam 
bütçesini boşaltmak için bir rakibin Tanıtılan Listeleme 
reklamlarına kötü niyetli bir şekilde tıklamak.
Başka bir mağazanın olumsuz yorumlarını kötü niyetli 
olarak desteklemek için bağımsız bir alıcı hesabı oluş-
turmak veya kullanmak. Başkalarının fikri mülkiyetine 
saygı gösterin. Birinin fikri mülkiyet haklarınızı ihlal ettiğini 
düşünüyorsanız, bunu Etsy’ye bildirebilirsiniz.
Fiyatlandırmayı diğer satıcılarla koordine etmeyin.
Bir anlaşmazlığı göstermek veya tartışmak için kamuya 
açık alanlarda yayınlamak
Etsy Kuralları - Mehmet Tek6
Hesap Kapanma ve 
Suspend Nedenleri
Dropshipping yapmak
Kategori hataları (Vintage & Handmade)
Müşterilere spam mesaj atmak
Kötü hizmet vermeniz (Paketleme, Kargo, Ürün hataları 
vb.)
Müşterilere rüşvet teklif etmek 
Telif hakkı ihlalleri
Rakiplerinizin reklamlarını bitirmek
Rakiplerle anlaşıp fiyatları ayarlamak.
Etsy faturalarını ödememek
Birden çok hesap açabilirsiniz, ancak birisi kapanırsa 
hepsi kapanıyor.
Mağaza üyeleri ve üretim ortaklarını belirtmemek
Her şey hesap sahibi adına olmalı, örneğin banka hesa-
bı başkası adına olunca kapanıyor.
Başka kişilerin ödeme bilgilerini kullanmak (Üye olarak 
ekleyin)
Farklı mağazalarınız olabilir, ama aynı ürünleri satamaz-
sınız
Mehmet Tek - Etsy Kuralları 7
Hesabınız
Kapanırsa
İçerde kalan paranızı 180 gün sonra alabiliyorsunuz
Yeni mağaza açacaksanız farklı bilgisayar ya da telefon 
kullanın
Önemli bir kural ihlali yapmadığınızı düşünüyorsanız, 
Etsy support bölümüne ya da integrity@etsy.com mail 
adresine aşağıdaki şekilde bir mail atarsanız, ortalama 
3-5 gün içinde hesabınız tekrar açılabilir.
Aynı resimleri kullarak yeni mağaza açmayın
M E H M E T  T E K
E - T İ C A R E T  E Ğ İ T M E N İ
Instagram Youtube Ücretsiz Amazon Eğitimi Whatsapp
E T S Y
KURALLARI

]]></system-out>
    <system-err><![CDATA[Starting ChromeDriver 113.0.5672.63 (0e1a4471d5ae5bf128b1bd8f4d627c8cbd55f70c-refs/branch-heads/5672@{#912}) on port 47874
Only local connections are allowed.
Please see https://chromedriver.chromium.org/security-considerations for suggestions on keeping ChromeDriver safe.
ChromeDriver was started successfully.
Tem 12, 2023 3:14:08 ÖS org.openqa.selenium.devtools.CdpVersionFinder findNearestMatch
WARNING: Unable to find an exact match for CDP version 113, so returning the closest version found: 111
]]></system-err>
  </testcase>
</testsuite>