<?xml version="1.0" encoding="UTF-8"?>
<testsuite xmlns:xsi="http://www.w3.org/2001/XMLSchema-instance" xsi:noNamespaceSchemaLocation="https://maven.apache.org/surefire/maven-surefire-plugin/xsd/surefire-test-report-3.0.xsd" version="3.0" name="Tools Tab" time="856.114" tests="19" errors="2" skipped="0" failures="0">
  <properties>
[...]
</properties>
  <testcase name="TC14 Trendyol Kar Hesaplama" classname="Tools Tab" time="95.181">
    <system-out><![CDATA[330 ₺
165 ₺
71.89 ₺
93.11 ₺
28.21 %
KESİNTİ
Komisyon Ücreti
69.3 ₺
Hizmet Bedeli Ücreti
3.53 ₺
Ödenecek KDV
-0.94 ₺
Satış Fiyatı KDV
24.44 ₺
Ürün Maliyeti KDV
7.41 ₺
Paketleme KDV
1.53 ₺
Kargo KDV
3.05 ₺
Reklam KDV
2.29 ₺
Komisyon KDV
10.57 ₺
Hizmet Bedeli KDV
0.54 ₺
]]></system-out>
    <system-err><![CDATA[Starting ChromeDriver 113.0.5672.63 (0e1a4471d5ae5bf128b1bd8f4d627c8cbd55f70c-refs/branch-heads/5672@{#912}) on port 46514
Only local connections are allowed.
Please see https://chromedriver.chromium.org/security-considerations for suggestions on keeping ChromeDriver safe.
ChromeDriver was started successfully.
Haz 14, 2023 1:54:58 ÖS org.openqa.selenium.devtools.CdpVersionFinder findNearestMatch
WARNING: Unable to find an exact match for CDP version 113, so returning the closest version found: 111
]]></system-err>
  </testcase>
  <testcase name="TC15" classname="Tools Tab" time="48.754">
    <system-out><![CDATA[500 ₺
0 ₺
168.24 ₺
331.76 ₺
66.35 %
KESİNTİ
Komisyon Ücreti
105 ₺
Hizmet Bedeli Ücreti
3.53 ₺
Ödenecek KDV
59.72 ₺
Satış Fiyatı KDV
76.27 ₺
Ürün Maliyeti KDV
0 ₺
Paketleme KDV
0 ₺
Kargo KDV
0 ₺
Reklam KDV
0 ₺
Komisyon KDV
16.02 ₺
Hizmet Bedeli KDV
0.54 ₺
]]></system-out>
    <system-err><![CDATA[Starting ChromeDriver 113.0.5672.63 (0e1a4471d5ae5bf128b1bd8f4d627c8cbd55f70c-refs/branch-heads/5672@{#912}) on port 48487
Only local connections are allowed.
Please see https://chromedriver.chromium.org/security-considerations for suggestions on keeping ChromeDriver safe.
ChromeDriver was started successfully.
Haz 14, 2023 1:56:33 ÖS org.openqa.selenium.devtools.CdpVersionFinder findNearestMatch
WARNING: Unable to find an exact match for CDP version 113, so returning the closest version found: 111
]]></system-err>
  </testcase>
  <testcase name="TC16" classname="Tools Tab" time="41.282">
    <system-out><![CDATA[500.00
0.00
78.23
421.77
84.35
ETSY KESİNTİSİ
₺ 4.73
₺ 32.5
₺ 0
₺ 0
₺ 35.5
₺ 5.5
₺ 0
₺ 0
₺ 0
₺ 0
]]></system-out>
    <system-err><![CDATA[Starting ChromeDriver 113.0.5672.63 (0e1a4471d5ae5bf128b1bd8f4d627c8cbd55f70c-refs/branch-heads/5672@{#912}) on port 38322
Only local connections are allowed.
Please see https://chromedriver.chromium.org/security-considerations for suggestions on keeping ChromeDriver safe.
ChromeDriver was started successfully.
Haz 14, 2023 1:57:22 ÖS org.openqa.selenium.devtools.CdpVersionFinder findNearestMatch
WARNING: Unable to find an exact match for CDP version 113, so returning the closest version found: 111
]]></system-err>
  </testcase>
  <testcase name="TC17" classname="Tools Tab" time="80.928">
    <system-out><![CDATA[Gelir (₺)
700.00
Maliyet (₺)
250.00
Etsy Kesinti (₺)
251.67
Kar (₺)
198.33
Kar Marjı (%)
28.33
]]></system-out>
    <system-err><![CDATA[Starting ChromeDriver 113.0.5672.63 (0e1a4471d5ae5bf128b1bd8f4d627c8cbd55f70c-refs/branch-heads/5672@{#912}) on port 28259
Only local connections are allowed.
Please see https://chromedriver.chromium.org/security-considerations for suggestions on keeping ChromeDriver safe.
ChromeDriver was started successfully.
Haz 14, 2023 1:58:03 ÖS org.openqa.selenium.devtools.CdpVersionFinder findNearestMatch
WARNING: Unable to find an exact match for CDP version 113, so returning the closest version found: 111
]]></system-err>
  </testcase>
  <testcase name="TC18" classname="Tools Tab" time="17.103">
    <system-out><![CDATA[ETSY ÇOK SATAN SATICILAR
]]></system-out>
    <system-err><![CDATA[Starting ChromeDriver 113.0.5672.63 (0e1a4471d5ae5bf128b1bd8f4d627c8cbd55f70c-refs/branch-heads/5672@{#912}) on port 16111
Only local connections are allowed.
Please see https://chromedriver.chromium.org/security-considerations for suggestions on keeping ChromeDriver safe.
ChromeDriver was started successfully.
Haz 14, 2023 1:59:24 ÖS org.openqa.selenium.devtools.CdpVersionFinder findNearestMatch
WARNING: Unable to find an exact match for CDP version 113, so returning the closest version found: 111
]]></system-err>
  </testcase>
  <testcase name="TC19" classname="Tools Tab" time="39.041">
    <system-out><![CDATA[COOKİES =Satın Al
]]></system-out>
    <system-err><![CDATA[Starting ChromeDriver 113.0.5672.63 (0e1a4471d5ae5bf128b1bd8f4d627c8cbd55f70c-refs/branch-heads/5672@{#912}) on port 27265
Only local connections are allowed.
Please see https://chromedriver.chromium.org/security-considerations for suggestions on keeping ChromeDriver safe.
ChromeDriver was started successfully.
Haz 14, 2023 1:59:41 ÖS org.openqa.selenium.devtools.CdpVersionFinder findNearestMatch
WARNING: Unable to find an exact match for CDP version 113, so returning the closest version found: 111
]]></system-err>
  </testcase>
  <testcase name="TC20" classname="Tools Tab" time="63.177">
    <system-err><![CDATA[Starting ChromeDriver 113.0.5672.63 (0e1a4471d5ae5bf128b1bd8f4d627c8cbd55f70c-refs/branch-heads/5672@{#912}) on port 2831
Only local connections are allowed.
Please see https://chromedriver.chromium.org/security-considerations for suggestions on keeping ChromeDriver safe.
ChromeDriver was started successfully.
Haz 14, 2023 2:00:20 ÖS org.openqa.selenium.devtools.CdpVersionFinder findNearestMatch
WARNING: Unable to find an exact match for CDP version 113, so returning the closest version found: 111
]]></system-err>
  </testcase>
  <testcase name="TC21" classname="Tools Tab" time="63.393">
    <system-err><![CDATA[Starting ChromeDriver 113.0.5672.63 (0e1a4471d5ae5bf128b1bd8f4d627c8cbd55f70c-refs/branch-heads/5672@{#912}) on port 43707
Only local connections are allowed.
Please see https://chromedriver.chromium.org/security-considerations for suggestions on keeping ChromeDriver safe.
ChromeDriver was started successfully.
Haz 14, 2023 2:01:24 ÖS org.openqa.selenium.devtools.CdpVersionFinder findNearestMatch
WARNING: Unable to find an exact match for CDP version 113, so returning the closest version found: 111
]]></system-err>
  </testcase>
  <testcase name="TC22" classname="Tools Tab" time="68.598">
    <system-out><![CDATA[SSL Güvenli Ödeme
]]></system-out>
    <system-err><![CDATA[Starting ChromeDriver 113.0.5672.63 (0e1a4471d5ae5bf128b1bd8f4d627c8cbd55f70c-refs/branch-heads/5672@{#912}) on port 28267
Only local connections are allowed.
Please see https://chromedriver.chromium.org/security-considerations for suggestions on keeping ChromeDriver safe.
ChromeDriver was started successfully.
Haz 14, 2023 2:02:27 ÖS org.openqa.selenium.devtools.CdpVersionFinder findNearestMatch
WARNING: Unable to find an exact match for CDP version 113, so returning the closest version found: 111
]]></system-err>
  </testcase>
  <testcase name="TC23" classname="Tools Tab" time="10.884">
    <error message="no such element: Unable to locate element: {&quot;method&quot;:&quot;xpath&quot;,&quot;selector&quot;:&quot;//nav[@class=&apos;flex-1 space-y-1 px-2 py-4&apos;]/div[@class=&apos;space-y-1&apos;]//p[@class=&apos;w-full flex justify-between items-center &apos;]&quot;}&#10;  (Session info: chrome=113.0.5672.93)&#10;For documentation on this error, please visit: https://selenium.dev/exceptions/#no_such_element&#10;Build info: version: &apos;4.8.3&apos;, revision: &apos;e5e76298c3&apos;&#10;System info: os.name: &apos;Windows 11&apos;, os.arch: &apos;amd64&apos;, os.version: &apos;10.0&apos;, java.version: &apos;11.0.15&apos;&#10;Driver info: org.openqa.selenium.chrome.ChromeDriver&#10;Command: [c763828f53260a60892cf48b923bb5a7, findElement {using=xpath, value=//nav[@class=&apos;flex-1 space-y-1 px-2 py-4&apos;]/div[@class=&apos;space-y-1&apos;]//p[@class=&apos;w-full flex justify-between items-center &apos;]}]&#10;Capabilities {acceptInsecureCerts: false, browserName: chrome, browserVersion: 113.0.5672.93, chrome: {chromedriverVersion: 113.0.5672.63 (0e1a4471d5ae..., userDataDir: C:\Users\ERTURU~1\AppData\L...}, goog:chromeOptions: {debuggerAddress: localhost:50089}, networkConnectionEnabled: false, pageLoadStrategy: normal, platformName: WINDOWS, proxy: Proxy(), se:cdp: ws://localhost:50089/devtoo..., se:cdpVersion: 113.0.5672.93, setWindowRect: true, strictFileInteractability: false, timeouts: {implicit: 0, pageLoad: 300000, script: 30000}, unhandledPromptBehavior: dismiss and notify, webauthn:extension:credBlob: true, webauthn:extension:largeBlob: true, webauthn:extension:minPinLength: true, webauthn:extension:prf: true, webauthn:virtualAuthenticators: true}&#10;Session ID: c763828f53260a60892cf48b923bb5a7" type="org.openqa.selenium.NoSuchElementException"><![CDATA[org.openqa.selenium.NoSuchElementException: 
no such element: Unable to locate element: {"method":"xpath","selector":"//nav[@class='flex-1 space-y-1 px-2 py-4']/div[@class='space-y-1']//p[@class='w-full flex justify-between items-center ']"}
  (Session info: chrome=113.0.5672.93)
For documentation on this error, please visit: https://selenium.dev/exceptions/#no_such_element
Build info: version: '4.8.3', revision: 'e5e76298c3'
System info: os.name: 'Windows 11', os.arch: 'amd64', os.version: '10.0', java.version: '11.0.15'
Driver info: org.openqa.selenium.chrome.ChromeDriver
Command: [c763828f53260a60892cf48b923bb5a7, findElement {using=xpath, value=//nav[@class='flex-1 space-y-1 px-2 py-4']/div[@class='space-y-1']//p[@class='w-full flex justify-between items-center ']}]
Capabilities {acceptInsecureCerts: false, browserName: chrome, browserVersion: 113.0.5672.93, chrome: {chromedriverVersion: 113.0.5672.63 (0e1a4471d5ae..., userDataDir: C:\Users\ERTURU~1\AppData\L...}, goog:chromeOptions: {debuggerAddress: localhost:50089}, networkConnectionEnabled: false, pageLoadStrategy: normal, platformName: WINDOWS, proxy: Proxy(), se:cdp: ws://localhost:50089/devtoo..., se:cdpVersion: 113.0.5672.93, setWindowRect: true, strictFileInteractability: false, timeouts: {implicit: 0, pageLoad: 300000, script: 30000}, unhandledPromptBehavior: dismiss and notify, webauthn:extension:credBlob: true, webauthn:extension:largeBlob: true, webauthn:extension:minPinLength: true, webauthn:extension:prf: true, webauthn:virtualAuthenticators: true}
Session ID: c763828f53260a60892cf48b923bb5a7
]]></error>
    <system-err><![CDATA[Starting ChromeDriver 113.0.5672.63 (0e1a4471d5ae5bf128b1bd8f4d627c8cbd55f70c-refs/branch-heads/5672@{#912}) on port 23134
Only local connections are allowed.
Please see https://chromedriver.chromium.org/security-considerations for suggestions on keeping ChromeDriver safe.
ChromeDriver was started successfully.
Haz 14, 2023 2:03:36 ÖS org.openqa.selenium.devtools.CdpVersionFinder findNearestMatch
WARNING: Unable to find an exact match for CDP version 113, so returning the closest version found: 111
]]></system-err>
  </testcase>
  <testcase name="TC24" classname="Tools Tab" time="61.94">
    <system-out><![CDATA[1
CaitlynMinimalist US 8 yıl 6 ay 12 gün Jewelry Fiziksel 2,247,706 714 160,557 4.90 1,278 356,716
2
PlannerKate1 US 8 yıl 10 ay 16 gün Paper & Party Supplies Fiziksel 1,942,781 599 12,456 5.00 2,641 65,715
3
Beadboat1 US 8 yıl 9 ay 24 gün Craft Supplies & Tools Fiziksel 1,791,607 557 49,810 4.90 8,273 76,465
4
Heollaaae Tıasdoanskdo 1 Ay 4 Gün Jewelry Fiziksel 167253178 12313 4434343 333444 756 1899
5
Heollaaae Tıasdoanskdo 1 Ay 4 Gün Jewelry Fiziksel 167253178 12313 4434343 333444 756 1899
6
Heollaaae Tıasdoanskdo 1 Ay 4 Gün Jewelry Fiziksel 167253178 12313 4434343 333444 756 1899
12
Heollaaae Tıasdoanskdo 1 Ay 4 Gün Jewelry Fiziksel 167253178 12313 4434343 333444 756 1899
]]></system-out>
    <system-err><![CDATA[Starting ChromeDriver 113.0.5672.63 (0e1a4471d5ae5bf128b1bd8f4d627c8cbd55f70c-refs/branch-heads/5672@{#912}) on port 26413
Only local connections are allowed.
Please see https://chromedriver.chromium.org/security-considerations for suggestions on keeping ChromeDriver safe.
ChromeDriver was started successfully.
Haz 14, 2023 2:03:46 ÖS org.openqa.selenium.devtools.CdpVersionFinder findNearestMatch
WARNING: Unable to find an exact match for CDP version 113, so returning the closest version found: 111
]]></system-err>
  </testcase>
  <testcase name="TC25" classname="Tools Tab" time="10.084">
    <error message="no such element: Unable to locate element: {&quot;method&quot;:&quot;xpath&quot;,&quot;selector&quot;:&quot;//nav[@class=&apos;flex-1 space-y-1 px-2 py-4&apos;]/div[@class=&apos;space-y-1&apos;]//p[@class=&apos;w-full flex justify-between items-center &apos;]&quot;}&#10;  (Session info: chrome=113.0.5672.93)&#10;For documentation on this error, please visit: https://selenium.dev/exceptions/#no_such_element&#10;Build info: version: &apos;4.8.3&apos;, revision: &apos;e5e76298c3&apos;&#10;System info: os.name: &apos;Windows 11&apos;, os.arch: &apos;amd64&apos;, os.version: &apos;10.0&apos;, java.version: &apos;11.0.15&apos;&#10;Driver info: org.openqa.selenium.chrome.ChromeDriver&#10;Command: [4de2f85b2fb771c16aa8c1987c8bafea, findElement {using=xpath, value=//nav[@class=&apos;flex-1 space-y-1 px-2 py-4&apos;]/div[@class=&apos;space-y-1&apos;]//p[@class=&apos;w-full flex justify-between items-center &apos;]}]&#10;Capabilities {acceptInsecureCerts: false, browserName: chrome, browserVersion: 113.0.5672.93, chrome: {chromedriverVersion: 113.0.5672.63 (0e1a4471d5ae..., userDataDir: C:\Users\ERTURU~1\AppData\L...}, goog:chromeOptions: {debuggerAddress: localhost:50239}, networkConnectionEnabled: false, pageLoadStrategy: normal, platformName: WINDOWS, proxy: Proxy(), se:cdp: ws://localhost:50239/devtoo..., se:cdpVersion: 113.0.5672.93, setWindowRect: true, strictFileInteractability: false, timeouts: {implicit: 0, pageLoad: 300000, script: 30000}, unhandledPromptBehavior: dismiss and notify, webauthn:extension:credBlob: true, webauthn:extension:largeBlob: true, webauthn:extension:minPinLength: true, webauthn:extension:prf: true, webauthn:virtualAuthenticators: true}&#10;Session ID: 4de2f85b2fb771c16aa8c1987c8bafea" type="org.openqa.selenium.NoSuchElementException"><![CDATA[org.openqa.selenium.NoSuchElementException: 
no such element: Unable to locate element: {"method":"xpath","selector":"//nav[@class='flex-1 space-y-1 px-2 py-4']/div[@class='space-y-1']//p[@class='w-full flex justify-between items-center ']"}
  (Session info: chrome=113.0.5672.93)
For documentation on this error, please visit: https://selenium.dev/exceptions/#no_such_element
Build info: version: '4.8.3', revision: 'e5e76298c3'
System info: os.name: 'Windows 11', os.arch: 'amd64', os.version: '10.0', java.version: '11.0.15'
Driver info: org.openqa.selenium.chrome.ChromeDriver
Command: [4de2f85b2fb771c16aa8c1987c8bafea, findElement {using=xpath, value=//nav[@class='flex-1 space-y-1 px-2 py-4']/div[@class='space-y-1']//p[@class='w-full flex justify-between items-center ']}]
Capabilities {acceptInsecureCerts: false, browserName: chrome, browserVersion: 113.0.5672.93, chrome: {chromedriverVersion: 113.0.5672.63 (0e1a4471d5ae..., userDataDir: C:\Users\ERTURU~1\AppData\L...}, goog:chromeOptions: {debuggerAddress: localhost:50239}, networkConnectionEnabled: false, pageLoadStrategy: normal, platformName: WINDOWS, proxy: Proxy(), se:cdp: ws://localhost:50239/devtoo..., se:cdpVersion: 113.0.5672.93, setWindowRect: true, strictFileInteractability: false, timeouts: {implicit: 0, pageLoad: 300000, script: 30000}, unhandledPromptBehavior: dismiss and notify, webauthn:extension:credBlob: true, webauthn:extension:largeBlob: true, webauthn:extension:minPinLength: true, webauthn:extension:prf: true, webauthn:virtualAuthenticators: true}
Session ID: 4de2f85b2fb771c16aa8c1987c8bafea
]]></error>
    <system-err><![CDATA[Starting ChromeDriver 113.0.5672.63 (0e1a4471d5ae5bf128b1bd8f4d627c8cbd55f70c-refs/branch-heads/5672@{#912}) on port 27880
Only local connections are allowed.
Please see https://chromedriver.chromium.org/security-considerations for suggestions on keeping ChromeDriver safe.
ChromeDriver was started successfully.
Haz 14, 2023 2:04:48 ÖS org.openqa.selenium.devtools.CdpVersionFinder findNearestMatch
WARNING: Unable to find an exact match for CDP version 113, so returning the closest version found: 111
]]></system-err>
  </testcase>
  <testcase name="TC26" classname="Tools Tab" time="31.487">
    <system-out><![CDATA[ETSY POPÜLER SATICILAR
1
PintSizedPremium US 10 ay 19 gün Clothing Fiziksel 100,992 314 25,290 5.00 1,468 9,856
2
TaraSparkes AU 8 ay 7 gün Paper & Party Supplies Dijital-Fiziksel 78,970 283 6,763 4.90 4,460 4,624
3
LemonTeesUS US 8 ay 26 gün Clothing Fiziksel 58,350 218 12,037 4.90 1,202 2,412
4
Heollaaae Tıasdoanskdo 1 Ay 4 Gün Jewelry Fiziksel 167253178 12313 2323 4434343 333444 756 1899
5
Heollaaae Tıasdoanskdo 1 Ay 4 Gün Jewelry Fiziksel 167253178 12313 2323 4434343 333444 756 1899
]]></system-out>
    <system-err><![CDATA[Starting ChromeDriver 113.0.5672.63 (0e1a4471d5ae5bf128b1bd8f4d627c8cbd55f70c-refs/branch-heads/5672@{#912}) on port 38282
Only local connections are allowed.
Please see https://chromedriver.chromium.org/security-considerations for suggestions on keeping ChromeDriver safe.
ChromeDriver was started successfully.
Haz 14, 2023 2:04:58 ÖS org.openqa.selenium.devtools.CdpVersionFinder findNearestMatch
WARNING: Unable to find an exact match for CDP version 113, so returning the closest version found: 111
]]></system-err>
  </testcase>
  <testcase name="TC27" classname="Tools Tab" time="48.551">
    <system-err><![CDATA[Starting ChromeDriver 113.0.5672.63 (0e1a4471d5ae5bf128b1bd8f4d627c8cbd55f70c-refs/branch-heads/5672@{#912}) on port 33718
Only local connections are allowed.
Please see https://chromedriver.chromium.org/security-considerations for suggestions on keeping ChromeDriver safe.
ChromeDriver was started successfully.
Haz 14, 2023 2:05:30 ÖS org.openqa.selenium.devtools.CdpVersionFinder findNearestMatch
WARNING: Unable to find an exact match for CDP version 113, so returning the closest version found: 111
]]></system-err>
  </testcase>
  <testcase name="TC28" classname="Tools Tab" time="44.276">
    <system-err><![CDATA[Starting ChromeDriver 113.0.5672.63 (0e1a4471d5ae5bf128b1bd8f4d627c8cbd55f70c-refs/branch-heads/5672@{#912}) on port 17793
Only local connections are allowed.
Please see https://chromedriver.chromium.org/security-considerations for suggestions on keeping ChromeDriver safe.
ChromeDriver was started successfully.
Haz 14, 2023 2:06:19 ÖS org.openqa.selenium.devtools.CdpVersionFinder findNearestMatch
WARNING: Unable to find an exact match for CDP version 113, so returning the closest version found: 111
]]></system-err>
  </testcase>
  <testcase name="TC29" classname="Tools Tab" time="27.095">
    <system-out><![CDATA[ETSY ÇOK SATAN ÜRÜNLER
1
Valet Tray for Dad, Father&#39;s Day Gift, Catch All Tray, C PersonalizedCottage US 11 yıl 4 ay 29 gün 3 ay 26 gün Home & Living Fiziksel $17.99 24,917 $ 448,257 26,235 199 189 57,271 1,897 Valet tray,Fathers day gift,Gift for dad,Dad gift from son,gift from daughter,
catch all tray, leather tray,home decor,EDC Tray,Personalized gifts,
office tray, gifts for him,husband gift,
2
Personalized 6oz Bridesmaid Champagne Flute Tumbler, Custom BeWellGroup US 3 yıl 2 ay 10 gün 1 yıl 3 ay 18 gün Weddings Fiziksel $6.66 21,818 $ 145,308 21,818 19 19 2,316 59 bachelorette party,bridesmaid proposal,bridesmaid tumbler,champagne tumbler,insulated tumbler,
bridesmaid gifts, bridesmaid flask,champagne flutes,engraved tumbler,custom tumbler,
gifts for her, couple gifts,
3
Personalized Bridesmaid Slippers Gift | Bride Slippers | Mai BeWellGroup US 3 yıl 2 ay 10 gün 5 ay 9 gün Weddings Fiziksel $2.78 18,300 $ 50,874 81,205 71 16 15,126 417 personalized gift,wedding gift,bridal slippers,gift for her,party favors,
bride slippers, slippers women,bridesmaid gift,bridesmaid gifts,bridal party gifts,
spa slippers, bride gift,maid of honor gift,
4
Heollaaae Tıasdoanskdo Jewelry Fiziksel 167253178 12313 2323 4434343 333444 333444 333444 333444 333444 333444 756 Bridesmaid,Hangers,Personalized,Hanger,Wedding,
Bridesmaid, Hangers,Personalized,Hanger,Wedding,
Bridesmaid, Hangers,Personalized,Hanger,Wedding,
5
Heollaaae Tıasdoanskdo Jewelry Fiziksel 167253178 12313 2323 4434343 333444 333444 333444 333444 333444 333444 756 Bridesmaid,Hangers,Personalized,Hanger,Wedding,
Bridesmaid, Hangers,Personalized,Hanger,Wedding,
Bridesmaid, Hangers,Personalized,Hanger,Wedding,
]]></system-out>
    <system-err><![CDATA[Starting ChromeDriver 113.0.5672.63 (0e1a4471d5ae5bf128b1bd8f4d627c8cbd55f70c-refs/branch-heads/5672@{#912}) on port 26649
Only local connections are allowed.
Please see https://chromedriver.chromium.org/security-considerations for suggestions on keeping ChromeDriver safe.
ChromeDriver was started successfully.
Haz 14, 2023 2:07:03 ÖS org.openqa.selenium.devtools.CdpVersionFinder findNearestMatch
WARNING: Unable to find an exact match for CDP version 113, so returning the closest version found: 111
]]></system-err>
  </testcase>
  <testcase name="TC30" classname="Tools Tab" time="35.68">
    <system-err><![CDATA[Starting ChromeDriver 113.0.5672.63 (0e1a4471d5ae5bf128b1bd8f4d627c8cbd55f70c-refs/branch-heads/5672@{#912}) on port 42558
Only local connections are allowed.
Please see https://chromedriver.chromium.org/security-considerations for suggestions on keeping ChromeDriver safe.
ChromeDriver was started successfully.
Haz 14, 2023 2:07:30 ÖS org.openqa.selenium.devtools.CdpVersionFinder findNearestMatch
WARNING: Unable to find an exact match for CDP version 113, so returning the closest version found: 111
]]></system-err>
  </testcase>
  <testcase name="TC31" classname="Tools Tab" time="26.775">
    <system-out><![CDATA[ETSY POPÜLER ÜRÜNLER
1
Valet Tray for Dad, Father&#39;s Day Gift, Catch All Tray, C PersonalizedCottage US 11 yıl 4 ay 29 gün 3 ay 26 gün 226 Home & Living Fiziksel $17.99 24,917 $ 448,257 26,235 199 189 57,271 1,897 Valet tray,Fathers day gift,Gift for dad,Dad gift from son,gift from daughter,
catch all tray, leather tray,home decor,EDC Tray,Personalized gifts,
office tray, gifts for him,husband gift,
2
Personalized Bridesmaid Slippers Gift | Bride Slippers | Mai BeWellGroup US 3 yıl 2 ay 10 gün 5 ay 9 gün 441 Weddings Fiziksel $2.78 18,300 $ 50,874 81,205 71 16 15,126 417 personalized gift,wedding gift,bridal slippers,gift for her,party favors,
bride slippers, slippers women,bridesmaid gift,bridesmaid gifts,bridal party gifts,
spa slippers, bride gift,maid of honor gift,
3
Personalized 6oz Bridesmaid Champagne Flute Tumbler, Custom BeWellGroup US 3 yıl 2 ay 10 gün 3 ay 5 gün 218 Weddings Fiziksel $6.66 12,530 $ 83,450 19,364 17 11 1,276 33 bachelorette party,bridesmaid proposal,bridesmaid tumbler,champagne tumbler,insulated tumbler,
bridesmaid gifts, bridesmaid flask,champagne flutes,custom tumbler,gifts for her,
couple gifts, wine tumbler,
4
Heollaaae Tıasdoanskdo 1 Ay 4 Gün Jewelry Fiziksel 167253178 12313 2323 4434343 4434343 4434343 4434343 4434343 4434343 333444 756 Bridesmaid,Hangers,Personalized,Hanger,Wedding,
Bridesmaid, Hangers,Personalized,Hanger,Wedding,
Bridesmaid, Hangers,Personalized,Hanger,Wedding,
5
Heollaaae Tıasdoanskdo 1 Ay 4 Gün Jewelry Fiziksel 167253178 12313 2323 4434343 4434343 4434343 4434343 4434343 4434343 333444 756 Bridesmaid,Hangers,Personalized,Hanger,Wedding,
Bridesmaid, Hangers,Personalized,Hanger,Wedding,
Bridesmaid, Hangers,Personalized,Hanger,Wedding,
]]></system-out>
    <system-err><![CDATA[Starting ChromeDriver 113.0.5672.63 (0e1a4471d5ae5bf128b1bd8f4d627c8cbd55f70c-refs/branch-heads/5672@{#912}) on port 7619
Only local connections are allowed.
Please see https://chromedriver.chromium.org/security-considerations for suggestions on keeping ChromeDriver safe.
ChromeDriver was started successfully.
Haz 14, 2023 2:08:06 ÖS org.openqa.selenium.devtools.CdpVersionFinder findNearestMatch
WARNING: Unable to find an exact match for CDP version 113, so returning the closest version found: 111
]]></system-err>
  </testcase>
  <testcase name="TC32" classname="Tools Tab" time="41.885">
    <system-err><![CDATA[Starting ChromeDriver 113.0.5672.63 (0e1a4471d5ae5bf128b1bd8f4d627c8cbd55f70c-refs/branch-heads/5672@{#912}) on port 48982
Only local connections are allowed.
Please see https://chromedriver.chromium.org/security-considerations for suggestions on keeping ChromeDriver safe.
ChromeDriver was started successfully.
Haz 14, 2023 2:08:32 ÖS org.openqa.selenium.devtools.CdpVersionFinder findNearestMatch
WARNING: Unable to find an exact match for CDP version 113, so returning the closest version found: 111
]]></system-err>
  </testcase>
</testsuite>