<?xml version="1.0" encoding="UTF-8"?>
<testsuite xmlns:xsi="http://www.w3.org/2001/XMLSchema-instance" xsi:noNamespaceSchemaLocation="https://maven.apache.org/surefire/maven-surefire-plugin/xsd/surefire-test-report-3.0.xsd" version="3.0" name="Ekitaplar Page" time="117.642" tests="5" errors="0" skipped="0" failures="0">
  <properties>
[...]
</properties>
  <testcase name="TC48" classname="Ekitaplar Page" time="19.271">
    <system-out><![CDATA[Amazon'da Yol Haritası E-Kitabı
Amazon Eğitimi E-Kitabı
A'dan Z'ye Trendyol Eğitimi E-Kitabı
Etsy Hesap Kuralları Rehberi
]]></system-out>
    <system-err><![CDATA[Ağu 29, 2023 10:25:56 ÖÖ org.openqa.selenium.devtools.CdpVersionFinder findNearestMatch
WARNING: Unable to find an exact match for CDP version 116, so returning the closest version found: 115
]]></system-err>
  </testcase>
  <testcase name="TC49" classname="Ekitaplar Page" time="20.84">
    <system-out><![CDATA[Dosya içeriği: AMAZON’DA SATIŞ YOL HARİTASI 
1. Türkiye’de ve Dünya’da E-Ticaret Nereye Gidiyor? 
2. Elektronik Ticaret (E-Ticaret) ve Geleneksel Ticaret 
3. E-Ticaret Pazar Yerlerinde mi Yoksa Kendi Web Sitenizde mi Satış 
Yapmak Daha Mantıklı? 
4. Neden Amazon’da Satış Yapmalısınız? 
5. Amazon’da Yapılabilecek İş Modelleri (Amazon FBA-Private Label, 
Online-Retail Arbitraj, Dropshipping, Wholesale, Merch by Amazon, 
Amazon Affiliate, Kitap Satışı) 
6. Amazon FBA Nedir? Nasıl Yapılır? Private Label Yol Haritası 
7. Amazon Türkiye’de Nasıl Satıcı Hesabı Açılır? 
8. Amazon Amerika Satıcı Hesabı Açılışı Nasıl Yapılır? 
9. Amazon FBA Bütçe Planlama — Ne Kadar Bütçe ile Başlamalısınız? 
10. Amazon’da Satış Yaparken Bilmeniz Gereken Önemli Terimler 
11. Amazon FBA Private Label Nasıl Ürün Seçmeliyiz? 
12. Amazon FBA Ürün Araştırma-Analiz Programları 
13. Amazon FBA Private Label Ürün Analizi Nasıl Yapılır? 
14. Türkiye mi Çin mi? Amazon’da Satmak için Hangi Ülkeden Ürün 
Tedarik Etmeliyim? 
15. Amazon FBA Marka Tescili Önemi (Trademark — Brand Registry) 
16. Amazon FBA-Online & Retail Arbitraj-Wholesale Nedir? Nasıl 
Yapılır? 
17. Amazon Retail Arbitraj ve Wholesale Yol Haritası 
 
Türkiye’de ve Dünya’da E-Ticaret 
Nereye Gidiyor? 
 
Arkadaşlar merhaba, şimdi sizlere Dünya’daki ve Türkiye’deki E-ticaret’in nereye gittiğini 
anlatacağım. Öncelikle Türkiye ile başlayalım. 
• Türkiye’de E-Ticaret 
Türkiye’de E-Ticaret sektörü Bilişim Sanayicileri Derneği’nin (TÜBİSAD) yıllık “Türkiye’de e-
Ticaret 2019 Pazar Büyüklüğü” raporuna göre, 2018 yılında %42 oranında büyüyerek 59,9 
milyar liralık hacme, 2019 yılında yüzde 39 büyüme ile 83,1 milyar liralık hacme ulaştı. 2015–
2019 yılları arasında sektörün ortalama yıllık büyüme hızı ise yüzde 35 oldu. 
 
 
 
 
 
Türkiye’de 2 bin 85 tüketicinin katılımıyla gerçekleştirilen bir çalışmaya göre, e-ticaret 
kullanıcıları en çok giyim, elektronik, yemek siparişi, seyahat/konaklama ve kitap kategorilerinde 
işlem gerçekleştirmektedir. 
 
Türkiye’de E-Ticaret ile ilgili Bilişim Sanayicileri Derneği’nin (TÜBİSAD) yıllık “Türkiye’de e-
Ticaret 2019 Pazar Büyüklüğü” raporundaki verileri sizlerle paylaştım. Sizin de gördüğünüz 
gibi e-ticaret pazar payı ciddi şekilde büyümektedir. 
Ayrıca 2020 yılında Covid-19 pandemisinden dolayı insanlar eve kapanmak zorunda kaldı. Daha 
önce hiç internetten sipariş vermemiş binlerce insan ilk defa internetten ürün aldı. 
Covid-19 pandemisi yayılmaya başladığında (2020 Mart ayında) Türkiye’nin en çok ziyaret 
edilen e-ticaret pazar yeri olan Trendyol’un aylık ziyaretçi sayısı 77 milyon iken, 2020 Temmuz 
ayında 140 milyon aylık ziyaretçi sayısına ulaştı. 
 
• Dünya’da E-Ticaret 
Dünya çapında perakende e-ticaret satışları 2019 yılında 3.53 trilyon ABD dolarına ulaşmıştır. E-
perakende gelirlerinin 2022 yılında 6.54 trilyon ABD dolarına yükselmesi öngörülmektedir. 
 
Dünya’nın en büyük e-ticaret pazar yeri olan Amazon 2020 yılında Covid-19 pandemisinden 
dolayı bir anda artan satışlara yetişemediğinden dolayı yaklaşık 175.000 yeni eleman almak 
zorunda kaldı. 
Covid-19 pandemisi yayılmaya başladığında (2020 Şubat — Mart ayında) Amazon.com’un aylık 
ziyaretçi sayısı 2.1 milyar iken, 2020 Temmuz ayında 2.6 milyar aylık ziyaretçi sayısına ulaştı. 
 
 
 
 
Elektronik Ticaret (E-Ticaret) ve 
Geleneksel Ticaret 
 
Şimdi de sizlere e-ticaret ile geleneksel ticaret arasındaki farklardan ve hangisinin daha avantajlı 
olduğundan bahsedeceğim. 
Öncelikle e-ticaretin geleneksel ticarete oranla başlangıç maliyeti daha az. Geleneksel 
ticarette bir mağaza açıp fiziki olarak dükkan kiralamanız gerekmekte. Dolayısıyla hiç bir satış 
yapmasanız bile kirayı vermeniz gerekmekte. Covid-19 pandemisi Türkiye’de yayılmaya 
başladığında hepimizin takip ettiği üzere bir çok mağaza kapandı. Ancak satış yapmasalarda aylık 
dükkan kiralarını vermek zorunda kaldılar. 
E-ticaret’te bu durum daha farklı. Türkiye’deki Pazar yerlerinde mağaza açtığınızda aylık 
olarak kira vermiyorsunuz. Sadece Amazon aylık olarak 40 dolar alıyor. Herhangi bir dükkan 
kiralasanız aylık olarak 3000–5000 TL vermeniz gerekiyor. E-ticaret’te bu şekilde bir dükkan 
kirası olmadığı için masraflar daha azalmış oluyor. 
Ayrıca fiziki bir mağaza açtığınızda iş gücü de gerekli olacak. En az kasada duracak birisi, 
satış için birisi, depo için birisi olması gerekecek. Yani en az 3 kişiye maaş vermeniz gerekecek. 
Ancak e-ticaret’te fiziki olarak bulunmanız gereken bir iş yeri olmadığı için sadece bir kişi ile 
başlayabilir ve çoğunlukla bilgisayar ile işlerinizi halledebilirsiniz. 
Fiziki bir mağaza açtığınızda dükkanınızın içini tamamen ürünlerle doldurmanız 
gerekmekte. Örneğin bir giyim mağazası açtığınızı varsayalım. Her üründen bir çok renk ve 
boyutta alıp mağazanıza koymanız gerekmekte. Aksi takdirde insanlar geldiğinde bir çok çeşit 
görmezse hiç bir şey almadan geri çıkacaklardır. Ancak e-ticaret’te pazar yerlerinde zaten binlerce 
ürün var. Sadece bir çeşit ürünü bile koyarak ticarete başlayabilirsiniz. Bu da ciddi bir maliyetten 
sizi kurtarıyor. Fiziki bir mağazayı doldurmaya çalışsanız 50–100 bin TL ile ancak yapabilirsiniz. 
E-Ticaret’te çok daha az bütçe ile başlayabilirsiniz 
E-Ticaret’in bir diğer avantajı da zaman kısıtının olmaması. E-ticaret sitenizi veya n11, 
Gittigidiyor, Hepsiburada, Trendyol, Amazon gibi pazar yerlerinde mağaza açtınız. Fiziki 
mağazada olduğu gibi sabah gidip mağazanızı açmanıza gerek yok, e-ticarette mağazanız 7–24 
açık. İnsanlar gece bile sizden ürün alabilirler. E-ticaret sayesinde uyurken bile para kazanma 
şansını elde etmiş oluyorsunuz. 
 
E-Ticaret’in en önemli avantajlarından birisi de mekan sınırı olmaması. Normalde bir fiziki 
mağaza açtığınızda sadece o bölgedeki insanlar sizin müşteriniz olacaktır. Bulunduğunuz ilçeden 
başka insanlar sizin ne sattığınızı bilemeyecekler. E-ticaret’te hangi ilde olursanız olun, bütün 
Türkiye, hatta bütün Dünya sizin ürünlerinizi görebilecek. Trendyol’da ürün satıyorsanız 
Iğdır’dan müşteriniz olabilir, aynı zamanda Tekirdağ’dan da olabilir. Amazon’da mağazanız varsa 
Amerika veya Avrupa’dan da müşteriniz olabilir. 
E-Ticaret’te milyonlarca kişiye ulaşabilirsiniz. Bir ilçede mağaza açsanız aylık olarak ortalama 
1000–3000 kişi gelir, eğer AVM de mağaza açsanız aylık 10.000 kişi potansiyele ulaşabilirsiniz. 
Ama Amazon’da bir mağaza açsanız amazon.com aylık ziyaretçi sayısı 2.6 milyar, Türkiye’nin en 
büyük pazar yeri olan trendyol aylık ziyaretçi sayısı 140 milyon. Pazar yerlerinde mağaza 
açtığınızda milyonlarca kişiye ulaşabilirsiniz. 
 
 
 
Evet e-ticaretin geleneksel ticarete oranla ne kadar avantajlı olduğundan bahsettik. İnsanlar artık 
internetten alışverişe ciddi şekilde alıştı. E-ticaret hacmi sürekli artmakta. Covid-19 pandemisi de 
bu artışı tetikledi ve artık insanlar market alışverişini bile internetten yapmaya başladı. 
Ben kesinlikle E-Ticaret’e başlamanızı tavsiye ederim. Kendi işinizi kurmak ve mekandan 
bağımsız şekilde istediğiniz yerden bilgisayarınız ile çalışmak istiyorsanız, e-ticaret en güzel iş 
modellerinden birisi. 
Hali hazırda bir fiziki mağazanız varsa e-ticarete kesinlikle girmelisiniz. Türkiye’de satışlarınız en 
az 3 kat artacak, eğer Amazon’da mağaza açarsanız satışlarınız en az 10 kat artacaktır. 
 
2018 yılında 13.41 trilyon dolarlık GSMH’ya sahip olan Çin, 634 milyar dolarlık B2C e-ticaret 
pazar büyüklüğü ile dünyada lider konumda olurken, Amerika Birleşik Devletleri’nin GSMH’sı 
20,49 trilyon dolar ve B2C e-ticaret pazar büyüklüğü 504 milyar dolara ulaşmıştır. 
B2C e-ticaret pazarında en büyük üç ülkenin pazar büyüklüklerinin toplamı, küresel e-ticaret 
pazarının çoğunluğunu oluşturmaktadır. Global olarak 2019 yılı itibarıyla yaklaşık olarak 3,5 
trilyon ABD Dolarına erişeceği öngörülen pazarın ilk beş oyuncusu 2018 yılı öngörülen 
sonuçlarına göre sırayla: Çin (634 milyar ABD doları), Amerika (504 milyar ABD doları), 
Japonya (123 milyar ABD doları), Birleşik Krallık (103 milyar ABD doları) ve Almanya’dır (70 
milyar ABD doları). 
 
Evet Dünya’da ve Türkiye’de E-Ticaret ciddi seviyede artıyor ve daha da artacak gibi görünüyor. 
Yavaş yavaş geleneksel ticaretin hacmi azalıyor. 
 
 
 
 
 
E-Ticaret Pazar Yerlerinde mi Yoksa 
Kendi Web Sitenizde mi Satış Yapmak 
Daha Mantıklı? 
 
Arkadaşlar daha önceki yazılarda Dünya’daki ve Türkiye’deki E-ticaretin nasıl bir hacme 
ulaştığını anlatmıştım. Şimdi E-ticaret yapmaya karar verdiğiniz durumda nasıl ilerleyeceğinizi 
anlatacağım. 
İnternetten satış yapabilmeniz için tabi ki bir internet siteniz olmalı. Kendi E-ticaret sitenizi 
kurarak veya ciddi trafiği olan Amazon, Trendyol gibi pazar yerlerinde satış yapabilirsiniz. Şimdi 
kendi sitenizde satış yapmak ile Amazon, Trendyol, N11, Gittigidiyor, Hepsiburada gibi pazar 
yerlerinde satış yapmanın avantaj ve dezavantajlarından bahsedeceğim. 
• Pazar Yerlerinin Aylık Ziyaretçi Sayısı Çok Daha Fazla 
Öncelikle kendi e-ticaret sitenizde satış yapmak ile pazar yerlerinde satış yapmayı kendi ilçenizde 
bir fiziki mağaza açmak ile AVM de bir mağaza açmaya benzetebilirsiniz. Bir ilçede mağazanız 
olduğunu düşünelim, günlük gelecek ziyaretçi sayınız en fazla 100–200 olacaktır. Ama bir 
AVM’de mağaza açsanız günlük olarak 5.000–10.000 kişi gelecektir. 
Aynı şekilde kendi e-ticaret sitenizin trafiği çok az olacaktır, ancak Trendyol ve Amazon gibi 
pazar yerlerinde AVM’ler gibi ciddi bir müşteri trafiği olacaktır. Dünya’nın en büyük pazar yeri 
olan Amazon.com’un aylık ziyaretçi sayısı 2.6 milyar, Türkiye’nin en büyük pazar yeri olan 
Trendyol’un aylık ziyaretçi sayısı 140 milyon. Kendi e-ticaret sitenizde bu rakamlara ulaşmanız 
çok zor olacaktır. 
• Müşteri Gözünde Pazar Yerleri Daha Güvenilir 
İnternetten alış veriş yapan insanların en çok önem verdiği konuların başında güvenlik geliyor. 
İnsanlar internetten alışverişte kredi kartı ve kimlik bilgilerini kullanacakları için en güvendikleri 
sitelerden alışveriş yapmaya daha yatkın oluyorlar. Pazar yerleri güvenlik bölümlerine daha fazla 
yatırım yaptıkları için insanlar internetten alışverişte pazar yerlerini daha fazla tercih ediyorlar. 
• Ürün İade, İptal ve Para İadesi Koşulları 
Kredi kartı bilgilerinin dışında ürün ile ilgili yaşanılan sıkıntılarda da insanlar internet sitesine 
güvenmek istiyorlar. Pazar yerleri bu konuda tamamen müşteriyi koruyan bir yol izledikleri ve 
müşteriler 1–2 ay içinde ürünü iade edip parasını alabileceklerini bildikleri için pazar yerlerini 
daha fazla tercih ediyorlar. İnsanlar daha önce ismini duymadıkları bir internet sitesinden ürün 
aldıklarında gelip gelmeyeceği hakkında şüphe duyuyorlar ve herhangi bir sorunda probleminin 
çözülemeyeceğini düşünüyorlar. Pazar yerleri burada garantör olduğu için daha fazla güven 
sağlıyor. 
• Pazar Yerlerinde Ürünü Geç Gönderme Yok 
İnternetten satışta en önemli konulardan bir taneside kargo konusu. İnsanlar ürünleri aldıklarında 
hemen gelmesini ister. Pazar Yerleri bu konuya ciddi yatırımlar yapıyor. Örneğin Amazon’da 
FBA sistemi olduğu için ürünler zaten Amazon’un deposundadır. Satış olduğunda Amazon 
ürünleri kendisi 2 gün içinde kesinlikle ulaştırıyor. Türkiye’de de Trendyol ve Hepsiburada kendi 
kargo sistemlerini bu şekilde kuruyor, müşterilere en hızlı ve güvenilir şekilde ürünleri 
göndermek için yatırım yapıyor. Ayrıca ürünü geç kargoya veren satıcıya çeşitli yaptırım 
uyguluyor. 
Ama kendi internet sitenizde satıyorsanız yerel kargo şirketleri ile çalışmanız gerekiyor. Birçok 
kargo şirketinin de kötü çalıştığını söylesek yalan olmaz herhalde. 
Ürün almak isteyen müşteriler de ürünlerinin hızlı ve hasarsız geleceğine inandıkları internet 
sitelerinde alışveriş yapmaya daha yatkın oluyorlar. 
 
• Pazar Yerlerinde Komisyon Uygulaması Var 
Pazar yerleri yüksek müşteri trafiğine sahip ancak bu trafiğe ulaşmak için ciddi reklam yapıyor. 
Bu şekilde yatırım yapabilmek için bir kazanç sağlamaları gerekiyor. Pazar yerlerinin en önemli 
gelir kaynağı her satıştan aldıkları komisyonlardır. Tabi ki her pazar yerinde ve her kategoride bu 
oran değişiklik göstermekte. 
Kendi sitenizde satış yaparsanız pazar yerlerinin aksine satıştan komisyon vermezsiniz. Ama 
müşteri çekmek için çeşitli reklam kampanyaları yapmanız gerekmekte. Müşteri çekme maliyeti 
oldukça yüksek seviye de olduğu için pazar yerlerinde komisyon ödemek daha makul hale 
geliyor. 
Ayrıca pazar yerleri size teknik altyapıyı da ücretsiz sağlıyor. Kendi web sitenizde bu ücretleri 
sizin karşılamanız gerekiyor. 
• Pazar Yerlerinde Kendi Sitenize Oranla Dönüşüm Oranları Daha Yüksek 
Dönüşüm oranı ürün sayfanıza girenlerin ürünü alma oranı anlamına gelmektedir. Yani ürün 
sayfanıza 100 kişi girmişse ve 10 kişi ürünü almışsa dönüşüm oranı %10 dur. 
Pazar yerleri müşteri gözünde daha güvenilir olduğu için dönüşüm oranları kendi sitenize oranla 
daha yüksek. Kendi web sitenizde dönüşüm oranlarınız % 2–3 civarında olacaktır. Ama pazar 
yerlerinde bu rakam ortalama % 5–10 arası olacaktır. Hatta ürün sayfanız iyiyse % 20 - 30 lara 
kadar çıkacaktır. 
• Pazar Yerleri Promosyon ve Reklam Kampanyalarını Kendi Yapıyor 
Kendi web sitenize trafik çekmek gerçekten maliyetli. Pazar yerleri bu maliyete katlanarak ciddi 
reklam kampanyaları yapıyorlar. Pazar yerlerinde satış yaparken ekstra reklam ve promosyon 
kampanyası yapmanıza gerek kalmıyor. Tabi ki bu kampanyaları yaptıkları için komisyonlar 
alıyorlar. 
• Pazar Yerlerinde Kontrol Sizde Değil 
Kendi web sitenizden satış yaparken istediğiniz düzenlemeyi istediğiniz zaman yapabilirsiniz. 
Ancak pazar yerlerinde kontrol tamamen sizde değil. Ürünlerinizi yüklediğinizde önce pazar yeri 
ürünlerinizi kontrol ediyor, platforma uygun olmayan durumlarda değişiklik yapmanızı istiyor. 
Herhangi bir problem durumunda pazar yerleri sizin mağazanızı kapatabiliyor veya size ceza 
kesebiliyor. 
• Pazar Yerlerinde Ödemeler Çok Geç 
Kendi web sitenizde satış yaparken paranızı hızlı şekilde alabiliyorsunuz. Bu da sizin nakit 
akışınızı düzgün kontrol etmenizi sağlıyor. Ama pazar yerlerinde ödemeler geç olabiliyor. 
Örneğin Amazon, n11, Gittigidiyor gibi pazar yerleri 12–15 gün sonra paranızı yatırıyor. 
Hepsiburada, Trendyol gibi pazar yerleri 30–45 gün sonra ödemenizi yapıyor. 
• Pazar Yerlerinde Müşterileri Tekrar Hedeflemek ve Müşteri ile İletişim Kurmak 
Zor 
Pazar yerleri müşterilerle iletişim kurmanızı istemiyor. Bu yüzden sizden bir kez ürün alan 
müşteriyi tekrar hedeflemek zor oluyor. 
Kendi web sitenizde satış yaparken müşterileriniz ile kolaylıkla iletişim kurabilir ve onları tekrar 
hedefleyerek daha fazla satış yapabilirsiniz. 
• Pazar Yerlerinde Mağaza Açma Ücreti Yok 
Pazar yerleri sizin için teknik altyapıyı ücretsiz şekilde sağlamaktadır. Çoğu pazar yerinde mağaza 
açmak ücretsiz. Kendi internet sitenizi kurduğunuzda web sitenizin maliyetlerine, ödeme 
altyapılarına para harcamak zorunda kalacaksınız. 
Peki Nasıl İlerlemeniz Daha Mantıklı? Önce Pazar Yerlerinde mi Yoksa Kendi Web 
Sitenizde mi Satış Yapmalısınız? 
Benim size tavsiyem her ikisini de yapmanız. İlk başlarda pazar yerlerine odaklanın, çünkü sizin 
internet siteniz ve markanız tanınmıyor olacaktır. Pazar yerlerinin trafiğini kullanarak hızlıca 
satışa başlayabilirsiniz. Ama sonrasında artık web sitenize ağırlık verip müşterilerinizi kendi 
sitenize yönlendirin. Başlangıçta pazar yerleri satışlarınız fazla olacaktır ama bilinirlik arttıktan 
sonra uzun soluklu olarak kendi siteniz daha iyi sonuçlar verecektir. Tabi ki kendi sitenizi ve 
markanızı tanıtmak için sosyal medyayı çok iyi bir şekilde kullanmalısınız. 
 
Neden Amazon’da Satış Yapmalısınız? 
 
 
Amazon Dünya’nın en büyük ve en değerli şirketi, aynı zamanda Dünya’nın en büyük e-ticaret 
pazar yeridir. Amazon sadece bir e-ticaret pazar yeri değil, aynı zamanda teknoloji alanında bir 
çok şirketten oluşmaktadır. Bundan dolayı Dünya’nın en değerli şirketi olmayı başarmıştır. 
Peki Amazon bu işi nasıl başardı? Nasıl kuruldu? Nasıl Büyüdü? 
Amazon 1994 yılında Jeff Bezos tarafından Amerika Birleşik Devletlerinde kuruldu. 1997 yılında 
halka açılan bir şirket haline geldi. Başlangıçta sadece kitap satan bir e-ticaret şirketiydi ama 1998 
de bir adım öne giderek müzik ve film de satmaya başladı. 1999 yılında ise oyuncak da satmaya 
başladı. 2002 yılında ise tekstil ürünleri de eklendi. 2007 yılına gelindiğinde e-kitap okumak için 
üretilen kindle satılmaya başlandı. 
Evet Amazon sadece bir e-ticaret şirketi değil, 2008 yılından itibaren yaptığı yatırımlar sayesinde 
işte bugünkü değerini elde etti. 2008 yılında 300 milyon dolara Audible ismindeki şirketi satın 
aldı. Bu satın alma sayesinde dijital kitap pazarında ciddi bir yere geldi. 2009 yılında ise 1.2 
milyar dolar harcayarak Zappos isimli ayakkabı şirketini satın aldı. 2012 yılında Amazon Kiva 
isminde bir robot şirketi satın aldı. 2013 yılında ise 250 milyon dolara The Washington Post 
şirketini satın aldı. İşte bu şekilde daha ismini saymadığım bir çok şirketi daha bünyesine kattı ve 
şimdi Dünya’nın en değerli şirketi haline geldi. 
 
Şimdi gelin Amazon ile ilgili bazı istatistiklerden bahsedelim 
• Amazon’da şu anda 840.000 çalışan bulunmakta ve yıl sonuna kadar 1 milyonu aşması 
bekleniyor. Amazon Covid-19 dolayısıyla satışların ciddi artışı karşısında yaklaşık 
100.000 kişiyi işe aldı. 
• 2019 yılında Amazon’un cirosu 280 milyar dolar oldu. 
 
• 2020 yılında Amazon’un cirosunun 348 milyar dolar olması bekleniyor. 
• 2022 yılında Amazon’un cirosunun 500 milyar dolar olması bekleniyor. 
• 2023 yılında ciro tahmini ise Türkiye’nin milli gelirinden daha fazla olması bekleniyor. 
Düşünün biz 85 milyonluk bir ülkeyiz ve 2023 yılında Amazon Türkiye’nin milli 
gelirinden daha fazla ciroya sahip olacak. 
• Amazon şirketinin şu anda hisse fiyatı 3000 dolar civarında 
• Amazon’un şu an ki değeri 1.7 trilyon dolar 
• Türkiye’deki bütün şirketlerin toplam değeri 178 milyar dolar 
• Yani Amazon’un değeri Türkiye’deki bütün şirketlerin değerinden 8 kat fazla. 
Evet Amazon şirketinden genel olarak bahsettik, şimdi de biraz e-ticaret pazar yeri olarak 
Amazon’a odaklanalım 
Amazon Dünya’nın yaklaşık 20 ülkesinde pazar yeri platformu olarak yer almakta. En fazla trafik 
tabi ki Amerika ve Avrupa’da bulunmakta. Aşağıdaki resimde birçok ülkedeki aylık ziyaretçi 
sayılarını görebilirsiniz. 
 
Türkiye’deki pazar yerleri ile karşılaştırma yaptığımızda ne kadar fazla olduğunu anlayabilirsiniz. 
Amazon Amerika’nın aylık ziyaretçi sayısı yaklaşık 2.6 milyar iken, Türkiye’nin en büyük pazar 
yeri olan Trendyol aylık ziyaretçi sayısı 140 milyon civarındadır. 
 
Evet Amazon gerçekten ciddi bir potansiyele sahip. Eğer Türkiye’de e-ticaret yapıyorsanız bence 
hemen Amazon’a adım atmalısınız. Türkiye’deki günlük satışlarınızın en az 10 
katına ulaşabilirsiniz. Ayrıca Dolar veya Euro ile satış yapacağınız için ciddi ciro ve kar 
seviyelerine ulaşabilirsiniz. 
Eğer Türkiye’de üreticiyseniz, Amazon’da satış yapmak oldukça avantajlı hale geliyor. Türkiye iç 
piyasasında ürettiğiniz ürünlerin satışından elde ettiğiniz kar, Amazon’da yapacağınız satış 
neticesinde elde edeceğiniz karın çok altında kalacaktır. 
Tabi ki Amazon’da yoğun bir rekabet var. Ancak Türkiye kozmetik, ahşap, plastik, tekstil gibi 
bazı kategorilerde üretim kapasitesi olarak Dünya ile rekabet edecek seviyede. Ayrıca Türkiye 
lojistik olarak çok stratejik bir yerde. Biz Amazon Amerika’ya ürünlerimizi 5–7 gün içinde 
,Amazon Avrupa’ya 3–4 gün içinde gönderiyoruz. Aynı gönderileri Çin’den yaptığımızda 30–
40 gün sürmekte. Amazon’un algoritmasını iyi kavradığınızda bu rekabette kendinize fırsat 
yaratabilirsiniz. 
E- ihracat yapabilir, Türk lirasıyla ürettiğiniz ürünlerinizi satarak dolar ve euro kazanabilirsiniz. 
Ayrıca e-ihracat sayesinde dünyaca tanınan bir marka yaratabilirsiniz. 
Amazon’un en önemli avantajlarında bir taneside FBA ( Fulfillment by Amazon) sistemi. 
Amazon Dünya’nın bir çok ülkesinde 100'den fazla depoya sahip. FBA sistemi sayesinde 
ürünlerinizi Amazon’un depolarına gönderiyorsunuz, müşteriler ürünü sipariş ettiği zaman 
ürünleri Amazon kendisi hazırlayıp 2 gün içerisinde ulaştırıyor. Yani Amazon size depo ve 
hazırlama hizmeti sunuyor. Aynı zamanda müşteri hizmetleri ve iadeler ile Amazon ilgileniyor. 
Amazon olmadan Amerika’da veya Avrupa’da satış yapmak isterseniz, orada bir depoya ve 
ürünlerin satışa hazırlanması için iş gücüne ihtiyacınız olacaktır. Amazon bu hizmetleri sizin için 
çok daha az bir ücrete yapıyor. 
Türkiye’de e-ticaret yapanlar Amazon’da satış yapmaya başladığında, özellikle FBA modeli ile 
tanıştığında çok mutlu oluyorlar. Çünkü Türkiye’de e-ticaret yapan şirketlerin en büyük sorunu 
ürünleri her gün kargoya vermek ve yapılan iadeleri yönetmek. Amazon’un depolarına ürünleri 
gönderdiğinizde size sadece satış ile uğraşmak kalıyor. 
Amazon’da Yapılabilecek İş Modelleri 
(Amazon FBA-Private Label, Online-
Retail Arbitraj, Dropshipping, 
Wholesale, Merch by Amazon, Amazon 
Affiliate, Kitap Satışı) 
 
Biliyorsunuz Amazon Dünya’nın en değerli şirketi. Amazon’da her saniyede 4.722 dolar, her 
dakikada 283.000 dolar ve her saatte 17 milyon dolarlık satış gerçekleşmekte. Bu satışlardan siz 
de pay almak istiyor olabilirsiniz ama Amazon’da yapılabilecek bir çok iş modeli var. Kendiniz 
için en uygun iş modelini seçmeniz çok önemli. Şimdi sırayla iş modellerini tek tek ele alalım. 
 
1. Amazon FBA — Private Label İş Modeli 
Amazon’da yapabileceğiniz iş modelleri arasında en uzun soluklu ve en gelecek vadeden iş 
modeli Amazon FBA — Private Label iş modelidir. FBA (Fulfilment by Amazon) modeli kısaca 
sizin ürünlerinizi Amazon’un deposuna gönderdiğiniz, sipariş geldikçe ürünleri Amazon’un 
hazırladığı, müşterilere kendisinin götürdüğü, müşteriler ile ilişkiyi Amazon’un kurduğu ve iptal, 
iade gibi işlemlerle Amazon’un uğraştığı bir sistem. 
Amazon aslında e-ticarette bütün problemli işlerle kendisi uğraştığı için size FBA sisteminde 
sadece satışlarla uğraşmak kalıyor. Amazon’da kendi markanızı yaratıp başarılı satışlara 
ulaşabileceğiniz gerçekten uzun soluklu bir iş modeli. 
Amazon’da biliyorsunuz prime üyelik sistemi var ve şu an Amazon’da 100 milyondan fazla prime 
üye var, yıllık 100 dolar vererek 2 günde bütün ürünleri ücretsiz kargo olacak şekilde 
alabiliyorlar. Amazon’da prime üyeler yılda 1500 dolardan fazla alışveriş yapıyor. Siz FBA 
modeli ile satış yaptığınızda Amazon sizin ürünlerinizi prime etiketi ile gösteriyor ve diğer 
satıcılara nazaran daha önde gösteriyor. Amazon’da FBA modeli ile kendi markanızı satışın diğer 
modellere kıyasla ciddi avantajları var, detaylarını bir sonraki yazıda anlatacağım. 
2. Dropshipping (Stoksuz E-Ticaret) İş Modeli 
Dropshipping iş modeli kısaca stoksuz e-ticaret olarak tanımlayabileceğimiz ve Türkiye’de en çok 
bilinen Amazon iş modeli. Dropshipping iş modelinde siz ürünleri listeliyorsunuz, satış 
geldiğinde esas ürünü satandan alıp sizden alanın adresine gönderiyorsunuz. Çoğunlukla bu işi 
yapanlar Aliexpress’teki ürünleri Amazon’da listeliyor ve satıldıkça Aliexpress’den sipariş verip 
gönderiyorlar. Dropshipping iş modelini Amazon pazar yerleri arasında da yapanlar var. Örneğin 
Amazon Amerika’daki ürünleri Amazon Kanada’da listeliyorlar, satıldıkça Amazon Amerika’dan 
alıp esas alıcıya gönderiyorlar. Genel itibariyle stok tutmadan yapıldığı ve az sermaye ile 
başlanılabildiği için çok tercih edilen bir iş modeli ancak Dropshipping’in bir çok sıkıntılı tarafı 
var. 
Dropshipping iş modelinin en önemli problemi suspend konusu. Suspend Amazon’un hesabı 
askıya alması anlamına geliyor. Amazon satıcıların Dropshipping yapmasına hem izin veriyor 
hem de vermiyor. Aşağıdaki resimden Amazon’un Dropshipping ile ilgili politikasını 
öğrenebilirsiniz. 
 
Buradan anlaşılacağı üzere Amazon başka bir satıcıdan ürün alıp göndermenizi yasaklamış, ürün 
içinde sizin bilgilerinizin olmasını istiyor. Amazon’un izin verdiği dropshipping, tedarikçinizin 
sizin adınıza ürünleri müşterilere göndermesi şeklinde yapılandır. Dropshipping bu konudan 
dolayı kısa soluklu bir iş modeli ve her an hesabınız Amazon tarafından askıya alınabiliyor. 
Ayrıca ürünleri görmeden müşterilere göndermiş oluyorsunuz, bundan dolayı da bir çok problem 
ile karşılaşabilirsiniz. 
Peki Dropshipping yapılamaz mı? Tabi ki yapılabilir, ama dikkatli olmanız ve Amazon’un 
kurallarına uygun hareket ederek yapmanız gerekli. 
3. Retail-Online Arbitraj İş Modeli 
Arbitraj iş modeli aslında fiyat farklarından faydalanarak gelir elde etmek şeklinde 
tanımlayabiliriz. Arbitraj iş modelinde genelde mağazalardaki indirimlerden faydalanarak ürünleri 
alıp Amazon’da satarak gelir elde edebilirsiniz. Retail Arbitraj fiziki mağazalarda gezerek 
indirimli ürünler bulup satmak, Online Arbitraj ise online mağazalarda gezerek indirimli ürünler 
bulup satmak şeklinde yapılıyor. 
Aslında bu iş modeli sadece indirimli ürünler bulup satmak şeklinde yapılmıyor, örneğin bazı 
ülkelerde bazı markaların fiyatları daha uygun oluyor. Bu marka ürünleri orada alıp Amazon’da 
satarak da yapılabiliyor. Buna bir örnek olarak IKEA markasını verebiliriz. Türkiye’de IKEA da 
alacağınız bir ürün 30 TL iken Amerika Amazon’da aynı ürün 30 dolara satılıyor. 1 Dolar 7.5 TL 
olduğu için aradaki kur farkından ciddi kar elde edebiliyorsunuz. 
Arbitraj iş modelinin en büyük sıkıntısı da aynı ürünleri 20–30 satıcının aynı listeden satması ve 
fiyat kırarak birbirleri ile rekabet etmeleri. Bir diğer sıkıntısı da bu iş modelinde marka ürünlerin 
satışının yapılması ve Amazon’un bazen ürünler için fatura — yetki belgesi istemesi. 
4. Wholesale İş Modeli 
Wholesale iş modeli kısaca marka ürünleri üreticiden veya tedarikçiden toptan alıp Amazon’da 
satmak olarak tanımlayabiliriz. Diğer iş modelleriyle karşılaştırırsak daha kolay anlayabilirsiniz. 
Wholesale iş modeli ile en çok karıştırılan iş modeli retail arbitraj iş modeli. Çünkü ikiside hali 
hazırda marka ürünleri alıp satmak anlamına geliyor, fakat retail arbitraj modelinde ürünleri 
toptancıdan değilde bir perakende satış mağazasından alıyorsunuz, wholesale modelinde ise direk 
toptancıdan alıyorsunuz. Birisinde indirimli bulduğunuz 3–5 ürünü alıyorsunuz, diğerinde 
ürünleri az miktarda değilde toplu olarak alıyorsunuz. 
Aynı şekilde Private Label iş modelinde de toptan alıp satıyoruz, peki Wholesale ile Private 
Label arasındaki temel fark nedir? Wholesale iş modelinde marka ürünleri toplu olarak 
alıyorsunuz, Private Label iş modelinde ise kendi markanızı yarattığınız ürünleri toplu alarak 
satıyorsunuz. 
 
 
5. Amazon Affiliate (Satış Ortaklığı) İş modeli 
Amazon gibi bir çok şirket bu şekilde affiliate mantığı ile çalışıyor. Affiliate iş modelini satış 
ortaklığı olarak tanımlayabiliriz. Siz Amazon’a müşteri kazandırdıkça oluşan satış başına 
komisyon alıyorsunuz. Bunu ürün incelemesi yaptığınız bir Instagram hesabı veya bir Youtube 
kanalı açıp Amazon’daki ürünleri tanıtarak yapabilirsiniz. 
6. Merch by Amazon (T-shirt Satışı) İş Modeli 
Bu iş modeli de Amazon’un ortaya koyduğu güzel bir yöntem. Bu model ile siz t-shirt tasarımları 
yapıyorsunuz, sizin tasarımlarınızın olduğu t-shirt ler satıldıkça Amazon o tasarımları basıyor ve 
gönderiyor. Siz sadece tasarım yaparak para kazanabiliyorsunuz, üretim ve baskıyla Amazon 
uğraşıyor. 
7. Kitap Satışı İş Modeli 
Biliyorsunuz Amazon şirketi kitap satışı ile e-ticarete başladı ve hala ciddi seviyede normal ve 
dijital kitap satışı yapılmakta. Sizde Amazon’da ikinci el veya sıfır kitaplar satarak gelir elde 
edebilirsiniz. 
 
 
 
 
 
 
Amazon FBA Nedir? Nasıl Yapılır? 
Private Label Yol Haritası 
 
 
Adım adım Amazon’da yapılabilecek en uzun soluklu ve gelecek vadeden iş modeli olan Amazon 
FBA Private Label iş modelini nasıl yapabileceğinizi ve diğer iş modellerine göre avantajlarını 
öğrenmiş olacaksınız. İlk adım ile başlayalım. 
1. Adım — Amazon Hesabı Açma 
Amazon’da mağaza açma konusu önemli konulardan bir tanesi. Aslında bazen en önemli konu 
olabiliyor. Çünkü Amazon Dünya’nın en büyük pazar yeri ve binlerce satıcı Amazon’da hesap 
açmaya çalışıyor. Amazon’da doğal olarak her satıcıyı platformununa kabul etmiyor. Amazon 
hesap açarken sizi veya şirketinizi doğrulamak için bazı belgeler istiyor. Eğer Amazon’a 
girdiğiniz bilgiler ile gönderdiğiniz belgeler tutarsız ise hesabınız açılmayabiliyor. 
Amazon’da hesabınızı açtığınız da 1–2 gün içerisinde %95 ihtimalle suspend oluyor, yani 
Amazon hesabınızı askıya alıyor ve kredi kartı ekstresi ,fatura gibi doğrulayıcı belgeler istiyor. 
Amazon’daki isminiz ve adresiniz gönderdiğiniz belgelerdeki isminiz ve adresiniz ile noktasına 
kadar aynı ise 1–2 hafta içinde hesabınız açılıyor. Eğer bazı tutarsızlıklar var ise hesabınız 
açılmaz, bir daha aynı kişi veya şirket üzerine hesap açamazsınız. O yüzden hesap açmadan önce 
bütün süreci iyice öğrenin, belgeleri düzgünce hazırlayın. En ufak bir hata bile Amazon’da 
mağaza açamamanıza neden olacağı için diğer adımlar olan ürün bulma ve satış yapma aşamasına 
geçememiş olacaksınız. Bu da Amazon’da satış gibi harika bir fırsatı kaçırmanıza neden olacaktır. 
Size tavsiyem bu konudaki bütün video ve yazıları okuyun, doğru şekilde ilerlerseniz hesabınız 
kolaylıkla açılacaktır. Hesabınızı açtıktan sonra yol haritamızdaki 2.adıma geçebilirsiniz. 
2.Adım — Ürün Bulma ve Analizi 
Arkadaşlar ürün bulma aşaması en önemli aşamadır, eğer yanlış ürün bulursanız diğer aşamaları 
ne kadar iyi yaparsanız yapın başarılı bir satış gerçekleştiremezsiniz. 
Tabi ki bir çok ürün araştırma yöntemi var. Helium 10 ve Jungle Scout gibi ürün araştırma 
yazılımlarını kullanarak vaya manuel olarak Amazon sayfalarında gezerek ürün araştırabilirsiniz. 
Sizlere bir çok ürün araştırma yöntemi anlatacağım. Ama en önemli nokta sizin diğer satıcılardan 
farklı bir bakış açısı ile ürün araştırıyor olmanız. Herkesin ürün araştırdığı gibi aynı kriterler ile 
ürün araştırırsanız binlerce satıcı ile rekabet etmek zorunda kalırsınız. Biraz çemberin dışına çıkıp 
çok kimsenin bakmadığı ürünleri araştırmanız daha gelecek vadeden, kar marjı iyi olan ürünler 
bulmanızı sağlayacak. 
Benim size tavsiyem öncelikle 20–30 adet ürün fikri araştırın, sonrasında bulduğunuz ürün 
fikirlerini rekabet durumu, rakip sayısı, yorum sayısı, ürün satış sayısı, ürün-fiyat trendi gibi bazı 
kriterlere göre analiz edin. Detaylı analiz sonucunda 3–4 ürün fikrine kadar düşürün. Son olarak 
üreticilerden fiyat alarak kar marjınızı analiz edin. En iyi kar ettiğiniz 1 ürün ile başlayın. Tabi ki 
kaç ürünle başlayacağınız sizin bütçenize ve zamanınıza bağlı. Eğer bütçeniz varsa daha fazla 
ürünle de başlayabilirsiniz. 
3.Adım — Üretici ve Tedarikçi Bulma 
Evet bir önceki adımda ürün fikirlerinizi bulmuştunuz. Zaten net olarak bir ürüne karar vermeniz 
için tedarikçilerden fiyat alıp kar marjınızı hesaplamış olmanız gerekiyor. 
Tedarikçinizi Dünya’dan veya Türkiye’den bulabilirsiniz. Ben genel itibariyle Türkiye’den 
tedarikçi bulmanızı öneririm. Türkiye ahşap, plastik, kozmetik ve tekstil gibi bazı kategorilerde 
Dünya’daki tedarikçilerle rekabet edebilecek durumda. Doların artması dolayısıyla maliyetler 
ciddi seviyede düştüğü için fiyat konusunda Türk üreticiler Dünya ile kolay rekabet edebilir hale 
geldi. Ayrıca Türkiye lojistik açıdan çok harika bir yerde. Türkiye’den çok hızlı bir şekilde 
Amerika ve Avrupa’ya ürünlerinizi gönderebiliyorsunuz. 
Tabi ki Türkiye’nin yetersiz kaldığı elektronik gibi bazı kategoriler var. Bu kategorilerde satış 
yapmak istiyorsanız Dünya’dan tedarikçiler bulmanız gerekiyor. İlk akla gelen ve en büyük 
tedarikçi platformu olan Alibaba.com’u kullanarak özellikle Çinli tedarikçileri kolaylıkla 
bulabilirsiniz. Çinli tedarikçilerden Dünya’daki neredeyse bütün ürünleri temin edebilirsiniz. 
Ayrıca Amazon’da satış yapan binlerce müşterileri olduğu için anlaşmanız da kolay oluyor. 
Amazon’da satış ile ilgili bir çok konuyu Çinli üreticiler çok daha iyi bildikleri için çok hızlı bir 
şekilde ürün ürettirip direk Amazon’a gönderebilirsiniz. 
4.Adım — Ürün Listeleme 
Artık ürününüzü ve tedarikçinizi buldunuz, Amazon’da ürün sayfanızı oluşturmanız gerekiyor. 
Ürünler üretime başladığında listenizi oluşturmanız gerekli. Çünkü listenizi oluşturup kargo planı 
yapmalı ve Amazon’un vereceği barkodları tedarikçinize göndermelisiniz. 
Online satışta insanlar ürünleri fiziki olarak görüp dokunamadığı için sizin oluşturduğunuz 
sayfaya bakarak almaya karar veriyor. O yüzden harika bir ürün sayfasına sahip olmalısınız. 
Amazon’da ürün sayfanızda resimler çok güzel bir şekilde hazırlanmalı ve insanları almaya teşvik 
edecek kullanım alanları güzelce gösterilmeli. 
Resimlerden sonra en önemli konulardan bir tanesi de başlık kısmıdır. Başlığınızıda Amazon’da 
ürününüzle ilgili en çok aranan kelimeleri geçirerek oluşturmalısınız. Tabi ki ürün listelemesi 
yapmadan önce ürün ile ilgili detaylı bir kelime araştırması yapmanız lazım. 
Bu belirlediğiniz kelimeleri kullanarak ürünün ana özelliklerini başlığın hemen altında (Bullet 
Points) yazmalısınız. Ayrıca detaylı açıklamaları da ürün sayfasının en altında bulunan açıklama 
(Description) bölümünde yazmalısınız. 
İyi bir ürün sayfasına sahip olmadan satış aşamasına geçerseniz dönüşüm oranlarınız düşük 
olacaktır. Sayfanıza girenlerin ürünü alma oranı düşük olduğunda ise Amazon sizi önde 
göstermeyecek ve istediğiniz satışlara ulaşamayacaksınız. 
5.Adım — Satış Taktik ve Stratejileri 
Artık ürünler Amazon’a ulaştı ve listesi de hazır. Şimdi satış stratejilerini uygulama aşamasına 
geldiniz. Ürünü yeni ortaya çıkardığınız için bu sürece ürün lansmanı deniyor. Ürün lansmanı için 
bir çok yöntem var ama temel olarak iki tane yöntem var. Birinci yöntem giveaway yöntemi, 
ikincisi ise PPC reklamları yöntemi. 
Bizim genel olarak uyguladığımız ürün lansmanı yöntemi; 
• Öncelikle kelime analizi yapıp ilk sıralara geldiğimizde satış yapabileceğimiz kelimeleri 
belirlemek 
• Sonra bu kelimelerden en iyi fırsat olanda ürün fiyatını müşterilere geri ödeyerek bedava 
ürün dağıtmak (tam fiyat giveaway) 
• Giveaway sonrasında ürüne 5–6 yorum almak 
• Öncelikle Otomatik PPC (pay per click) reklamlarına başlamak 
• Reklam raporlarını incelemek ve kar edilen kelimeleri belirlemek 
• Manuel PPC kampanyaları yapmak 
• Sonrasında PPC kampanyalarını kar edilen kelimeleri devam ettirmek, zarar eden 
kelimeleri çıkarmak suretiyle optimize etmek 
Bu süreci uyguladığımızda lansman süreci bitmiş oluyor. Artık ürününüz düzenli olarak satıyor 
hale geliyor. Sonrasında satışların azalmaması için reklam kampanyalarını optimize ederek devam 
etmek gerekiyor. 
Tabi ki bu yöntemler bir çok faktöre göre değişiklik gösteriyor. Bu faktörlerden bir tanesi ürün 
fiyatı. Fiyatı yüksek bir üründe giveaway biraz zor olabiliyor, o yüzden bu tür ürünlerde direk 
PPC reklamları ile başlıyoruz. Satış taktik ve stratejilerinin detaylarını sonraki yazılarda 
anlatacağım. 
6. Adım — Markalaşma ve Dijital Pazarlama 
Ürün lansmanı bittiğinde artık ürününüz düzenli satışlara başlayacaktır. Bir süre daha reklam 
kampanyalarını yürüttüğünüzde artık ürün oturmuş olacaktır. İyi satışlara ulaştığınızda bir çok 
satıcı sizin listenize girip fiyat azaltıp satmaya çalışacaktır. Eğer markanız yoksa onlarla uğraşmak 
çok zor olacak ve satışlarınız çok azalacaktır. 
Private Label iş modelinde kendi markanızı yarattığınız için en önemli konulardan biri de 
şüphesiz marka tescilidir. Marka tescili sizi satışınıza ve listenize zarar vermek isteyen 
korsanlara karşı koruyacak tek şeydir. O yüzden marka tescilinizi ne kadar erken yaptırırsanız o 
kadar iyi. 
Satışlarınız oturduktan sonra artık marka bilinirliği artırmak amaçlı sosyal medya ve dijital 
pazarlamayı ciddi şekilde kullanmalısınız. Bu iş modelinde sadık müşteri kitlesi yaratmak çok 
önemlidir. Marka bilinirliğiniz arttıktan sonra artık satışlarınız ciddi şekilde artacak. Lansman gibi 
tanıtım maliyetleriniz azalacaktır. Örneğin markanıza bir Instagram hesabı açtınız ve binlerce 
takipçiniz oldu. Artık yeni ürün çıkardığınızda sadece takipçileriniz ile ürün lansmanınızı 
yapabiliyor olacaksınız. 
Evet son adımımız da bitti ve Amazon FBA Private Label yol haritanız kafanızda oturmuş oldu. 
Amazon Türkiye’de Nasıl Satıcı Hesabı 
Açılır? 
 
 
İş hayatında başarılı olmak, dünya pazarlarında yer almak ve çok para kazanmak her girişimcinin 
hayalidir. Özellikle son yıllarda artan değeri ve büyüklüğü ile E-ticaret yapmak bir çok 
girişimcinin hayali olmuştur. 
E-Ticaret dendiğinde ise dünyada akla gelen ilk şirket tabi ki girişimcilerin gıpta ile takip ettiği ve 
dünyanın en zengin insanı Jeff Bezos’un sahibi olduğu Amazon şirketidir. Amazon ile beraber 
Alibaba, Aliexpress, Etsy benzeri E-ticaret platformları ve B2B pazarları da aklımıza gelmektedir. 
İşte şimdi sizlere Amazon Amerika’da hesap açmanın ilk adımı olan Amazon Türkiye’de nasıl 
hesap açabileceğiniz ve hesap açarken nelere dikkat etmeniz gerektiğini anlatacağım. 
Amazon’da hesap açmak için size ilk tavsiyemiz hesap açılışı ile ilgili olan bütün gerekli bilgileri 
edinmeniz ve ufak bir eğitim almanızdır. Neden mi? Çünkü bilgisizce yapılacak küçük hatalar 
geri dönüşü olmayan büyük hatalara yol açacaktır.Bu kritik süreçte bilmeniz gerekli olan en 
önemli bilgiyi sizlere sunuyoruz. 
Amazon tarafından yapılan son güncellemeler ile Türk vatandaşları artık doğrudan Amazon.com 
üzerinden yani Amazon Amerika’da, şahıs olarak veya şirket olarak hesap açamamaktadır. Sebebi 
tam olarak bilinmemekle beraber sürecin devamlı mı olacağı yoksa tekrar düzeltme yapılıp 
yapılmayacağı konusunda yeterli bilgi için belirli bir süreç gerekmektedir. Ancak görünen o ki bu 
süreç artık bu şekilde devam edecektir. 
Bizim bu konu ile ilgili sizler için bir çözüm yolumuz var. İster şirket olun ister bireysel 
olarak yani şirket olmadan Amazon Amerika’da hesap açabiliyorsunuz. 
Amazon Amerika’da hesap açabilmek için öncelikle Amazon Türkiye üzerinden hesap açılmalı 
ve ardından Amazon Türkiye’deki hesabınız üzerinden Amazon Amerika’da hesap açabilirsiniz. 
Yani artık Amerika’da hesap açmanın tek yolu önce Amazon Türkiye üzerinden hesap açmak ve 
daha sonra bu hesabınızı kullanarak ilerlemektir. 
İşte bu nedenle bu yazımda sizlere öncelikle Amazon Türkiye’de nasıl hesap açılır onu 
anlatacağım. Biliyorsunuz ki Amazon Türkiye’de hesap açabilmeniz için vergi numaranızın ve 
vergi dairenizin, yani öncelikle şahıs, limited veya anonim şirketinizin olması gerekmektedir. Bu 
da tabi ki özellikle şirket sahibi olmayan girişimcilerin canını sıkan bir durum olmuştur çünkü bu 
aynı zamanda ekstra para ve zaman harcamak demektir. Ama size şirket olmadan da nasıl hesap 
açabileceğinizi anlatacağım. 
Hazırsanız artık Amazon Türkiye’de hesap açmaya geçebiliriz. Amazon Türkiye’de hesap açmak 
oldukça kolay ve kısa sürede gerçekleştirilebiliyor ancak burada dikkat etmeniz gereken esas 
konu girdiğiniz bilgilerinizin Amazon Amerika için de uygun biçim ve formatta olmasıdır. 
Eğer asıl hedefiniz Amazon Amerika ise girdiğiniz adres ve bilgilerinizin İngilizce karakter 
ile yazılmasına ve mümkün oldukça türkçe karekter kullanmamaya dikkat etmelisiniz. 
Hesap açarken yapmanız gereken ilk aşama amazon.com.tr adresine girmektir. Eğer Amazon 
Türkiye’de daha önce alıcı hesabınız varsa hesabınızın üzerinden satış yap diyerek satıcı hesabına 
yönelebilirsiniz. Eğer alıcı hesabınız yoksa sayfanın en altındaki satış yapın seçeneğine tıklayarak 
devam edebilirsiniz. 
 
Bizimle para kazanın bölümünün altındaki Amazon’da Satış Yapın linkine tıkladığınızda 
karşınıza aşağıdaki iki seçenek gelecektir. Her ne kadar Türkiye Amazon içinde Amazon 
Europe’da yer alacak şekilde görünse de ayrı bir seçenek olarak görülmektedir. 
 
Buradaki seçeneklerden Amazon Türkiye’de satışa başla ile devam ediyoruz. Ardından karşınıza 
aşağıdaki görüntü gelecektir. Artık hesap aç diyebilirsiniz. 
 
Karşınıza çıkan aşağıdaki görüntü ile artık hesap oluşturabilirsiniz. Adınızı- soyadınızı Türkçe 
karakter kullanmadan yazın. Bu bilgileri girdikten sonra Amazon sizden şirket türünüzü, telefon 
numaranızı, adresinizi ve gerekli tüm bilgileri istemeye devam edecektir. 
 
 
Adres bilgileriniz ve işletme bilgilerinizi girdikten sonra yine sırasıyla kişisel bilgilerinizi, kredi 
kartı bilgilerinizi ve mağaza adınızı sırası ile girmeniz gerekmektedir.Bu işlemlerinizin ardından 
hesap açma işleminizi bitirdiniz demektir. Buradaki Mersis numarası zorunlu değildir. Eğer 
şirketiniz yoksa vergi numaranızı vergi dairesinden öğrenebilirsiniz. Şirket ile ilgili herhangi bir 
belge istenmediği için hesabınız açılacaktır. Bu sayede şirketiniz olmasa bile hesap açabilirsiniz. 
İşte Amazon Türkiye’de hesap açmak bu kısa aşamaları geçerek tamamlanmaktadır. Hesap 
açılışından sonra hesabınız ile ilgili son olarak bir kimlik doğrulama işleminiz 
gerçekleştirelicektir. Toplam en fazla 2–3 gün süre içerisinde kimliğiniz doğrulanmış ve hesabınız 
aktif olmuş olacaktır. (Amazon son zamanlarda kimliği bazen istemiyor) 
Amazon Türkiye’de hesap açmak, hem kendinizi hem de şirketinizi Amazon’a tanıtmak ve 
Amazon içinde işe başlamak için sizin için çok önemli bir adım olacaktır. 
 
 
 
 
 
 
 
 
 
 
Amazon Amerika Satıcı Hesabı Açılışı 
Nasıl Yapılır? 
 
 
Amazon Amerika’da satıcı hesabı açmak ve dünyanın en büyük e-ticaret pazar yeri olan 
Amazon’da ticaret yaparak ürün satmak gibi bir hayaliniz varsa bu yazımı dikkatli okumanızı 
tavsiye ediyorum. 
Biliyorsunuz ki e-ticaret yapabilmeniz için öncelikle seçmiş olduğunuz e-ticaret platformlarında 
mağazanızı açmalısınız. Bu nedenle Amazon’da ticarete başlamadan önce de Amazon’un sizden 
istediği şartları ve yeterliliği sağlamalı ve ardından hesap açılışı için başvuru yapıp kabul 
ettirmelisiniz. 
Eskiden direk Amerika Amazon’da ülke olarak Türkiye’yi seçerek hesap açabiliyorduk. Ancak 
Amazon buradan Türkiye’yi kaldırdı. Şu an için en doğru çözüm önce şirket olarak veya şirket 
olmadan Amazon Türkiye’de hesap açmak. Sonra bu hesabınız üzerinden Amazon Amerika’da 
hesap açmak. Bu şekilde yaptığınızda hesabınız açılıyor.  
Amazon Türkiye hesap açılışını yaptıktan sonra yapmanız gereken tek şey hesabınıza girip 
aşağıda yer alan adımları takip etmektir. 
1.Seller Agreement 
Amazon Türkiye hesabınıza girin ve ana sayfanıza gelerek aşağıdaki fotoğrafta göründüğü gibi 
Envanter bölümündeki “Global Satış” seçeneğine tıklayarak ilerleyin. 
 
“Global satış” seçeneğine tıkladığınızda karşınıza kıta seçeneklerinin çıktığını göreceksiniz. 
Burada Amerika, Avrupa, Asya Pasifik, Ortadoğu ve Afrika seçeneklerini göreceksiniz. 
 
Amazon Amerika’da satış yapmak için Amerika satış hesabı oluşturun seçeneğini tercih ediyoruz. 
Daha sonra ise gelen sayfada Amazon Türkiye’de kullandığınız e-mail ve şirket adı ve şifre 
bilgilerinizi girmeniz gerekiyor. 
 
Bu aşamada Amazon Türkiye’de kullandığınız e-mailinizi kesinlikle kullanmanız gerekiyor. Eğer 
maili aynı şekilde girmezseniz diğer bilgilerinizi de Amazon önünüze getirmeyecektir. 
 
2.Seller Information 
Bu aşamada Amazon Türkiye üzerinden hesap açtığınız için özellikle adres bilgilerinizin 
doğrudan karşınıza Amazon Türkiye hesabınızdan aktarıldığını göreceksiniz. 
Burada özellikle bilgilerinizin ve adreslerinizin birbiri ile aynı olmasının, Amazon Amerika 
hesabınızın sorunsuz açılmasına imkan sağladığını göreceksiniz. 
 
Yukarıdaki fotoğrafta görüldüğü gibi işiniz için gerekli olan satıcı bilgileri girilir ve artık bir 
sonraki aşama olan ödeme ve para alma metodlarına geçilir. 
3. Billing/Deposit Method 
Amazon’un hesap açılışı için sizden istediği 47 dolarlık kesinti işte tam da bu aşamada 
gerçekleşiyor. Bu aşamada kredi kartı bilgilerimizi Amazon’a girerek hem hesap açılış ücretimizi 
ve hem de ödeme yöntemimizi girmiş oluyoruz. 
 
Ardından ise Amazon’un kazanacağımız parayı bize yatırabilmesi için ihtiyacı olan bir tane ABD 
banka hesabı tanımlayarak bu aşamayı tamamlıyoruz. 
 
Eğer ABD’de tanımlı bir banka hesabınız yoksa Amazon Amerika hesabını açmaya geçmeden 
bir-iki gün önce bir PAYOONER hesabı açabilirsiniz.(Payoneer hesap onayı en az bir-iki gün 
sürmektedir.) 
Diğer bir seçenek ise Amazon’un yönlendirmesi ile Hyperwallet kullanarak banka hesabını 
doğrudan bu aşamada açabilirsiniz. Herhangi bir ekstra zamana ihtiyaç duymayacaksınız bu işlem 
için çünkü Amazon’un yönlendirmesi ile hemen açılmaktadır. 
 
Banka hesabı açılışı bu aşamada çok kritik bir husus durumundadır. Özellikle açmış 
olduğunuz banka hesap bilgilerinizin Amazon hesabınızdaki bilgilerle mutlaka aynı olması ve 
çelişmemesi gerekir. Aksi halde hesabınız açıldıktan kısa bir süre sonra Suspend olacak yani 
askıya alınacaktır. 
 
Bu aşama banka hesabı oluşturulup gerekli olan hesap numarası ve diğer bilgiler girildikten sonra 
bitecek ve bir sonraki aşamaya geçilecektir. 
4.Tax Information 
Bu aşama Amazon’a vereceğiniz vergi bilgilendirmesidir. Bu aşamada vergiyi nerede 
vereceğinizi seçmeniz gerekecek ve tercih ettiğiniz vergi beyanını e-imza ile onaylamanız sizden 
istenecektir. Türkiye’de vergi vereceğinizi beyan ederek gerekli olan formu doldurmanız aşağıda 
yer alan fotoğraflardaki gibi karşınıza gelecektir. 
 
Bu fotoğrafta da görüldüğü üzere önce sizin şirket yada şahıs olduğunuz daha sonra ise ABD 
vatandaşı olup olmadığınız sorulacaktır. 
Burada önemli olan kriter şirketinizin şahıs şirketi olup olmadığıdır. Eğer şahıs şirketi iseniz 
“individual” seçeneğini seçmelisiniz. Limited veya Anonim ise şirketiniz “business” seçeneğini 
tercih etmelisiniz. 
 
Ardından yine adres ve diğer bilgileri seçip yukarıdaki gibi adınızı yazarak imza atmanız 
gerekmektedir.Böylece bu aşamanında sonuna gelmiş olursunuz. 
5.Product Information 
Son aşamamızda ise satmayı düşündüğünüz ürünler ile ilgili anketi doldurup kısaca bilgi vererek 
hesap açılışımızı tamamlamış oluyoruz. 
 
Bu aşamayı da geçtikten sonra artık Amazon Amerika hesap açılışınız neredeyse tamamlanmak 
üzeredir. Artık yapmanız gereken işletme sahibi veya yetkilisine ait pasaport veya yeni tip 
ehliyetinizin arkalı-önlü taranmış halini yüklemek, Amerikan banka hesap ekstresi(payoneer-
hyperwallet) veya kredi kartı ekstrenizi amazona yükleyerek onay vermektir. Bu belgeleri de 
yükledikten sonra herhangi bir işleminiz kalmayacaktır. 
Yazımızın başında dediğimiz gibi Amerika Amazon hesabı için Türkiye’den başvuru 
yapabilmeniz için öncelikle Amazon Türkiye hesabınızın olması gerekmektedir. Bu nedenle 
Amazon Türkiye’de nasıl hesap açmanız gerektiğini öncelikle öğrenmeli ve hesabınızı 
açmalısınız. 
 
Amazon FBA Bütçe Planlama — Ne 
Kadar Bütçe ile Başlamalısınız? 
 
 
Amazon FBA Bütçe Planlaması Nasıl Yapılmalı? 
Amazon’da satış yaparken en önemli konuların başında bütçe planlama gelmektedir. Eğer 
bütçenizi doğru planlamazsanız ne kadar bütçeniz olsada başarısız olma ihtimaliniz yüksek 
olacaktır. 
Amazon’da FBA modeli ile satış yaparken bütçenizi 3'e bölmeniz faydalı olacaktır. Ürün 
araştırmaya başlamadan önce planı kesinlikle yapın. Örnek bir bütçe üzerinden beraber planlama 
yapalım. 
Amazon FBA Private Label iş modeline başlamaya karar verdiniz ve 3000 dolarınız var diyelim. 
Öncelikle bu paranın üçte birini ürün alımı için ayırın. Üçte birini ürün lansmanı ve reklam için 
ayırın. Geri kalan üçte birini de ikinci parti ürün siparişi için ayırın. İkinci parti sipariş için para 
ayırmanızın nedeni Amazon’un ilk ürünlerin satışından gelen parayı hemen size vermemesi. 
Amazon normalde paranızı 2 hafta da bir verir ama başlangıçta size tam olarak güvenemeyeceği 
için ilk parayı size en hızlı 1 ay sonra verecektir. 
Paranın üçte birini ürüne ayırdığınız durumda 1000 dolara ürünü almanız gerekiyor. İlk siparişi 
200 adet yaparsanız uygun bir adet ile başlamış olursunuz. Tabi ki ilk siparişte kaç adet alacağınız 
satış hızına bağlı ama ortalama 200 adet ürünü deneme amaçlı iyi bir rakam. Bu durumda ürün 
başı maliyetiniz 5 dolar olacak. Tabi ki bu ürünün üretim ve Amazon’a kargo maliyeti. 5 dolara 
aldığınız bir ürünü 15–25 dolara satabilirsiniz. Demek ki sizin ürün araştırmadaki bakmanız 
gereken ürün grubu 3–4 dolara alabileceğiniz, 1–2 dolar kargosu olan ve 15–25 dolara 
satabileceğiniz ürünler olmalı. Bütçenizi bu şekilde planlamadan ürün araştırırsanız doğru ürünleri 
bulamazsınız. 
Üçte birini de lansman ve reklama ayırmıştınız. 200 ürün sipariş etmiştiniz, belirlediğiniz bir 
kelimede öne gelmek için 30 adet ücretsiz ürün dağıtmayı planladınız diyelim. Ürün dağıtımı için 
anlaştığınız kişilere ürünlerinizi alsın diye +5 dolar vereceksiniz (30*5=150 dolar). Ürünlerinizi 
müşterilere göndereceğiniz için Amazon depo ve kargo ücretiniz sizden kesecek. 15 dolarlık bir 
üründe (tabi ki ürün boyut ve ağırlığına göre değişir) ortalama 5–6 dolar keser (6*30=180 dolar). 
Dağıttığınız kişilerin 5'inden yorum aldığınızda her birine 10 dolar vereceksiniz (5*10 = 50 
dolar). Ücretsiz ürün dağıtımı sonrasında PPC reklamlarına başlamanız gerekiyor. Ürününüz yeni 
olduğu için yorum sayınızın azlığından dolayı tıklayanların alma oranı az olacaktır. Ürününüzü 
görünür kılmak için reklamlardan zarar etseniz bile devam etmeniz gerekiyor. Reklam için 
ayırdığınız 1000 doların bir bölümü ücretsiz ürün dağıtımına, bir bölümüde PPC reklamlarına 
gidecektir. 
Artık ürün lansmanı ve reklamlar sayesinde ürününüz satmaya başladı diyelim. Amazon’daki 
stoğunuz bitmeden yeni stok göndermeniz gerekiyor. Eğer stok zamanında girmezse ürününüz 
stoksuz kalacağı için reklamlar sayesinde kelimelerde geldiğiniz yerleri kaybedeceksiniz. 
Amazon’da paranızı hemen geri vermeyeceği için ikinci siparişi verirken bütçe planlamasında 
ayırdığınız üçte birinden harcamalısınız. 
Peki Amazon FBA işindeki genel itibariyle zorunlu ve ihtiyari giderleriniz nelerdir? 
• Aylık olarak Amazon’a verdiğiniz ücret 47 dolar. 
• Amazon ürün araştırma yazılımları aylık 80–90 dolar. Bu yazılımlardan bir tanesini seçip 
ortak kullanım grupları vasıtasıyla 7–8 dolara düşürebilirsiniz. 
• Ürün numuneleri Çinden alırsanız 30–40 dolar 
• Tedarikçi’de ürün denetimi ücreti 100–200 dolar 
• Ürün fotoğrafları 100 dolar. Kendiniz çekip düzenleme yaparsanız bu masraftan 
kurtulabilirsiniz 
• Markanızın logo tasarımı 5 dolar, paket tasarımı 40–50 dolar. Bu tasarımları kendiniz 
yapabilirseniz bu masraftan kurtulabilirsiniz. 
• Amerika’da marka tescili avukatı ücreti 275 dolar 
• Amerika’da marka tescili başvuru ücreti 275 dolar 
Amazon FBA iş modeline ne kadar bütçe ile başlayabilirsiniz? 
Bu soru gerçekten ucu açık bir soru. Aslında yukarıda anlattığım gibi bütçenizi planladığınız 
sürece pek bir sıkıntı yok. 1000 dolar ile de başlayabilirsiniz ama üçe böldüğünüzde 333 doları 
ürüne ayırabilirsiniz. 200 ürün alsanız 1.6 dolara hem ürünü hem de kargoyu alabiliyor olmanız 
lazım. Bu kadar ucuza aldığınız bir ürünü de 6–7 dolara satabilirsiniz. Herkes bu tarz düşük fiyatlı 
ürünlere girdiği için ciddi bir rekabet ile karşılaşacaksınız. Ayrıca Amazon örneğin 20 dolarlık bir 
üründen 6–7 dolar ücret alırken (%33), 7 dolarlık bir üründen 3.5 dolar (%50) alacaktır. Yani 
düşük fiyatlı ürünlerde görece daha fazla ücret almaktadır. Dolayısıyla kar marjınız düşük 
olacaktır. Bu tür düşük fiyatlı ürünlerin bir diğer sıkıntısı da PPC yaptığınızda kar edememeniz. 
Çünkü zaten kar marjınız 1–2 dolar, PPC yaptığınızda 5–6 kişi tıklayıp bir kişi alacak ürünü. 
Tıklama başına 0.5 dolar verseniz 3 dolar PPC ücreti vereceksiniz. Kar marjınız direk PPC 
reklamına gidecek. 
İşte aslında 1000 dolar ile de bu işe başlarsınız ama kar edeceğiniz ürün bulmak çok zor olacaktır. 
Herkesin girdiği ucuz ürünlere girmek zorunda kalırsınız. Yani 1000 dolar veya 5000 dolar ile 
başlamak arasındaki temel fark gireceğiniz ürün grubu. 5000–10000 dolar ile başladığınızda daha 
yüksek fiyatlı ürünlere girip karlı bir iş kurabilirsiniz. 
 
Amazon’da Satış Yaparken Bilmeniz 
Gereken Önemli Terimler 
 
Arkadaşlar merhaba, bu yazımda sizlere Amazon’da satış yaparken bilmeniz gereken bazı 
terimleri açıklayacağım. Tanımını yapacağım kelimeler sadece Amazon’da değil global anlamda 
e-ticarette sıklıkla karşılacağınız temel terimlerdir. Amazon gibi devasa bir platformda özellikle 
satıcı hesabı bulunan kişilerin mutlaka bu terimleri bilmesinde fayda vardır. Şimdi kısa ve basit 
bir şekilde bu kavramları açıklamaya başlayalım. 
FBA (Fulfillment by Amazon) 
“Fulfillment by Amazon” kelimelerinin kısaltılarak ifade edilmiş halidir.Dünyanın en büyük e-
ticaret pazar yeri olan Amazon’un geliştirdiği bu sistem hem satıcılar hem de alıcılar için büyük 
kolaylıklar sağlamaktadır. FBA sisteminde ürettiğiniz ya da herhangi bir tedarikçiden almış 
olduğunuz ürünleri, Amazon’un depolarına gönderdikten sonra ürünlerinizin depolama, 
paketleme, kargolama, satış sonrası destek ve geri iade gibi tüm yorucu ve zaman alıcı işlemleri 
Amazon’un belli bir ücret karşılığında sizin adınıza yapıyor. 
FBM (Fulfillment by Merchant) 
“Fulfillment By Merchant” kelimelerinin kısaltılmış halidir. Yani satıcıların Amazon’da 
ürünleri müşteriye gönderirken depolama, paketleme, kargolama ve satış sonrası hizmetlerle 
bizzat kendi başına yapmasıdır. İlave olarak depolama, hızlı nakliye ve Amazon FBA ile gelen 
diğer avantajlardan faydalanamadığı için çoğu satıcı için göz ardı edilmektedir. Ayrıca FBM 
ürünleri ön plana çıkarmak Amazon’un algoritması gereği zordur. 
ASIN (Amazon Standard Identification Number) 
“Amazon Standard Identification Number“ kelimelerinin kısaltılmış halidir ve Amazon Standart 
Kimlik Numarası olarak çevrilebilir. Yalnızca 10 karakterden oluşan bu harf ve rakam 
kombinasyonu, Amazon platformu aracılığıyla satılan her bir ürün için benzersiz bir kimlik teşkil 
eder. Amazon’daki her ürün sayfasının kendi ASIN’i vardır. Hiçbir zaman iki ürünün ASIN’i aynı 
olmaz. 
 
BSR (Best Sellers Rank) 
“Best Sellers Rank” kelimelerinin kısaltılmış halidir .BSR Amazon’un kategorilerdeki ürünlerinin 
en iyi satandan en az satana göre sıralamasıdır. Sıralamanın kendisi bir dizi faktöre 
dayanmaktadır. Bir ürünün satış sıralaması ne kadar düşükse, aynı kategorideki diğer ürünlerle 
karşılaştırıldığında daha iyi satıyor demektir. Ayrıca, her bir kategoride olduğu gibi Amazon’daki 
her alt kategoride de kendi bireysel en iyi satanlar sıralama sistemi vardır. 
BUY BOX 
Amazon’da aynı ürün farklı satıcılar tarafından satışa açılabiliyor. Alıcılar ise, bir ürünü 
aradıklarında karşılarına çıkan uzun mağaza listesine pek fazla göz gezdirmek yerine Sepete Ekle 
seçeneğine tıklayıp ürünlerini çok daha kısa sürede satın almayı tercih ediyorlar. İşte Buy-
Box tam da bu noktada devreye giriyor. Eğer Buy- Box sahibi siz iseniz, alıcı sepete ekle 
butonuna tıkladığında otomatik olarak sizin ürününüzü satın almış oluyor. Hal böyle olunca, Buy-
Box sahibi olmak size çok büyük bir avantaj sağlıyor. 
BEST SELLER 
Best Seller rozeti, ürün detay sayfasında görünen ve ürünün kategoride en çok satan ürün 
olduğunu belirten bir etikettir. Bir alt kategoride en çok satan ürün sizinki ise Amazon size bu 
rozeti verecektir. 
AMAZON’S CHOICE 
Bu rozet kategori yerine aranan anahtar kelime de en çok satan ürüne verilir. Aşağıdaki örnekteki 
gibi en soldaki ürün Gift Wrap Bags kategorisinde en çok satan üründür. En sağdaki Amazon’s 
Choice rozeti olan ürün ise “bags with handles” kelimesinde en çok satan üründür. 
 
RANK KAZANMAK 
Amazon’da Rank kazanmak terimi aslında ürünlerinizin belirlediğiniz kelimelerde ilk sayfalara 
gelmesi anlamına gelmektedir. 
LISTING (Ürün Listesi) 
Listeler müşteriler tarafından görünen Amazon ürün sayfalarıdır. Ürününüzün başlığı, resimleri, 
açıklaması ve fiyatı da dahil olmak üzere birçok bilgilerden oluşur ve müşterinin satın almaya 
ikna edecek en önemli unsurdur. 
 
LAUNCH (Lansman) 
Amazon’a ürünlerinizi ilk defa gönderdiğinizde kimse ürününüzü göremeyecek ve dolayısıyla hiç 
satış olmayacaktır. Ürünlerinizi çeşitli taktik ve stratejilerle ilk sayfalarda görünür hale getirmeye 
ürün lansmanı denir. 
KEYWORD (Anahtar Kelime) 
Amazon’da satışta bilmeniz gereken en önemli kelimelerden bir tanesi keyword. İnsanlar 
Amazon’a girdiklerinde istedikleri ürünleri tanımlayacak kelimeleri yazarak araştırma yapıyor. 
Bu kelimelerin aylık aranma hacimlerini kullanarak hem ürün listenizi oluşturabilir hem de ürün 
lansman ve reklamlarını yapabilirsiniz. Anahtar kelimeleri iyi şekilde kullanırsanız satışlarınız 
ciddi şekilde artacaktır. 
GIVEAWAY (Ürün Dağıtma) 
Ürün lansman stratejilerden en çok kullandığımız Giveaway yöntemi. Bu yöntemde bir kelimede 
ilk sayfaya gelmek için rakiplerimiz o kelimede ne kadar satıyorsa o kelimde bizde o kadar 
ücretsiz veya tam fiyat olarak ürünler dağıtıyoruz. Çoğunlukla anlaştığımız kişiler tam fiyattan 
ürünleri alıyorlar, biz onlara paralarını gönderiyoruz. 
PPC (Pay Per Click) 
“Pay Per Click” Amazon’un tıklama başına sizden ücret aldığı bir reklam çeşididir. PPC 
reklamlarında reklam vermek istediğiniz Keyword (arama kelimesi) seçtikten sonra bu keyword 
için bid (teklif) yaparsınız. Amazon sizin teklifinizi rakiplerinizin tekliflerine kıyaslayarak 
ürünleri sıralar. Bir çok faktör var ama genel itibariyle en iyi teklif vereni Amazon en önde 
sponsorlu olarak gösterir. PPC kampanyalarında maliyet bir müşteri sizin reklamınıza tıkladığında 
oluşur, yani reklamınız ilk sayfada dahi olsa kimsenin reklama tıklamaması durumunda herhangi 
bir gider oluşmayacaktır. 
 
ACOS (Advertising Cost of Sale) 
“Advertising Cost of Sale”” (Satış Reklam Gideri) olarak Türkçe’ye çevirebiliriz. PPC yaparken 
tıklama başına maliyetinizin satışlara oranını gösterir. Formül olarak belirtmek gerekirse; 
ACOS = Reklam Giderleri / Satışlar olarak hesaplanır, örnek verecek olursak eğer satış 
kampanyasından 400 $’lık satış elde edildiyse ve bunun için 200 $ reklam maliyeti oluştuysa 
ACOS 200/400=%50 şeklinde hesaplanacaktır. Bu diğer bir deyişle satışlarınızdan oluşan giderin 
yarısı reklam maliyetine gitmiş olacaktır. 
CONVERSION RATE (Dönüşüm Oranı) 
Ürün sayfasınızı ziyaret eden müşterilerin ürünü satın alma oranına dönüşüm oranı denir. Örneğin 
ürün sayfanıza 100 kişi girmiş ve 20 kişi ürünü almışsa sizin dönüşüm oranınız %20 dir. Eğer 
yüksek bir geri dönüş oranınız varsa, Amazon sizin ürününüzü talep edilen ürün olarak görür, 
aramalarda ve sıralamalarda ürününüzü üst sırada gösterir. Eğer düşük bir dönüşüm oranınız 
varsa, daha çok satış yapabilmek adına ürün listenizi düzenlemeniz gerekecektir. 
BRAND REGISTRY 
Brand registry Amazon’a markanızı kayıt ettirmeniz anlamına gelmektedir. Marka kaydı 
sayesinde Amazon size bir çok avantaj sağlayacaktır. 
DDP SHIPPING 
“Delivered Duty Paid” kelimelerinin kısaltılmış hali olup “Gümrük Vergisi Ödenmiş Olarak 
Teslim” anlamına gelmektedir. Tedarikçi, ürünlerin belirtilen yere taşınıp tesliminden sorumlu 
olup bu süreçteki gümrük bedeli, vergiler ve ihracat eyleminden doğan diğer ücretler dahil tüm 
tarife ve harçlardan sorumlu olduğu anlaşma şeklidir. Yani Amazonda yeni bir satıcıysanız 
özellikle Çin üzerinden alacağınız ürünler için bu yöntemi kullanmak sizin için uygun olacaktır. 
 
EX WORKS (EXW) — (İŞLETMEDE TESLİM) 
Satıcının ürünleri kendi mağazasından teslim etme şeklini bildiren anlaşmadır. Diğer bütün 
ücretlerin, nakliye, gümrük vergisi ve risklerin tamamen alıcıya ait olduğu bir anlaşma şeklidir. 
EAN — (EUROPEAN ARTICLE NUMBER — AVRUPA MADDE NUMARASI) 
Temelde UPC kodunun Avrupa’daki karşılığıdır. EAN 13 rakamdan oluşur ve bu barkodlar dünya 
çapında genellikle perakende olarak satılan ürünlerin işaretlenmesi için kullanılmaktadır. Özgün 
adı European Article Number ama kısaltma değişmediği halde artık International Article 
Number olarak adlandırılıyor. UPC sistemi daha çok Amerika ve Kanada’da kullanıldığı için 
uluslararası pazarlarda daha çok EAN tercih edilebilir. 
UPC — (UNIVERSAL PRODUCT CODE — EVRENSEL ÜRÜN KODU) 
Amerika Birleşik Devletleri’nde perakende ambalaj için yaygın olarak kullanılan 12 basamaklı bir 
barkoddur. Birkaç farklı barkod türü olmasına rağmen, UPC sembolü, ABD’deki neredeyse her 
perakende ürün üzerinde görünür .Amazon’da bir ürünü listeleyebilmek için bir UPC barkod 
numarasına ihtiyacınız var. Amazon barkod muafiyetiniz yoksa geçerli bir UPC kodu olmayan bir 
öğeyi listelemenize izin vermez. 
FNSKU — (FULFILLMENT NETWORK STOCK KEEPING UNIT) 
FNSKU barkodları Amazon’un kendi “UPC barkod”ları diyebiliriz. Amazon’un ürünlerinizi 
tanımak için kullandıkları bir barkoddur. Ürününüzde taranabilir bir UPC barkodu varsa, 
tamamen kapsanması için FNSKU barkod etiketini UPC barkodunun üstüne yapıştırmanız 
gerekecektir. FNSKU, bir satıcı olarak size özeldir ve belirli bir ASIN için her zaman aynı 
kalacaktır. Amazon’a ürünleri gönderirken her bir ürünün paketine bu barkodları yapıştırıp 
göndermeniz gerekmektedir. 
 
GTIN EXEMPTION (GTIN Muafiyeti) 
GTIN — (Global Trade Identification Number — Global Ticari Öğe Numarası): Bu 
numaralar veri tabanlarında ürün bilgisi bulmak için uluslararası kullanılan evrensel 
belirleyicidirler. Barkod muafiyeti talebinin asıl amacı ürünlerinizin uluslararası barkoda sahip 
olmayacağını belirterek Amazon’un sizin için yardımcı olmasını sağlamaktır. 
CASE AÇMAK 
Amazon satıcıları müşteriler, siparişler, yorumlar, listeleme ve daha birçok problem için sıklıkla 
Amazon ile iletişime geçme ihtiyacı duyarlar. Kısaca bu işleme case açmak diyoruz. Doğru 
yöntemi izlemezseniz, Amazon ile iletişime geçmek bir kabusa dönüşebilir. Kısaca Amazonla 
iletişime geçmek için; Sellercentral üzerinden sağ üst köşedeki “Help” butonuna tıklayın ve açılan 
sayfada biraz aşağı indiğinizde “Need More Help” bölümüne tıklayarak satış veya reklamlarla 
ilgili sayfaya yönlendirileceksiniz. Buradan sonra ihtiyacınıza göre uygun başlık altında problemi 
seçerek telefon ya da mail yoluyla Amazon ile iletişime geçebilirsiniz. 
 
 
 
 
 
 
 
 
Amazon FBA Private Label Nasıl Ürün 
Seçmeliyiz? 
 
Arkadaşlar bu bölümde sizlere Amazon FBA iş modelinde nasıl ürün araştırmanız ve seçmeniz 
gerektiğini anlatacağım. Bir önceki bölümde biraz giriş yapmıştık. Bütçe planlaması yaparak 
ürüne kaç para ayırmamız gerektiğini tespit etmiştik. Yani aslında ürün araştırırken ilk 
kriterimiz bütçemiz. Bütçenizi planlayın ve ona göre ürün araştırmaya başlayın. Bütçenizi aşan 
harika bir ürün bulsanız da mantıksız olacaktır. 
Amazon’da ürün araştırırken dikkat etmeniz gereken en önemli konu rekabet konusu. 
Biliyorsunuz Amazon’da milyonlarca satıcı var ve milyonlarca ürün satılıyor. Rekabetin az 
olduğu alanlar bulmanız ciddi satışlar yapmanızı sağlayacaktır. Tabi ki bu kolay bir şey değil. 
Diğer satıcılar ile aynı kriterleri kullanarak ürün araştırırsanız ve onların yaptıklarını yaparsanız 
rekabeti az ürün bulmanız veya rekabette öne geçebilmeniz gerçekten zor olacaktır. 
Rakiplerinizin bir adım önünde olmak içinde biraz çemberin dışından bakmanız gerekir. 
Örneğin kapalı kategoriler çemberin dışı içi güzel bir örnek. Genelde satıcılar kapalı 
kategorilerle uğraşmamak için onay istemeyen kategorilerde satış yapmaya başlarlar. Ama kapalı 
kategorilerde satış yapmak biraz uğraş istediği için daha az satıcı ve dolayısıyla daha az rekabet 
vardır. 
Çoğu Amazon eğitmeni ürünleri küçük seçmenizi tavsiye eder. Çünkü küçük ürünlerin kargo 
masrafları daha azdır. Bu yüzden bu ürünlerde ciddi bir satıcı yoğunluğu vardır. Ama biraz 
çemberin dışına çıkarak oversize ürünler seçerseniz çok az kişinin girdiği, rekabetin görece 
az olduğu alanlar bulabilirsiniz. Büyük ürünlerde tabi ki kargo fazla çıkacaktır ama ürünün satış 
fiyatı da ona göre yüksek olacaktır. Biraz araştırma yaparsanız bu tür ürünlerde daha fazla kar 
marjı ve daha az rekabet olduğunu göreceksiniz. 
Yine aynı şekilde bir çok kişi sezonsal ürünlerden kaçıyor. Neden? Çünkü sezonsal ürünleri 
gönderme ve satış zamanınızı iyi şekilde ayarlamazsanız ürünler elinizde kalabilir. Bu durum 
aslında olumsuz bir durum tabi ki ama bu işi iyi yönetirseniz aynı zamanda harika bir fırsat. 
Örneğin yazın satacak bir ürün seçtiyseniz yaz başlamadan 1–2 ay önce ürünleri gönderip ilk 
sayfalara gelmeniz gerekiyor ve yaz bitmeden de ürünlerin biteceği şekilde reklam 
kampanyalarınızı iyi şekilde yönetmeniz lazım. 
Bizim hedefimiz genel itibariyle satışın iyi olduğu ama rekabetinde makul seviyede olduğu 
ürün grupları bulmak. Peki satışın iyi olduğunu veya rekabetin makul seviyede olduğunu 
nasıl anlayacağız? 
Bu durumlar genel anlamda aslında sizin bütçeniz ve hedefiniz ile doğru orantılı. Eğer ayda 150–
200 ürün satmak hedefiniz varsa ve ayda ortalama 200 satan bir ürün bulduysanız, bu ürün grubu 
sizin için satış rakamları iyi bir kategoridir. Ama ayda 1000–1500 satma hedefiniz varsa ve 
ortalama 400–500 satan bir ürün grubu bulduysanız sizin için az satan bir ürün buldunuz anlamına 
gelir. 
Benim size tavsiyem 20–30 adet ürün fikri bulup verilerini bir tabloya kaydetmeniz, sonrasında 
bu ürün fikirlerini aşağıdaki kriterlere göre analiz ederek 3–4 ürüne kadar düşürmeniz. En son 
olarak da tedarikçilerden fiyatlar alarak kar marjına göre en iyi olan ürünleri seçerek başlamanız. 
Ben ortalama bir bütçe için hangi kriterleri esas almanız gerektiğini belirteceğim. Siz kendi 
bütçenize göre bazı değişiklikler yapabilirsiniz. Aşağıda yazacağım kriterlere göre bulduğunuz 
ürünleri analiz edebilirsiniz. 
• Aylık ortalama satış rakamları kaç? 
• Ürün fikrinin ana kelimesinde ilk sayfanın ortalama yorum sayısı kaç? 
• Ana kelimede ilk sayfada 500 yorum üzerinde kaç satıcı var? 
• Ana kelime ilk sayfasında en çok satan 20 satıcıdan kaç tanesi 50 yorum 
altı? 
• Ürün fikrinin ana kelimesinde rakip sayısı kaç? 
• Ürün fikrinin aylık kelime aranma hacmi 1000 üzerinde kaç kelime var? 
• Ürün fikrinin ortalama fiyat trendi nedir?Artıyor mu ? Stabil mi ? Azalıyor 
mu? 
• Ürünün trendi artıyor mu? azalıyor mu? stabil mi? 
• Ürünün kar marjı kaç? 
• Son olarak üründe bir fark yarattınız mı? veya rakiplerin olumsuz 
yorumlarını okuyup müşterilerin bir sorununu çözdünüz mü? 
Aslında burada en önemli soru en son soru. Üründe fark yaratmak rakiplerinizin bir adım 
önünde olmak için çok önemli. Rakip ürünlerin olumsuz yorumlarını okuyarak müşterilerin 
şikayet ve problemleri tespit edebilirsiniz. Eğer müşterilerin sorununu çözen ve daha iyi bir ürün 
ortaya koyarsanız kesinlikle rakiplerinizi geçebilirsiniz. 
Buradaki sorulara verdiğiniz cevaplara göre ürün fikrinizin iyi veya kötü olduğuna karar 
verebilirsiniz. 
 
Amazon FBA Ürün Araştırma-Analiz 
Programları 
 
 
Arkadaşlar Amazon’da satış yapmaya karar verdiyseniz ürün bulma aşaması sizin için en önemli 
aşamadır. Eğer yanlış ürün bulursanız diğer aşamaları ne kadar iyi yaparsanız yapın başarılı bir 
satış gerçekleştiremezsiniz. Ürün arama aşamasında manuel olarak ulaşabileceğinizden çok daha 
fazla bilgiyi size sağlayan ürün analiz araçlarından faydalanmanızı tavsiye ederim. 
Örneğin ürettirebileceğiniz veya kolay tedarik edebileceğiniz bir ürün buldunuz diyelim. 
Öncelikle bu ürün hakkında aylık satış miktarı, rakip sayısı, rakiplerin yorum sayısı ve yorum 
artış hızları, ürünün indekslendiği kelimeler, bu kelimelerin aranma hacimleri ve trendleri, kâr 
marjı, ürünün fiyat trendi ve son olarak lansman stratejinizi analiz etmelisiniz. 
Bu bahsettiğim analizi yapmazsanız başarılı olma ihtimaliniz çok az. Bu analizleri ise manuel 
olarak yapmanız neredeyse imkânsız. Yani Amazon’da başarılı satışlar yapmak istiyorsanız ürün 
analiz araçları sizin için olmazsa olmazınız. 
Burada Karşımıza Şu Soru Çıkıyor. Hangi Ürün Analiz Araçlarını Kullanmalıyım? 
Ücretli ve ücretsiz ürün analiz araçları mevcut. Ücretsiz ürün analiz 
araçlarını Camelcamelcamel, Keepa, AMZ base, Keyword tool, Sonar tool, Amazon FBA 
calculator(AMZ scout), Answer the public, Unicornsmasher, Ds Amazon quick view ve 
Ürün skor botu olarak sıralayabiliriz. 
 
Bu programlardan kısaca bahsedelim. Camelcamelcamel programı size popüler ürünler, 
ürünlerin fiyat geçmişi ve best seller rank hakkında bilgi verir. Keepa programı ise fiyat trendi ve 
buy box değişimi hakkında bilgi verir. Amzbase programı ASIN, ürün listeleri ve fba ücretleri ile 
ilgili bilgiler verir. 
Amazon dünya üzerinde en çok trafiği olan ürün arama motoru olduğu için ürün değil onun yerine 
kelime daha çok ön plana çıkıyor. Bundan dolayı da keyword tool ve sonar tool gibi kelime 
aranma hacimleri ve alternatif kelime opsiyonları hakkında bilgi veren programlar ürün 
listelemede işinize yarayacaktır. Bu araçlara ek olarak Amzscout uygulamasının ücretsiz 
sunduğu Amazon fba calculator programıyla karlılığınızı ölçebilirsiniz. Ürünle ilgili fark 
yaratmak ve sorunları gidermek maksadıyla Answerthepublic sitesini ziyaret etmenizi tavsiye 
ederim. 
Ücretsiz uygulamalarda son olarak bizim yaptığımız Ürün skor botundan bahsetmek istiyorum. 
Ürün skor botu ürüne karar verme aşamasında size bazı sorular sorarak ürüne 100 üzerinden bir 
puan vererek o ürünü satıp satmamanız konusunda size tavsiyeler veriyor. Ürün skor botununun 
sorularına bir analiz programı kullanarak cevap verebilirsiniz. 
Ücretli uygulamaları ise Helium 10, Viral launch, Jungle scout, AMZ scout, Sellics, Egrow, 
Cashcowpro, Amazeowl, Fbatoolkit ve Emparazon(Şu an ücretsiz) olarak sıralayabiliriz. 
Ücretli programlar arasında ürün analiz araçlarından en eski ve en çok bilineni olan Junglescout, 
veritabanında yaklaşık 450 milyon ürün bulunan Helium 10, ürünün potansiyeli hakkında daha 
tutarlı bilgiler veren Viral launch ve AMZ scout programları ön plana çıkmaktadır. Bizim 
geliştirdiğimiz Türkçe arayüzü olan Emparazon uygulaması ise size en çok aranan kelimeler 
üzerinden ürün arama konusunda çok faydalı olacaktır. 
Peki Genel İtibariyle Bu Uygulamalar Bize Ne gibi Veriler Sağlıyor? 
Amazon’da satış yapanların en çok kullandığı Helium 10 uygulaması üzerinde bir kaç örnek ile 
anlatayım. Genelde bu uygulamalar web uygulaması ve Chrome eklentisi şeklinde ikiye ayrılıyor. 
Web uygulamasında filtrelemeler kullanarak ürün araştırması yapabilirsiniz. Ayrıca ürünleriniz ile 
ilgili anahtar kelime araştırmalarını da web uygulaması içerisinde yapabilirsiniz. 
 
 
 
Chrome eklentisini ise Amazon sayfasında çalıştırıp oradaki ürünler hakkında veriler elde 
edebiliyorsunuz. 
 
 
Yukarıda bahsettiğim uygulama ve programlar ürün analizi konusunda ön plana çıkmış 
uygulamalardır. Bunlara alternatif daha birçok program bulunabilir. Benim size tavsiyem en az bir 
tane ücretli analiz programı kullanmanız yönünde. Bu analiz programları %100 doğru bilgi 
vermediği için aldığınız veriyi farklı bir programdaki veriyle kıyaslamanız gerekiyor. Başlangıç 
aşamasında ücretli analiz programındaki veriyi ücretsiz programlarla destekleyebilirsiniz fakat 
ilerleyen aşamalarda ikinci bir ücretli analiz programı işinize çok yarayacaktır. 
 
Amazon FBA Private Label Ürün 
Analizi Nasıl Yapılır? 
 
 
Ürün araştırma ile ilgili yazdığım yazıda da belirttiğim gibi Amazon’da bir çok ürün satılıyor ama 
sizin için en önemli nokta fırsatları bulmak. Fırsattan kastettiğim satışın iyi olduğu ama rekabetin 
görece az olduğu alanlar bulmak. Amazon’da kendi markanızı yaratarak satmak için bir çok ürün 
fikri bulduğunuzda, öncelikle onları bazı kriterlere göre analiz etmelisiniz. Sonrasında bu analiz 
sonucunda kıyaslama yaparak en iyi ürüne karar vermelisiniz. Peki bu analizi nasıl yapacaksınız? 
Bizim kendi ürünlerimiz için kullandığımız kriterleri adım adım sizlere detaylı olarak 
anlatacağım. Sizde bu kriterlere göre ürünlerinizi analiz edebilirsiniz. 
1. Ürün fikrinin trendi artıyor mu? azalıyor mu? stabil mi? 
Bir ürün fikri buldunuz diyelim. İlk bakacağınız kriter bu ürünün trendinin artıp azaldığıdır. Eğer 
ürün fikrinin trendi azalıyorsa bu ürünün satışları da azalacak demektir. Biz genel itibariyle trendi 
stabil olan veya artan ürünlere bakmanızı tavsiye ediyoruz. Ayrıca trendine baktığınızda ürünün 
sezonsal olup olmadığını da rahatlıkla anlayabilirsiniz. Ürün fikrinizin trendini anahtar kelimenizi 
Google Trends’e yazarak rahatlıkla öğrenebilirsiniz. 
 
2. Ürün Fikrinin Aylık Ortalama Satış Rakamları Kaç? 
Evet bir ürünün iyi mi kötü mü olduğunu anlamanın en önemli yollarından birisi satış sayısı. Tabi 
satışın çokluğu ve azlığı sizin hedefinize göre değişiklik gösterecektir. Aylık 300 ürün satmak 
istiyorsanız aylık 1000 satan bir ürün fikri sizin için çok iyi olabilir ama aylık 5000 ürün satmak 
isteyen birisi için az satan bir ürün fikridir. Ben size ortalama bir bütçe (3000–5000 dolar) için 
hangi rakamların neyi ifade edeceğini söyleyim. Aylık satış sayısı; 
• 0–200 arası ise biraz az satış var 
• 200–400 arası ise ortalama bir satış var 
• 400–700 arası ise iyi bir satış var 
• 700–1000 arası ise çok iyi bir satış var 
• 1000 üzeri bir satış varsa harika bir satış var anlamına gelir. 
Ürün fikrinizin en çok aranan ana kelimesini bulduktan sonra yazılımlar kullanarak bu verilere 
kolaylıkla ulaşabilirsiniz 
 
 
 
 
3.Ürün Fikrinin Ana Kelimesinde Rakip Sayısı Kaç? 
Eğer bir üründe satış varsa rekabette var demektir. Ama satışa oranla rekabetin az olduğu 
boşluklar bulmalısınız. Bir ürün fikrindeki rekabeti anlamak için ilk bakacağınız nokta rakip 
sayınızdır. Sizinle aynı veya benzer ürünü satanlar sizin için rakiptirler ve bazı ürünlerde bu 
rakamlar 10.000–20.000 oluyor, bazı ürünlerde ise 300–500 oluyor. Tabi ki 300–500 rakip ürünün 
olduğu yerler bizim için daha avantajlı. Çünkü ilk sayfaya gelmek ve satış yapmak bu ürün 
fikirlerinde daha kolay oluyor. Rakip sayınızın 300 olduğu bir kelimede ilk sayfaya gelmek 3 gün 
sürerken, 10.000 rakibin olduğu kelimede ilk sayfaya gelmek 10–15 gün sürebiliyor. Ayrıca fazla 
rakibin olduğu ürünlerde daha fazla reklam harcaması yapmanız gerekiyor. PPC reklamları teklif 
üzerinden olduğu için en iyi teklifi veren en önde görünüyor. Ne kadar çok rakip varsa o kadar 
teklif veren olacağı için rakip sayınızın 300 olduğu yerde 1 dolar teklif ile ön sayfada görünürken, 
10.000 rakibin olduğu kelimede 2–3 dolar teklif ile ön tarafta görünebiliyorsunuz. 
Rakip sayınızı Amazon’daki kelimedeki çıkan sonuç sayısından veya Helium 10 gibi yazılımlar 
kullanarak öğrenebilirsiniz. Helium’da kelime araştırması yaptığınızda Competing 
Products bölümünden rakip sayısını öğrenebilirsiniz. 
 
4.Ürün Fikrinin Ana Kelimesinde İlk Sayfanın Ortalama Yorum Sayısı Kaç? 
Ürünü ilk defa satmaya başladığınızda sizin yorum sayınız 0 olacaktır. Sürekli yorumlar alarak 
artıracaksınız ama rakiplerinizin yorum sayısı 1000–2000 seviyesinde ise işiniz biraz zor ne yazık 
ki. İnsanlar çoğunlukla daha fazla yorumu olan ürünleri daha az yorumu olanlara tercih ediyorlar. 
Sizde bir ürün alacağınız zaman ürünün yorum sayısına bakarak ne kadar iyi bir ürün olup 
olmadığını anlamaya çalışıyorsunuzdur. O yüzden rakiplerin yorum sayısı çok fazla ise bizim için 
rekabet biraz zor olacak anlamına gelir. O yüzden rakiplerin ortalama yorumlarının 500 üzerinde 
olmasını istemiyoruz. 100–200 altında bir ortalama varsa da çok iyi bir fırsat var demektir. Fazla 
rekabetin olmadığını yorum sayısından anlayabilirsiniz. 
5.Ana Kelime İlk Sayfasında En Çok Satan 20 Satıcıdan Kaç Tanesi 50 Yorum Altı? 
Bu sorunun amacı aslında bizim gibi yeni piyasaya çıkmış ve iyi satan ürünler var mı onu bulmak. 
İlk sayfaya gelmiş, iyi satan ve 50 yorumdan az yorumu olan ürün yakın zamanda lansmanı 
yapılmış bizim ürünümüz gibi bir üründür. Eğer bir ürün grubunda bu şekilde rakipleriniz varsa 
bunlar rekabetin görece az olduğunu gösterir. Bu şekilde 50 den az yorumu olupta ilk sayfaya 
gelip satabiliyorsa biz de satabiliriz diye düşünebilirsiniz. Çünkü sizde hızlıca 40–50 yoruma 
ulaşabilirsiniz. İlk 20 satıcıdan 4–5 tanesi bu şekilde 50 yorum altında ise rekabet biraz az 
demektir. 
6.Ana kelimede ilk sayfada 500 yorum üzerinde kaç satıcı var? 
Bu sorunun amacı da satmayı düşündüğünüz kategoride satışları domine etmiş 500 üzeri yoruma 
ulaşmış satıcılar var mı onu anlamak. Bir kategoride 1000–2000 yorumu olan 2–3 satıcı bütün 
satışları alıyorsa işiniz zor demektir. Ürün fikrine karar vermeden önce bu şekilde satışları domine 
etmiş marka veya ürün olup olmadığını kesinlikle kontrol etmelisiniz. Kelimelerde hangi 
ürünlerin satışların yüzde kaçına sahip olduğunu Emparazon uygulaması ile rahatlıkla 
öğrenebilirsiniz. 
 
7.Ürün Fikrinin Aylık Kelime Aranma Hacmi 1000 Üzerinde Kaç Kelime Var? 
Ürün fikrinizin iyi olup olmadığını kelimelerin aranma hacimlerinden rahatlıkla anlayabilirsiniz. 
Biliyorsunuz insanlar çoğunlukla ürün araştırırken anahtar kelimeler kullanıyorlar. Rakiplerinizin 
hangi kelimelerde indekslendiğini ve hangi kelimelerde satış yaptığını Helium 
10 ve Emparazon gibi uygulamalarla öğrenebilirsiniz. 
Ürün fikrinizin kelimelerinden aylık olarak 1000 aramadan yüksek 15–20 kelime olması ürünün 
iyi olduğu anlamına gelir. Bu kelimelerde sizde ilk sayfalara geldiğinizde iyi satışlar 
yapabilirsiniz. Ayrıca tabi ki bu kelimelerin trendleri de çok önemli. Trendlerinin artıyor olması 
ürünün de satışlarının artacağı anlamına gelir 
 
8.Ürün Fikrinin Ortalama Fiyat Trendi Nedir?Artıyor mu ? Stabil mi ? Azalıyor mu? 
Bir ürüne karar verirken ürünün fiyat trendini de inceleyin. Genel itibariyle fiyat trendinin artıyor 
olması iyiye işarettir. Fiyat trendi azalıyorsa rakip sayısı artmış ve fiyat kırmışlar anlamına gelir. 
Ayrıca ürün karlılık analizi yaparken ürün fiyatı üzerinden hesap yapacaksınız. Ürün fiyatını o 
anki fiyattan değerlendirirseniz hata yaparsınız. Belki de özel günler dolayısıyla fiyatlar artmış 
veya azalmış olabilir. O yüzden ürün fiyatlarının geçmişinide incelemeniz gerekiyor. Keepa ve 
Helium 10 araçlarını kullanarak fiyat geçmişlerini inceleyebilirsiniz. 
 
 
9.Ürünün Kar Marjı Kaç? 
Ürün fikrinizin iyi olduğuna karar vermeden önce tabi ki tedarikçilerden fiyatlar almalı veya en 
azından Alibaba’dan tedarikçilerin fiyatlarını incelemelisiniz. Üretim maliyetini kabaca 
hesapladıktan sonra ürünün karlılığını hesaplamalısınız. Kar marjınız eğer %50 üzeri ise süper, 
eğer %25 altı ise çok kötü demektir. Çünkü kar marjınız az olduğunda PPC reklamları 
yaptığınızda kar marjınız reklam giderlerine gidecektir. Private label iş modelinin en iyi yanı 
ürettirdiğiniz ürünleri kendi markanızla kar marjı yüksek şekilde satmaktır. Ürünleriniz ile ilgili 
kar hesaplamasını Amazon Revenue Calculator ve Helium 10 Profitability Calculator ile 
hesaplayabilirsiniz. 
 
10.Son Olarak Üründe Bir Fark Yarattınız Mı? Veya Rakiplerin Olumsuz Yorumlarını 
Okuyup Müşterilerin Bir Sorununu Çözdünüz Mü? 
Ürün analizinde en çok önem verdiğimiz nokta fark yaratmak. Fark yaratabildiğinizde rakebet çok 
olsa bile şansınız artabiliyor. Fark yaratırken de en önemlisi insanların sorununu çözün bir fark 
yaratmanız. İnsanların işine yaramayan bir fark yaratırsanız anlamsız olacaktır. 
Bizim fark yaratmada en çok kullandığımız yöntem rakiplerimizin olumsuz yorumlarını okuyup 
analiz ederek müşterilerin sorunlarını çözmek. Bir sorunu çözer ve o şekilde bir ürün ortaya 
koyarsanız müşteriler yorumunuz az da olsa veya fiyatınız pahalı da olsa sizi tercih edecektir. 
Ayrıca beraber satılan ürünleri bulup bundle yaparak veya farklı bir kutu tasarlatarak da fark 
yaratabilirsiniz. 
Ürünler ile ilgili fark yaratmak veya ürün fikirlerini kıyaslamak için answer the public ve 
pickfu gibi siteleri kullanabilirsiniz. 
Bulduğunuz ürün fikirlerini yukarıda anlattığım kriterlere göre analiz ederek bir kaçına karar 
verebilirsiniz.  
 
 
 
Türkiye mi Çin mi? Amazon’da 
Satmak için Hangi Ülkeden Ürün 
Tedarik Etmeliyim? 
 
 
[...]
lar-TL farkı olsun, ekonominin gidişatı olsun 
çok cezbedici bir tablo yok maalesef. Dolayısıy-
la Türkiye’de bir iş yapıyorsanız, ihracat yap-
mak sizi kurtaracak bir etki oluşturabilir
Ticaretinizi Türkiye’de yaparken bir yandan 
da aynı ürünleri Dünya’ya da satmaya çalışma-
nızı tavsiye ederim. Bir pazara bağlı olmaktan-
sa birkaç pazarda satmanız sizin için riski düşü-
rür ve iyi stratejilerle kazancınızı arttırmanızı 
sağlar.
Bu işe de tabii ki de en başta AMAZON ile 
başlamanızı tavsiye ederim. Amazon şu anda 
dünyanın en büyük pazarı. Gelir olarak Tür-
kiye’nin gelirinden daha fazla geliri var. Aylık 
Amazon ziyaretçisi sayısı yaklaşık 3 milyar. Bu 
rakam şu an Trendyol’un 15 katı. 
TL ile üretip, masraflarınızı karşılayıp, ihra-
cat yaparak dolar, euro, pound kazanmak bence 
şu anda sizin için çok kazançlı olacaktır. Burada 
en önde gelen platform Amazon’dur. Avantajla-
rı da oldukça fazla. Örnek olarak Türkiye’de ol-
mayan bir satış modelinden kısaca bahsedeyim.
Bu Amazon FBA modelidir. Bu modelde 
ürünleri siz toplu olarak gönderiyorsunuz, 
ürünler amazon depolarına giriyor, daha sonra 
ürünler satıldığında amazon bu ürünleri kendi-
si kargoluyor ve müşterilere 2 gün içinde ulaş-
tırmaktan Amazon sorumlu oluyor. İadeler ve 
müşteri hizmetleri ile Amazon ilgileniyor. Siz 
buradan ürünlerinizi gönderdikten sonra sa-
dece satışları yönetiyorsunuz. Türkiye’de satış 
yaparken kargo ile uğraşmanız, iadelerle ilgi-
lenmeniz, müşteri hizmetlerini yapmanız sizin 
için yorucu olabilir. Bence Türkiye’de sattığı-
nız ürünleri dünyadaki platformlarda da satın. 
Hem Türkiye’de TL kazanın hem de Amazon-
dan dolar kazanın. Bu şekilde ilerlerseniz çok 
daha başarılı sonuçlara ulaşabilir ve yeni gelir 
kaynaklarına sahip olabilirsiniz.
Sizlere bu işleri nasıl yapabileceğinize dair 
birçok konuyu anlattım. Bu eğitimi okudu-
ğunuzda Trendyol’a yeni başladıysanız ya da 
Trendyol’da hali hazırda satış yapıyor fakat iyi 
durumda değilseniz bence kendinizi geliştire-
bileceğiniz çok fazla şey öğrenmiş olmalısınız. 
Artık bu öğrendikleriniz ile aksiyona geçmeniz 
gerekir.
DÜNYAYA AÇILIN
. V .
S a y f a  7 8 A’ D A N  Z ’ Y E  T R E N D Y O L  E Ğ İ T İ M İ
Bu konuların tabii ki daha fazla detayları 
var. Bunları nasıl öğrenebilirsiniz? Bu biraz 
sizin zamanınıza bağlı. İsterseniz araştırarak 
öğrenebilirsiniz. Trendyol’un kendi akademisi 
var, oradan da bilgi sahibi olabilirsiniz. Youtu-
be’dan videolar ile öğrenebilirsiniz ya da eği-
timler alarak, danışmanlarla ilerleyebilirsiniz. 
Birçok yöntem var. Bunlara siz karar verecek-
siniz. Bunlar biraz daha hızınıza ve araştırma-
cı olmanıza bağlı. Eğer araştırmacı biriyseniz 
youtube’dan, trendyol’dan araştırarak öğrene-
bilirsiniz. Daha düzgün, sistematik ilerlemek 
istiyorum derseniz. Eğitimler bu konu ile ala-
kalı olarak çok daha hızlı bir şekilde sizi adapte 
edecektir.
Trendyol eğitimi burada sona erdi. Son iki 
bölümde Trendyol ile ilgili araştırma raporu 
ve 2020 yılı E-Ticaret Raporunu inceleyeceğiz. 
Trendyol eğitimi umarım faydalı olmuştur. 
Ayrıca Udemy platformunda birçok eğitim 
bulabilirsiniz.
Amazon, e-ticaret, n11, Trendyol ve daha 
fazla konuda eğitimlerime ulaşabilirsiniz.
Şu anda 220.000 üzerinde öğrencim var.
15.000 üzerinde yorum yapılmış.
4.6 eğitmen puanım oluşmuş durumda.
Eğer ticaretinizi dünyaya taşımak istiyor-
sanız, ben size özellikle uzmanlık alanım olan 
Amazon eğitimlerini tavsiye ederim. 
Dünya’da e-ticaret yapmak istiyorsanız 
Amazon bu iş için çok güzel ve kazançlı bir pa-
zar yeri.
Amazon ile ilgili bir başlangıç kitabına sa-
hip olmak isterseniz. Bize ulaşarak 100 sayfalık 
“Amazon Başlangıç Rehberi” ne sahip olabilir-
siniz.
. V .
VTv
25
S a y f a  7 9A’ D A N  Z ’ Y E  T R E N D Y O L  E Ğ İ T İ M İ
Bağımsız araştırma kuruluşu PAL, Trendyol’un Türkiye ekonomisine etkilerini inceledi. Bu 
rapordan bazı verileri aşağıda sizinle paylaşmak istiyorum.
TRENDYOL’UN TÜRKİYE 
EKONOMİSİ ÜZERİNE
ETKİLERİ
. V .
S a y f a  8 0 A’ D A N  Z ’ Y E  T R E N D Y O L  E Ğ İ T İ M İ
. V .
VTv
26
S a y f a  8 1A’ D A N  Z ’ Y E  T R E N D Y O L  E Ğ İ T İ M İ
E-TİCARET RAPORU
2020 YILI
Bu bölümde T.C. Ticaret Bakanlığının yayımlamış olduğu 2020 Yılı E-Ticaret Raporunu de-
ğerlendireceğim. Bu istatistiklere https://www.eticaret.gov.tr ‘den siz de ulaşabilirsiniz.
Öncelikle e-ticaret faaliyetinde bulunan işletmeniz varsa ya da e-ticaret yapmak istiyorsanız 
bu verileri okumanızı tavsiye ederim. Çünkü aşağıdaki verilerde de bunu çok net bir şekilde an-
layacaksınız. Artık e-ticarette öne çıkabilmek için verilere daha çok hakim olmak gerekmekte-
dir. Ticaretinizi geliştirmek ve genişletmek için bu veriler ışığında hareket etmek ve veri analizi 
yapmak günümüzde gereklilik haline gelmiştir.
E-ticaret faaliyetinde bulunan işletme sayılarının 2019 ile 2020 yılları arasındaki değişimine 
göz atalım.
Pazar yerlerinde faa-
liyet gösteren işletme sa-
yısı %331 artış göstermiş-
tir. Bu istatistik ticaretin 
gittiğini noktayı bize çok 
çarpıcı bir şekilde gös-
termektedir. E-ticaretin 
hızlı yükselişine birde 
Covid-19’un etkisi ekle-
nince artış çok daha hızlı olmuştur. İşletmelerin kapalı olması ve insanların da evlerinde otu-
ruyor olması ticaretin gelenekselden, internet ortamına geçmesinde büyük bir ivme kazan-
dırmış ve şu anda e-ticaret çok ciddi seviyelere ulaşmıştır. Burada rakamsal olarak 247 bin 
işletme hesap açmış olarak görünüyor olsa da aktif satıcı rakamları buna göre daha azdır. En 
son Trendyol ile yaptığımız görüşmede bu aktif satıcı sayısının 120-130 bin olduğunu fakat her 
ay 10-15 bin aralığında yeni satıcıların eklendiğini söylemektedirler. (Bu hızla devam edeceği-
ni düşünürsek, 2021 yılı sonunda pazar yerlerinde satış yapan işletme sayısı tahminen 350-400 
binlere ulaşacaktır.
. V .
S a y f a  8 2 A’ D A N  Z ’ Y E  T R E N D Y O L  E Ğ İ T İ M İ
Şimdi bu satıcıların ka-
çının hangi şehirde olduğu-
na bakalım. Doğal olarak 
İstanbul %43 oran ile açık 
ara önde bulunmaktadır. 
Ardından Ankara ve İzmir 
onu takip etmektedir. Ar-
dından sırasıyla diğer bü-
yük şehirler gelmektedir.
2019 yılında 136 milyar 
TL olan e-ticaret hacmi 
%66 artış göstererek 2020 
yılında 226.2 milyar TL’ye 
ulaşmıştır. E-ticaret sipariş 
sayıları da 2019 yılına göre 
%68 artış göstererek 2.29 
milyar adet siparişe ulaş-
mıştır.
Diğer yandan ihracatın 
içinde artık e-ihracat da 
belli bir paya sahip olmaya 
başlamıştır. Günümüzde 
bizim şirketimiz gibi birçok 
işletme e-ticaret yaparken, 
e-ihracatta yapmaya başla-
mıştır. Şu an için bu oran 
genel ihracatın %1.3’ünü 
oluşturmaktadır. Önümüz-
deki yıllarda çok daha hızlı 
artacaktır. 
. V .
VTv
S a y f a  8 3A’ D A N  Z ’ Y E  T R E N D Y O L  E Ğ İ T İ M İ
E-ticaret ile geleneksel ticareti karşılaştırmamız gerekmektedir. Genel olarak geleneksel ti-
caretin payı e-ticaretin payına göre çok daha fazladır. Fakat bu trend hızlı bir şekilde değişmek-
tedir. E-ticaret, geleneksel ticaret ile aynı seviyeye geliyor diyebiliriz. Aşağıdaki grafikte, gele-
neksel ticaret ve e-ticaret arasındaki farkı görebilirsiniz.
2020 toplamında 226.2 milyar TL e-ticaret yapılmışken genel ticaret 1431 milyar TL seviye-
sindedir. (Tabloda 2020 yılında geleneksel ticaretin 2019 yılına göre artışı sadece %3’tür. Fakat 
2020 yılında e-ticaret 2019 yılına göre %66 artış göstermiştir. Artışı kıyasladığımızda e-ticaretin 
yükselişi, geleneksel ticaretin yükselişinin 22 katıdır. Bu rakam ticaretin, hangi şekilde devam 
edeceğinin en büyük göstergelerinden birisidir.
. V .
S a y f a  8 4 A’ D A N  Z ’ Y E  T R E N D Y O L  E Ğ İ T İ M İ
Bir sonraki tabloda, e-ticaretin geleneksel ticarete oranını göreceğiz. 2019 yılında e-ticaretin 
genel ticarete oranı %8’lerde iken 2020 sonlarında bu rakam %18-19’lara çıkmış durumdadır. Bu 
tablodan, e-ticaretin artışının ne kadar hızlı olduğunu görebilirsiniz. E-ticaretin giderek gele-
neksel ticareti yakalayacağını düşünüyorum. Bu oran şu anda Amerika’da yaklaşık olarak %50-
%50 seviyesindedir ve e-ticaretin oranı giderek artmaktadır.
Şimdi de hangi kategorilerde hangi sektörlerde bu artışın daha fazla olduğunu inceleyelim. 
Beyaz eşya ve küçük ev aletlerinde %129 ile ciddi bir artış olmuştur. Oransal olarak en büyük ar-
tışta %283 ile gıda ve süpermarket alanında gerçekleşmiştir. Tabii ki neredeyse bütün alanlarda 
artış vardır.
. V .
VTv
S a y f a  8 5A’ D A N  Z ’ Y E  T R E N D Y O L  E Ğ İ T İ M İ
Bunun yanında azalış gös-
teren sektörler de olmuştur. 
Covid-19’un çok ciddi etkile-
diği havayolları, seyahat ve 
konaklama, eğlence ve sanat 
gibi sektörlerde bu düşüş ya-
şanmıştır.
Ödemelerin nasıl yapıldığına dair bir istatistik aşağıda verilmiştir. Kartlı işlemlerin sepet tutar-
ları, havale/eft ile ödeme ve kapıda ödeme ile yapılan işlemlerin sepet tutarına göre çok daha fazla-
dır. Ortalama sepet tutarı da yaklaşık 100 TL’dir. Bu bilgi bence ürünlerimizin fiyatlarını belirleme 
ve sepette ekstra ürün ekleme tavsiyeleri yapma konusunda satıcılar için önemli bir bilgidir.
. V .
S a y f a  8 6 A’ D A N  Z ’ Y E  T R E N D Y O L  E Ğ İ T İ M İ
Cinsiyete göre dağılımın gösterildiği görsel aşağıdadır. Burada erkeklerin kadınlara göre 
daha fazla alışveriş yaptığı görülmektedir. Diğer yandan platform türlerine göre hangi plat-
formda daha aktif olarak alışveriş yapıldığını görüyoruz. %63 oranında mobilden, %25 oranın-
da web üzerinden alışveriş yapılmaktadır.    
Burada satıcıların satış sayfalarının mobile uyumlu olması ve mobil uygulamalar kullanma-
sının ne kadar önemli olduğu anlaşılmaktadır.
Diğer bir istatistikte en fazla alışveriş yapan iller gösterilmektedir.
. V .
VTv
S a y f a  8 7A’ D A N  Z ’ Y E  T R E N D Y O L  E Ğ İ T İ M İ
Burada biraz şaşırtıcı bir istatistik ile karşılaştım. E-ticaretin günlere göre dağılımı… Normal-
de hafta sonu satışlarının daha yüksek olacağı düşünülse de  en düşük oranlar hafta sonu gerçek-
leşmiştir. Pazartesi ve salı günlerinin hacmi diğer günlere oranla daha yüksek durumdadır. Yine 
burada bence verileri okumanın ne kadar önemli olduğu ortaya çıkıyor. Örnek verecek olursak ve-
rileri okumayan, istatistiklere bakmayan bir satıcı kendince hafta sonu satışlarının iyi olacağını 
düşünerek hafta sonu için kampanya yaptığında satışlarındaki artış, verileri analiz ederek pazar-
tesi ve salı günü kampanya yapan satıcıya göre çok daha düşük olacaktır.
Aylara göre dağılım tablosunuda baktığımız zaman, Kasım ve Aralık aylarının öne çıktığını gö-
rüyoruz. Bunun sebebi, pazar yerlerinin bu aylarda ekstra kampanya yapmalarını gösterebiliriz. 
Bu kampanyalar sayesinde çok yüksek sayılarda satışlar yapılabilmektedir. 
. V .
S a y f a  8 8 A’ D A N  Z ’ Y E  T R E N D Y O L  E Ğ İ T İ M İ
Yandaki görselde ise Ti-
caret Bakanlığının E-Ticaret 
Bilgi Platformunu kullanan 
kullanıcılara ilişkin istatistik-
ler yer almaktadır. Bu da bize 
E-Ticaretle ilgilenenler hak-
kında bilgi veriyor.
Bir sonraki veride işletmelerin kaç aracı hizmet sağlayıcı ile çalıştığını göstermektedir. Aracı 
hizmet sağlayıcı kapsamında, ağırlıklı olarak satış platformları bulunmaktadır. Bunun yanın-
da e-mail hizmetleri ve benzeri alanlarda aracı hizmet sağlayıcılar kapsamına alınmıştır. İşlet-
meler %72 oranında bir aracı hizmet sağlayıcı bünyesinde satış yapmaktadırlar. Bu oran bana 
göre; ilerleyen dönemde düşecektir. Çünkü satıcılar çoğu platformda olmak isteyeceklerdir. Bu 
konuda platformlar da artık birbirleri ile rekabet ettikleri için üç-dört platform da birden satış 
yapan işletme sayılarının artacağını düşünüyorum.
. V .
VTv
S a y f a  8 9A’ D A N  Z ’ Y E  T R E N D Y O L  E Ğ İ T İ M İ
Yukarıdaki istatistiklerde; ödeme yöntemi olarak çoğunlukla kartlı işlemler olsa da havale-eft 
ile ödeme oranlarının da belirli oranda yer tuttuğunu, ayrıca E-Ticaret gönderilerinin toplam 
gönderilerdeki payının yüzde altmış olduğunu görüyoruz.
Aşağıdaki görselde de sektörlere göre iade-iptal işlemlerinin dağılımlarını görülmektedir.
. V .
S a y f a  9 0 A’ D A N  Z ’ Y E  T R E N D Y O L  E Ğ İ T İ M İ
Bu veri ay bazında artışların önceki yıla göre nasıl gerçekleştiğini göstermektedir. İn-
celediğiniz de genel olarak artışların çok ciddi rakamlar olduğunu görebilirsiniz.
Yukarıdaki verilerde sektör bazlı taksitli ve peşin alışveriş oranları ile sepet tutarları 
verilmiştir.
. V .
VTv
S a y f a  9 1A’ D A N  Z ’ Y E  T R E N D Y O L  E Ğ İ T İ M İ
Görüşmek üzere. İyi günler.
Ticaret Bakanlığının yayınlamış olduğu bu 
raporu sizde inceleyebilirsiniz. İncelemenizin 
faydalı olacağını düşünüyorum. E-ticaret hac-
minin ne kadar arttığını sizde gördünüz. Tabii 
ki burada rekabetin giderek artacağı ortadadır. 
Hacim giderek artmakta, birçok insan giderek 
internetten alışveriş yapmaya başlamaktadır. 
Ama bizim için burada en önemli olan konu re-
kabettir. 
Rekabet de doğal olarak hızla artıyor. Hatır-
latmak isterim ki şu an 256 bin işletme e-tica-
rette faaliyet göstermektedir. Bu rakam 2019 
yılında, sadece 68 bin kişiydi. 2021 yılında aca-
ba kaç olacak? Rekabet arttıkça, bu alanlarda 
fark ortaya koymak gereklilik haline gelmiştir. 
Marka oluşturmak ön plana çıkmakta, Farklı 
satış taktiklerini kullanmak ön plana çıkmak-
ta, pazar yerlerinin algoritmalarını iyi anlaya-
rak yenilikçi satış taktiklerini etkili bir şekilde 
kullanmak ön plana çıkmaktadır.
Türkiye, e-ticaret alanında hızlı gelişen ve 
büyüyen bir ülkedir. Diğer ülkelere kıyasla bu 
alanda çok hızlı ilerleyen bir ülkeyiz.
Peki, satıcı ya da satıcı adayı olarak bizi neler 
ilgilendiriyor? Öncelikle Rakiplerimizin çok 
arttığını bilmek gerekiyor. Rakipler arttıkça da 
kar marjları yavaş yavaş düşecektir. Bu sebeple 
fark ortaya koymak, daha iyi satıcı olmak, daha 
bilgili satıcı olmak önemli hale geliyor. Daha 
da önemlisi verileri kullanarak, okuyarak satış 
yapmak çok önemlidir. Burada bir örnek vere-
rek daha detaylı açıklamak istiyorum; 
Ürünleriniz var ve güzel satış yapıyorsunuz 
ama mevsimsel olarak hangi ürün hangi ürün-
den daha çok satar?
 Hangi ürün daha az satar? 
 Daha iyi hangi ürün satar? 
Ürünle alakalı geliştirme nasıl yapılabilir? 
Daha iyi nasıl satış yapılabilir?
Bunları değerlendirmeniz gerekmektedir. 
Verileri kullanarak daha fazla satış yapma im-
kanınız olacaktır. Rakiplerinizden bir adım 
önde olmak istiyorsanız daha çok verileri kul-
lanmakta fayda vardır. Bu verilerle kendi işini-
zi, ticaretinizi daha rahat yönetir ve yönlendi-
rebilirsiniz.
A’DAN Z’YE
TRENDYOL
EĞİTİMİ
https://www.mehmetek.com/
https://www.instagram.com/meh.met.tek
https://www.youtube.com/c/mehmettek
https://twitter.com/temhemket
M E H M E T  T E K
E - T İ C A R E T  E Ğ İ T M E N İ
2 0 2 1
g ö r s e l : p e x e l s . c o m /  T a r y n  E l l i o t t

]]></system-out>
    <system-err><![CDATA[Ağu 29, 2023 10:27:11 ÖÖ org.openqa.selenium.devtools.CdpVersionFinder findNearestMatch
WARNING: Unable to find an exact match for CDP version 116, so returning the closest version found: 115
]]></system-err>
  </testcase>
  <testcase name="TC52" classname="Ekitaplar Page" time="23.295">
    <system-out><![CDATA[Dosya içeriği: ETSY
KURALLARI
M E H M E T  T E K
E-TİCARET - START UP - GİRİŞİMCİLİK
Etsy Kuralları - Mehmet Tek2
Herhangi bir e-ticaret platformunda satışa başla-
madan önce o platformun kurallarını öğrenmeniz gerekir. 
Eğer bu kuralları okumadan, öğrenmeden satışa başlarsa-
nız birçok sıkıntı yaşayabilirsiniz. ETSY’de bu platformlardan 
bir tanesidir ve benzersiz bir pazar yeridir (Alıcılar, başka 
hiçbir yerde bulamayacakları ürünleri satın almak için bu-
raya gelirler). Bu kapsamda ETSY kuralları oldukça önem-
lidir. Bu kurallara dikkat edilmez ise hesap açılımında bile 
sorun yaşanabilir ve daha satışa başlamadan mağazanız 
kapanabilir.  Satışa başladınız ve her şey yolunda gidiyor 
bile olsa yine de kurallara uymadığınız bir durum olur ise 
mağazanız kapanabilir ya da ceza alabilirsiniz. 
Mehmet Tek - Etsy Kuralları 3
Etsy
Kuralları
Etsy’de ne satılır? Handmade, digital, vintage and craft 
supplies. 
Vintage ürünler en az 20 yaşında olmalıdır.
Craft Supplies (El Sanatları Malzemeleri), birincil amacı 
bir eşyanın veya ürünün üretilmesinde kullanılan araçlar 
ve malzemelerdir.
Bir üretim ortağıyla çalışıyorsanız, o üretim ortağını il-
gili listelerinizde açıklamanız gerekir. Mağazanızda-
ki bir ürünün yapımında yer alan her kişiyi hakkında 
bölümünde doğru bir şekilde tanımlamalısınız. 
Handmade (El yapımı), satıcı olarak sizin tarafınızdan 
yapılan ve/veya tasarlanan ürünlerdir. 
Kendi fotoğraflarınızı veya video içeriğinizi kullanma-
lısınız.
Stok fotoğrafları veya diğer satıcılar, siteler tarafından 
kullanılan fotoğrafları kullanmamalısınız.
Anlaşmazlıkları doğrudan alıcıyla çözün. Bir çözüme ul-
aşamamanız gibi pek olası olmayan bir durumda Etsy 
yardımcı olabilir.
Bir siparişi tamamlayamıyorsanız, alıcıyı bilgilendirmeli 
ve siparişi iptal etmelisiniz.
Satıcı olarak sizin yapmadığınız veya tasarlamadığınız 
bir ürünü alıp satmaya “reselling” denir ve vintage ile 
craft supplies (El sanatları salzemeleri) dışında kalan 
diğer kategorilerde bunu yapmak yasaktır.
Etsy Kuralları - Mehmet Tek4
Mesajlar, Aşağıdaki Faaliyetler 
İçin Kullanılamaz
İstenmeyen reklam veya promosyonlar, bağış talepleri 
veya spam göndermek.
Sizden açıkça yapmamanızı istedikten sonra biriyle ile-
tişime geçmek. 
Bir işleme veya başka bir üyenin işine müdahale etmek. 
Telefon numarası, adres, e-posta, sosyal medya adres-
leri, harici URL’ler, para transferi talimatları vb. dahil ol-
mak üzere Etsy’deki ödeme sürecinden kaçınmak ama-
cıyla kişisel iletişim, finansal veya diğer bilgileri vermek. 
Başka bir üyeyi taciz etmek veya Ayrımcılıkla Mücadele 
Politikasını ihlal etmek.
https://www.etsy.com/legal/policy/anti-discrimina-
tion-and-hate-speech/123551108902#:~:text=Whet-
her%20you’re%20engaging%20with,hate%20speech%20
are%20not%20allowed
Mehmet Tek - Etsy Kuralları 5
Yasak Olan 
Bazı Hareketler
Başka bir üyeyi belirli bir mağazadan uzaklaştırmak için 
Etsy Mesajları aracılığıyla iletişime geçmek.
Tıklama sahtekarlığı” olarak da bilinen, üyenin reklam 
bütçesini boşaltmak için bir rakibin Tanıtılan Listeleme 
reklamlarına kötü niyetli bir şekilde tıklamak.
Başka bir mağazanın olumsuz yorumlarını kötü niyetli 
olarak desteklemek için bağımsız bir alıcı hesabı oluş-
turmak veya kullanmak. Başkalarının fikri mülkiyetine 
saygı gösterin. Birinin fikri mülkiyet haklarınızı ihlal ettiğini 
düşünüyorsanız, bunu Etsy’ye bildirebilirsiniz.
Fiyatlandırmayı diğer satıcılarla koordine etmeyin.
Bir anlaşmazlığı göstermek veya tartışmak için kamuya 
açık alanlarda yayınlamak
Etsy Kuralları - Mehmet Tek6
Hesap Kapanma ve 
Suspend Nedenleri
Dropshipping yapmak
Kategori hataları (Vintage & Handmade)
Müşterilere spam mesaj atmak
Kötü hizmet vermeniz (Paketleme, Kargo, Ürün hataları 
vb.)
Müşterilere rüşvet teklif etmek 
Telif hakkı ihlalleri
Rakiplerinizin reklamlarını bitirmek
Rakiplerle anlaşıp fiyatları ayarlamak.
Etsy faturalarını ödememek
Birden çok hesap açabilirsiniz, ancak birisi kapanırsa 
hepsi kapanıyor.
Mağaza üyeleri ve üretim ortaklarını belirtmemek
Her şey hesap sahibi adına olmalı, örneğin banka hesa-
bı başkası adına olunca kapanıyor.
Başka kişilerin ödeme bilgilerini kullanmak (Üye olarak 
ekleyin)
Farklı mağazalarınız olabilir, ama aynı ürünleri satamaz-
sınız
Mehmet Tek - Etsy Kuralları 7
Hesabınız
Kapanırsa
İçerde kalan paranızı 180 gün sonra alabiliyorsunuz
Yeni mağaza açacaksanız farklı bilgisayar ya da telefon 
kullanın
Önemli bir kural ihlali yapmadığınızı düşünüyorsanız, 
Etsy support bölümüne ya da integrity@etsy.com mail 
adresine aşağıdaki şekilde bir mail atarsanız, ortalama 
3-5 gün içinde hesabınız tekrar açılabilir.
Aynı resimleri kullarak yeni mağaza açmayın
M E H M E T  T E K
E - T İ C A R E T  E Ğ İ T M E N İ
Instagram Youtube Ücretsiz Amazon Eğitimi Whatsapp
E T S Y
KURALLARI

]]></system-out>
    <system-err><![CDATA[Ağu 29, 2023 10:27:31 ÖÖ org.openqa.selenium.devtools.CdpVersionFinder findNearestMatch
WARNING: Unable to find an exact match for CDP version 116, so returning the closest version found: 115
]]></system-err>
  </testcase>
</testsuite>